[0.226s] DEBUG:colcon:Command line arguments: ['/usr/bin/colcon', 'build']
[0.226s] DEBUG:colcon:Parsed command line arguments: Namespace(log_base=None, log_level=None, verb_name='build', build_base='build', install_base='install', merge_install=False, symlink_install=False, test_result_base=None, continue_on_error=False, executor='parallel', parallel_workers=8, event_handlers=None, ignore_user_meta=False, metas=['./colcon.meta'], base_paths=['.'], packages_ignore=None, packages_ignore_regex=None, paths=None, packages_up_to=None, packages_up_to_regex=None, packages_above=None, packages_above_and_dependencies=None, packages_above_depth=None, packages_select_by_dep=None, packages_skip_by_dep=None, packages_skip_up_to=None, packages_select_build_failed=False, packages_skip_build_finished=False, packages_select_test_failures=False, packages_skip_test_passed=False, packages_select=None, packages_skip=None, packages_select_regex=None, packages_skip_regex=None, packages_start=None, packages_end=None, allow_overriding=[], cmake_args=None, cmake_target=None, cmake_target_skip_unavailable=False, cmake_clean_cache=False, cmake_clean_first=False, cmake_force_configure=False, ament_cmake_args=None, catkin_cmake_args=None, catkin_skip_building_tests=False, mixin_files=None, mixin=None, verb_parser=<colcon_mixin.mixin.mixin_argument.MixinArgumentDecorator object at 0x734cfdd57790>, verb_extension=<colcon_core.verb.build.BuildVerb object at 0x734cfdd11030>, main=<bound method BuildVerb.main of <colcon_core.verb.build.BuildVerb object at 0x734cfdd11030>>, mixin_verb=('build',))
[0.575s] Level 1:colcon.colcon_core.package_discovery:discover_packages(colcon_meta) check parameters
[0.575s] Level 1:colcon.colcon_core.package_discovery:discover_packages(recursive) check parameters
[0.576s] Level 1:colcon.colcon_core.package_discovery:discover_packages(ignore) check parameters
[0.576s] Level 1:colcon.colcon_core.package_discovery:discover_packages(path) check parameters
[0.576s] Level 1:colcon.colcon_core.package_discovery:discover_packages(colcon_meta) discover
[0.576s] Level 1:colcon.colcon_core.package_discovery:discover_packages(recursive) discover
[0.576s] INFO:colcon.colcon_core.package_discovery:Crawling recursively for packages in '/home/antoniousboshra/antonious_boshra_kuka_arm'
[0.576s] Level 1:colcon.colcon_core.package_identification:_identify(.) by extensions ['ignore', 'ignore_ament_install']
[0.576s] Level 1:colcon.colcon_core.package_identification:_identify(.) by extension 'ignore'
[0.576s] Level 1:colcon.colcon_core.package_identification:_identify(.) by extension 'ignore_ament_install'
[0.576s] Level 1:colcon.colcon_core.package_identification:_identify(.) by extensions ['colcon_pkg']
[0.576s] Level 1:colcon.colcon_core.package_identification:_identify(.) by extension 'colcon_pkg'
[0.577s] Level 1:colcon.colcon_core.package_identification:_identify(.) by extensions ['colcon_meta']
[0.577s] Level 1:colcon.colcon_core.package_identification:_identify(.) by extension 'colcon_meta'
[0.577s] Level 1:colcon.colcon_core.package_identification:_identify(.) by extensions ['ros']
[0.577s] Level 1:colcon.colcon_core.package_identification:_identify(.) by extension 'ros'
[0.598s] Level 1:colcon.colcon_core.package_identification:_identify(.) by extensions ['cmake', 'python']
[0.598s] Level 1:colcon.colcon_core.package_identification:_identify(.) by extension 'cmake'
[0.598s] Level 1:colcon.colcon_core.package_identification:_identify(.) by extension 'python'
[0.598s] Level 1:colcon.colcon_core.package_identification:_identify(.) by extensions ['python_setup_py']
[0.598s] Level 1:colcon.colcon_core.package_identification:_identify(.) by extension 'python_setup_py'
[0.598s] Level 1:colcon.colcon_core.package_identification:_identify(build) by extensions ['ignore', 'ignore_ament_install']
[0.599s] Level 1:colcon.colcon_core.package_identification:_identify(build) by extension 'ignore'
[0.599s] Level 1:colcon.colcon_core.package_identification:_identify(build) ignored
[0.599s] Level 1:colcon.colcon_core.package_identification:_identify(install) by extensions ['ignore', 'ignore_ament_install']
[0.599s] Level 1:colcon.colcon_core.package_identification:_identify(install) by extension 'ignore'
[0.599s] Level 1:colcon.colcon_core.package_identification:_identify(install) ignored
[0.599s] Level 1:colcon.colcon_core.package_identification:_identify(log) by extensions ['ignore', 'ignore_ament_install']
[0.600s] Level 1:colcon.colcon_core.package_identification:_identify(log) by extension 'ignore'
[0.600s] Level 1:colcon.colcon_core.package_identification:_identify(log) ignored
[0.600s] Level 1:colcon.colcon_core.package_identification:_identify(src) by extensions ['ignore', 'ignore_ament_install']
[0.600s] Level 1:colcon.colcon_core.package_identification:_identify(src) by extension 'ignore'
[0.600s] Level 1:colcon.colcon_core.package_identification:_identify(src) by extension 'ignore_ament_install'
[0.600s] Level 1:colcon.colcon_core.package_identification:_identify(src) by extensions ['colcon_pkg']
[0.600s] Level 1:colcon.colcon_core.package_identification:_identify(src) by extension 'colcon_pkg'
[0.600s] Level 1:colcon.colcon_core.package_identification:_identify(src) by extensions ['colcon_meta']
[0.600s] Level 1:colcon.colcon_core.package_identification:_identify(src) by extension 'colcon_meta'
[0.600s] Level 1:colcon.colcon_core.package_identification:_identify(src) by extensions ['ros']
[0.600s] Level 1:colcon.colcon_core.package_identification:_identify(src) by extension 'ros'
[0.601s] Level 1:colcon.colcon_core.package_identification:_identify(src) by extensions ['cmake', 'python']
[0.601s] Level 1:colcon.colcon_core.package_identification:_identify(src) by extension 'cmake'
[0.601s] Level 1:colcon.colcon_core.package_identification:_identify(src) by extension 'python'
[0.601s] Level 1:colcon.colcon_core.package_identification:_identify(src) by extensions ['python_setup_py']
[0.601s] Level 1:colcon.colcon_core.package_identification:_identify(src) by extension 'python_setup_py'
[0.601s] Level 1:colcon.colcon_core.package_identification:_identify(src/antoniobrandifirstpython) by extensions ['ignore', 'ignore_ament_install']
[0.601s] Level 1:colcon.colcon_core.package_identification:_identify(src/antoniobrandifirstpython) by extension 'ignore'
[0.601s] Level 1:colcon.colcon_core.package_identification:_identify(src/antoniobrandifirstpython) by extension 'ignore_ament_install'
[0.602s] Level 1:colcon.colcon_core.package_identification:_identify(src/antoniobrandifirstpython) by extensions ['colcon_pkg']
[0.602s] Level 1:colcon.colcon_core.package_identification:_identify(src/antoniobrandifirstpython) by extension 'colcon_pkg'
[0.602s] Level 1:colcon.colcon_core.package_identification:_identify(src/antoniobrandifirstpython) by extensions ['colcon_meta']
[0.602s] Level 1:colcon.colcon_core.package_identification:_identify(src/antoniobrandifirstpython) by extension 'colcon_meta'
[0.602s] Level 1:colcon.colcon_core.package_identification:_identify(src/antoniobrandifirstpython) by extensions ['ros']
[0.602s] Level 1:colcon.colcon_core.package_identification:_identify(src/antoniobrandifirstpython) by extension 'ros'
[0.602s] Level 1:colcon.colcon_core.package_identification:_identify(src/antoniobrandifirstpython) by extensions ['cmake', 'python']
[0.602s] Level 1:colcon.colcon_core.package_identification:_identify(src/antoniobrandifirstpython) by extension 'cmake'
[0.602s] Level 1:colcon.colcon_core.package_identification:_identify(src/antoniobrandifirstpython) by extension 'python'
[0.603s] Level 1:colcon.colcon_core.package_identification:_identify(src/antoniobrandifirstpython) by extensions ['python_setup_py']
[0.603s] Level 1:colcon.colcon_core.package_identification:_identify(src/antoniobrandifirstpython) by extension 'python_setup_py'
[0.603s] Level 1:colcon.colcon_core.package_identification:_identify(src/kuka_arm_controller) by extensions ['ignore', 'ignore_ament_install']
[0.603s] Level 1:colcon.colcon_core.package_identification:_identify(src/kuka_arm_controller) by extension 'ignore'
[0.603s] Level 1:colcon.colcon_core.package_identification:_identify(src/kuka_arm_controller) by extension 'ignore_ament_install'
[0.603s] Level 1:colcon.colcon_core.package_identification:_identify(src/kuka_arm_controller) by extensions ['colcon_pkg']
[0.603s] Level 1:colcon.colcon_core.package_identification:_identify(src/kuka_arm_controller) by extension 'colcon_pkg'
[0.603s] Level 1:colcon.colcon_core.package_identification:_identify(src/kuka_arm_controller) by extensions ['colcon_meta']
[0.603s] Level 1:colcon.colcon_core.package_identification:_identify(src/kuka_arm_controller) by extension 'colcon_meta'
[0.603s] Level 1:colcon.colcon_core.package_identification:_identify(src/kuka_arm_controller) by extensions ['ros']
[0.604s] Level 1:colcon.colcon_core.package_identification:_identify(src/kuka_arm_controller) by extension 'ros'
[0.608s] DEBUG:colcon.colcon_core.package_identification:Package 'src/kuka_arm_controller' with type 'ros.ament_cmake' and name 'kuka_arm_controller'
[0.608s] Level 1:colcon.colcon_core.package_identification:_identify(src/kuka_arm_description) by extensions ['ignore', 'ignore_ament_install']
[0.609s] Level 1:colcon.colcon_core.package_identification:_identify(src/kuka_arm_description) by extension 'ignore'
[0.609s] Level 1:colcon.colcon_core.package_identification:_identify(src/kuka_arm_description) by extension 'ignore_ament_install'
[0.609s] Level 1:colcon.colcon_core.package_identification:_identify(src/kuka_arm_description) by extensions ['colcon_pkg']
[0.609s] Level 1:colcon.colcon_core.package_identification:_identify(src/kuka_arm_description) by extension 'colcon_pkg'
[0.609s] Level 1:colcon.colcon_core.package_identification:_identify(src/kuka_arm_description) by extensions ['colcon_meta']
[0.609s] Level 1:colcon.colcon_core.package_identification:_identify(src/kuka_arm_description) by extension 'colcon_meta'
[0.609s] Level 1:colcon.colcon_core.package_identification:_identify(src/kuka_arm_description) by extensions ['ros']
[0.609s] Level 1:colcon.colcon_core.package_identification:_identify(src/kuka_arm_description) by extension 'ros'
[0.624s] DEBUG:colcon.colcon_core.package_identification:Package 'src/kuka_arm_description' with type 'ros.ament_cmake' and name 'kuka_arm_description'
[0.624s] Level 1:colcon.colcon_core.package_discovery:discover_packages(recursive) using defaults
[0.624s] Level 1:colcon.colcon_core.package_discovery:discover_packages(ignore) discover
[0.624s] Level 1:colcon.colcon_core.package_discovery:discover_packages(ignore) using defaults
[0.624s] Level 1:colcon.colcon_core.package_discovery:discover_packages(path) discover
[0.624s] Level 1:colcon.colcon_core.package_discovery:discover_packages(path) using defaults
[0.662s] Level 1:colcon.colcon_core.package_discovery:discover_packages(prefix_path) check parameters
[0.662s] Level 1:colcon.colcon_core.package_discovery:discover_packages(prefix_path) discover
[0.665s] DEBUG:colcon.colcon_installed_package_information.package_discovery:Found 2 installed packages in /home/antoniousboshra/antonious_boshra_kuka_arm/install
[0.666s] DEBUG:colcon.colcon_installed_package_information.package_discovery:Found 3 installed packages in /home/antoniousboshra/antoniobrandifirst_ws/install
[0.670s] DEBUG:colcon.colcon_installed_package_information.package_discovery:Found 453 installed packages in /opt/ros/humble
[0.673s] Level 1:colcon.colcon_core.package_discovery:discover_packages(prefix_path) using defaults
[0.793s] Level 5:colcon.colcon_core.verb:set package 'kuka_arm_controller' build argument 'cmake_args' from command line to 'None'
[0.793s] Level 5:colcon.colcon_core.verb:set package 'kuka_arm_controller' build argument 'cmake_target' from command line to 'None'
[0.793s] Level 5:colcon.colcon_core.verb:set package 'kuka_arm_controller' build argument 'cmake_target_skip_unavailable' from command line to 'False'
[0.793s] Level 5:colcon.colcon_core.verb:set package 'kuka_arm_controller' build argument 'cmake_clean_cache' from command line to 'False'
[0.793s] Level 5:colcon.colcon_core.verb:set package 'kuka_arm_controller' build argument 'cmake_clean_first' from command line to 'False'
[0.794s] Level 5:colcon.colcon_core.verb:set package 'kuka_arm_controller' build argument 'cmake_force_configure' from command line to 'False'
[0.794s] Level 5:colcon.colcon_core.verb:set package 'kuka_arm_controller' build argument 'ament_cmake_args' from command line to 'None'
[0.794s] Level 5:colcon.colcon_core.verb:set package 'kuka_arm_controller' build argument 'catkin_cmake_args' from command line to 'None'
[0.794s] Level 5:colcon.colcon_core.verb:set package 'kuka_arm_controller' build argument 'catkin_skip_building_tests' from command line to 'False'
[0.794s] DEBUG:colcon.colcon_core.verb:Building package 'kuka_arm_controller' with the following arguments: {'ament_cmake_args': None, 'build_base': '/home/antoniousboshra/antonious_boshra_kuka_arm/build/kuka_arm_controller', 'catkin_cmake_args': None, 'catkin_skip_building_tests': False, 'cmake_args': None, 'cmake_clean_cache': False, 'cmake_clean_first': False, 'cmake_force_configure': False, 'cmake_target': None, 'cmake_target_skip_unavailable': False, 'install_base': '/home/antoniousboshra/antonious_boshra_kuka_arm/install/kuka_arm_controller', 'merge_install': False, 'path': '/home/antoniousboshra/antonious_boshra_kuka_arm/src/kuka_arm_controller', 'symlink_install': False, 'test_result_base': None}
[0.794s] Level 5:colcon.colcon_core.verb:set package 'kuka_arm_description' build argument 'cmake_args' from command line to 'None'
[0.795s] Level 5:colcon.colcon_core.verb:set package 'kuka_arm_description' build argument 'cmake_target' from command line to 'None'
[0.795s] Level 5:colcon.colcon_core.verb:set package 'kuka_arm_description' build argument 'cmake_target_skip_unavailable' from command line to 'False'
[0.795s] Level 5:colcon.colcon_core.verb:set package 'kuka_arm_description' build argument 'cmake_clean_cache' from command line to 'False'
[0.795s] Level 5:colcon.colcon_core.verb:set package 'kuka_arm_description' build argument 'cmake_clean_first' from command line to 'False'
[0.795s] Level 5:colcon.colcon_core.verb:set package 'kuka_arm_description' build argument 'cmake_force_configure' from command line to 'False'
[0.795s] Level 5:colcon.colcon_core.verb:set package 'kuka_arm_description' build argument 'ament_cmake_args' from command line to 'None'
[0.795s] Level 5:colcon.colcon_core.verb:set package 'kuka_arm_description' build argument 'catkin_cmake_args' from command line to 'None'
[0.795s] Level 5:colcon.colcon_core.verb:set package 'kuka_arm_description' build argument 'catkin_skip_building_tests' from command line to 'False'
[0.795s] DEBUG:colcon.colcon_core.verb:Building package 'kuka_arm_description' with the following arguments: {'ament_cmake_args': None, 'build_base': '/home/antoniousboshra/antonious_boshra_kuka_arm/build/kuka_arm_description', 'catkin_cmake_args': None, 'catkin_skip_building_tests': False, 'cmake_args': None, 'cmake_clean_cache': False, 'cmake_clean_first': False, 'cmake_force_configure': False, 'cmake_target': None, 'cmake_target_skip_unavailable': False, 'install_base': '/home/antoniousboshra/antonious_boshra_kuka_arm/install/kuka_arm_description', 'merge_install': False, 'path': '/home/antoniousboshra/antonious_boshra_kuka_arm/src/kuka_arm_description', 'symlink_install': False, 'test_result_base': None}
[0.795s] INFO:colcon.colcon_core.executor:Executing jobs using 'parallel' executor
[0.797s] DEBUG:colcon.colcon_parallel_executor.executor.parallel:run_until_complete
[0.797s] INFO:colcon.colcon_ros.task.ament_cmake.build:Building ROS package in '/home/antoniousboshra/antonious_boshra_kuka_arm/src/kuka_arm_controller' with build type 'ament_cmake'
[0.797s] INFO:colcon.colcon_cmake.task.cmake.build:Building CMake package in '/home/antoniousboshra/antonious_boshra_kuka_arm/src/kuka_arm_controller'
[0.802s] INFO:colcon.colcon_core.plugin_system:Skipping extension 'colcon_core.shell.bat': Not used on non-Windows systems
[0.802s] INFO:colcon.colcon_core.shell:Skip shell extension 'powershell' for command environment: Not usable outside of PowerShell
[0.802s] DEBUG:colcon.colcon_core.shell:Skip shell extension 'dsv' for command environment
[0.810s] INFO:colcon.colcon_ros.task.ament_cmake.build:Building ROS package in '/home/antoniousboshra/antonious_boshra_kuka_arm/src/kuka_arm_description' with build type 'ament_cmake'
[0.811s] INFO:colcon.colcon_cmake.task.cmake.build:Building CMake package in '/home/antoniousboshra/antonious_boshra_kuka_arm/src/kuka_arm_description'
[0.811s] INFO:colcon.colcon_core.shell:Skip shell extension 'powershell' for command environment: Not usable outside of PowerShell
[0.811s] DEBUG:colcon.colcon_core.shell:Skip shell extension 'dsv' for command environment
[0.830s] DEBUG:colcon.colcon_core.event_handler.log_command:Invoking command in '/home/antoniousboshra/antonious_boshra_kuka_arm/build/kuka_arm_controller': CMAKE_PREFIX_PATH=${CMAKE_PREFIX_PATH}:/home/antoniousboshra/antoniobrandifirst_ws/install/antoniobrandifirstpython:/opt/ros/humble /usr/bin/cmake --build /home/antoniousboshra/antonious_boshra_kuka_arm/build/kuka_arm_controller -- -j8 -l8
[0.837s] DEBUG:colcon.colcon_core.event_handler.log_command:Invoking command in '/home/antoniousboshra/antonious_boshra_kuka_arm/build/kuka_arm_description': CMAKE_PREFIX_PATH=${CMAKE_PREFIX_PATH}:/home/antoniousboshra/antoniobrandifirst_ws/install/antoniobrandifirstpython:/opt/ros/humble /usr/bin/cmake --build /home/antoniousboshra/antonious_boshra_kuka_arm/build/kuka_arm_description -- -j8 -l8
[0.965s] DEBUG:colcon.colcon_core.event_handler.log_command:Invoked command in '/home/antoniousboshra/antonious_boshra_kuka_arm/build/kuka_arm_controller' returned '0': CMAKE_PREFIX_PATH=${CMAKE_PREFIX_PATH}:/home/antoniousboshra/antoniobrandifirst_ws/install/antoniobrandifirstpython:/opt/ros/humble /usr/bin/cmake --build /home/antoniousboshra/antonious_boshra_kuka_arm/build/kuka_arm_controller -- -j8 -l8
[0.976s] DEBUG:colcon.colcon_core.event_handler.log_command:Invoking command in '/home/antoniousboshra/antonious_boshra_kuka_arm/build/kuka_arm_controller': CMAKE_PREFIX_PATH=${CMAKE_PREFIX_PATH}:/home/antoniousboshra/antoniobrandifirst_ws/install/antoniobrandifirstpython:/opt/ros/humble /usr/bin/cmake --install /home/antoniousboshra/antonious_boshra_kuka_arm/build/kuka_arm_controller
[0.980s] DEBUG:colcon.colcon_core.event_handler.log_command:Invoked command in '/home/antoniousboshra/antonious_boshra_kuka_arm/build/kuka_arm_description' returned '0': CMAKE_PREFIX_PATH=${CMAKE_PREFIX_PATH}:/home/antoniousboshra/antoniobrandifirst_ws/install/antoniobrandifirstpython:/opt/ros/humble /usr/bin/cmake --build /home/antoniousboshra/antonious_boshra_kuka_arm/build/kuka_arm_description -- -j8 -l8
[0.983s] DEBUG:colcon.colcon_core.event_handler.log_command:Invoking command in '/home/antoniousboshra/antonious_boshra_kuka_arm/build/kuka_arm_description': CMAKE_PREFIX_PATH=${CMAKE_PREFIX_PATH}:/home/antoniousboshra/antoniobrandifirst_ws/install/antoniobrandifirstpython:/opt/ros/humble /usr/bin/cmake --install /home/antoniousboshra/antonious_boshra_kuka_arm/build/kuka_arm_description
[0.989s] Level 1:colcon.colcon_core.environment:create_environment_scripts_only(kuka_arm_controller)
[0.995s] DEBUG:colcon.colcon_core.event_handler.log_command:Invoked command in '/home/antoniousboshra/antonious_boshra_kuka_arm/build/kuka_arm_controller' returned '0': CMAKE_PREFIX_PATH=${CMAKE_PREFIX_PATH}:/home/antoniousboshra/antoniobrandifirst_ws/install/antoniobrandifirstpython:/opt/ros/humble /usr/bin/cmake --install /home/antoniousboshra/antonious_boshra_kuka_arm/build/kuka_arm_controller
[1.005s] Level 1:colcon.colcon_core.environment:checking '/home/antoniousboshra/antonious_boshra_kuka_arm/install/kuka_arm_controller' for CMake module files
[1.006s] Level 1:colcon.colcon_core.environment:checking '/home/antoniousboshra/antonious_boshra_kuka_arm/install/kuka_arm_controller' for CMake config files
[1.007s] Level 1:colcon.colcon_core.shell:create_environment_hook('kuka_arm_controller', 'cmake_prefix_path')
[1.007s] INFO:colcon.colcon_core.shell:Creating environment hook '/home/antoniousboshra/antonious_boshra_kuka_arm/install/kuka_arm_controller/share/kuka_arm_controller/hook/cmake_prefix_path.ps1'
[1.009s] INFO:colcon.colcon_core.shell:Creating environment descriptor '/home/antoniousboshra/antonious_boshra_kuka_arm/install/kuka_arm_controller/share/kuka_arm_controller/hook/cmake_prefix_path.dsv'
[1.010s] INFO:colcon.colcon_core.shell:Creating environment hook '/home/antoniousboshra/antonious_boshra_kuka_arm/install/kuka_arm_controller/share/kuka_arm_controller/hook/cmake_prefix_path.sh'
[1.012s] Level 1:colcon.colcon_core.environment:checking '/home/antoniousboshra/antonious_boshra_kuka_arm/install/kuka_arm_controller/bin'
[1.013s] Level 1:colcon.colcon_core.environment:checking '/home/antoniousboshra/antonious_boshra_kuka_arm/install/kuka_arm_controller/lib/pkgconfig/kuka_arm_controller.pc'
[1.013s] Level 1:colcon.colcon_core.environment:checking '/home/antoniousboshra/antonious_boshra_kuka_arm/install/kuka_arm_controller/lib/python3.10/site-packages'
[1.014s] Level 1:colcon.colcon_core.environment:checking '/home/antoniousboshra/antonious_boshra_kuka_arm/install/kuka_arm_controller/bin'
[1.015s] INFO:colcon.colcon_core.shell:Creating package script '/home/antoniousboshra/antonious_boshra_kuka_arm/install/kuka_arm_controller/share/kuka_arm_controller/package.ps1'
[1.017s] INFO:colcon.colcon_core.shell:Creating package descriptor '/home/antoniousboshra/antonious_boshra_kuka_arm/install/kuka_arm_controller/share/kuka_arm_controller/package.dsv'
[1.019s] INFO:colcon.colcon_core.shell:Creating package script '/home/antoniousboshra/antonious_boshra_kuka_arm/install/kuka_arm_controller/share/kuka_arm_controller/package.sh'
[1.021s] INFO:colcon.colcon_core.shell:Creating package script '/home/antoniousboshra/antonious_boshra_kuka_arm/install/kuka_arm_controller/share/kuka_arm_controller/package.bash'
[1.023s] INFO:colcon.colcon_core.shell:Creating package script '/home/antoniousboshra/antonious_boshra_kuka_arm/install/kuka_arm_controller/share/kuka_arm_controller/package.zsh'
[1.026s] Level 1:colcon.colcon_core.environment:create_file_with_runtime_dependencies(/home/antoniousboshra/antonious_boshra_kuka_arm/install/kuka_arm_controller/share/colcon-core/packages/kuka_arm_controller)
[1.028s] Level 1:colcon.colcon_core.environment:create_environment_scripts_only(kuka_arm_controller)
[1.029s] Level 1:colcon.colcon_core.environment:checking '/home/antoniousboshra/antonious_boshra_kuka_arm/install/kuka_arm_controller' for CMake module files
[1.031s] Level 1:colcon.colcon_core.environment:checking '/home/antoniousboshra/antonious_boshra_kuka_arm/install/kuka_arm_controller' for CMake config files
[1.031s] Level 1:colcon.colcon_core.shell:create_environment_hook('kuka_arm_controller', 'cmake_prefix_path')
[1.032s] INFO:colcon.colcon_core.shell:Creating environment hook '/home/antoniousboshra/antonious_boshra_kuka_arm/install/kuka_arm_controller/share/kuka_arm_controller/hook/cmake_prefix_path.ps1'
[1.033s] INFO:colcon.colcon_core.shell:Creating environment descriptor '/home/antoniousboshra/antonious_boshra_kuka_arm/install/kuka_arm_controller/share/kuka_arm_controller/hook/cmake_prefix_path.dsv'
[1.034s] INFO:colcon.colcon_core.shell:Creating environment hook '/home/antoniousboshra/antonious_boshra_kuka_arm/install/kuka_arm_controller/share/kuka_arm_controller/hook/cmake_prefix_path.sh'
[1.035s] Level 1:colcon.colcon_core.environment:checking '/home/antoniousboshra/antonious_boshra_kuka_arm/install/kuka_arm_controller/bin'
[1.035s] Level 1:colcon.colcon_core.environment:checking '/home/antoniousboshra/antonious_boshra_kuka_arm/install/kuka_arm_controller/lib/pkgconfig/kuka_arm_controller.pc'
[1.036s] Level 1:colcon.colcon_core.environment:checking '/home/antoniousboshra/antonious_boshra_kuka_arm/install/kuka_arm_controller/lib/python3.10/site-packages'
[1.037s] Level 1:colcon.colcon_core.environment:checking '/home/antoniousboshra/antonious_boshra_kuka_arm/install/kuka_arm_controller/bin'
[1.037s] INFO:colcon.colcon_core.shell:Creating package script '/home/antoniousboshra/antonious_boshra_kuka_arm/install/kuka_arm_controller/share/kuka_arm_controller/package.ps1'
[1.039s] INFO:colcon.colcon_core.shell:Creating package descriptor '/home/antoniousboshra/antonious_boshra_kuka_arm/install/kuka_arm_controller/share/kuka_arm_controller/package.dsv'
[1.040s] INFO:colcon.colcon_core.shell:Creating package script '/home/antoniousboshra/antonious_boshra_kuka_arm/install/kuka_arm_controller/share/kuka_arm_controller/package.sh'
[1.041s] INFO:colcon.colcon_core.shell:Creating package script '/home/antoniousboshra/antonious_boshra_kuka_arm/install/kuka_arm_controller/share/kuka_arm_controller/package.bash'
[1.042s] INFO:colcon.colcon_core.shell:Creating package script '/home/antoniousboshra/antonious_boshra_kuka_arm/install/kuka_arm_controller/share/kuka_arm_controller/package.zsh'
[1.044s] Level 1:colcon.colcon_core.environment:create_file_with_runtime_dependencies(/home/antoniousboshra/antonious_boshra_kuka_arm/install/kuka_arm_controller/share/colcon-core/packages/kuka_arm_controller)
[1.046s] Level 1:colcon.colcon_core.environment:create_environment_scripts_only(kuka_arm_description)
[1.047s] Level 1:colcon.colcon_core.environment:checking '/home/antoniousboshra/antonious_boshra_kuka_arm/install/kuka_arm_description' for CMake module files
[1.049s] DEBUG:colcon.colcon_core.event_handler.log_command:Invoked command in '/home/antoniousboshra/antonious_boshra_kuka_arm/build/kuka_arm_description' returned '0': CMAKE_PREFIX_PATH=${CMAKE_PREFIX_PATH}:/home/antoniousboshra/antoniobrandifirst_ws/install/antoniobrandifirstpython:/opt/ros/humble /usr/bin/cmake --install /home/antoniousboshra/antonious_boshra_kuka_arm/build/kuka_arm_description
[1.049s] Level 1:colcon.colcon_core.environment:checking '/home/antoniousboshra/antonious_boshra_kuka_arm/install/kuka_arm_description' for CMake config files
[1.050s] Level 1:colcon.colcon_core.shell:create_environment_hook('kuka_arm_description', 'cmake_prefix_path')
[1.051s] INFO:colcon.colcon_core.shell:Creating environment hook '/home/antoniousboshra/antonious_boshra_kuka_arm/install/kuka_arm_description/share/kuka_arm_description/hook/cmake_prefix_path.ps1'
[1.052s] INFO:colcon.colcon_core.shell:Creating environment descriptor '/home/antoniousboshra/antonious_boshra_kuka_arm/install/kuka_arm_description/share/kuka_arm_description/hook/cmake_prefix_path.dsv'
[1.053s] INFO:colcon.colcon_core.shell:Creating environment hook '/home/antoniousboshra/antonious_boshra_kuka_arm/install/kuka_arm_description/share/kuka_arm_description/hook/cmake_prefix_path.sh'
[1.054s] Level 1:colcon.colcon_core.environment:checking '/home/antoniousboshra/antonious_boshra_kuka_arm/install/kuka_arm_description/bin'
[1.054s] Level 1:colcon.colcon_core.environment:checking '/home/antoniousboshra/antonious_boshra_kuka_arm/install/kuka_arm_description/lib/pkgconfig/kuka_arm_description.pc'
[1.055s] Level 1:colcon.colcon_core.environment:checking '/home/antoniousboshra/antonious_boshra_kuka_arm/install/kuka_arm_description/lib/python3.10/site-packages'
[1.056s] Level 1:colcon.colcon_core.environment:checking '/home/antoniousboshra/antonious_boshra_kuka_arm/install/kuka_arm_description/bin'
[1.057s] INFO:colcon.colcon_core.shell:Creating package script '/home/antoniousboshra/antonious_boshra_kuka_arm/install/kuka_arm_description/share/kuka_arm_description/package.ps1'
[1.059s] INFO:colcon.colcon_core.shell:Creating package descriptor '/home/antoniousboshra/antonious_boshra_kuka_arm/install/kuka_arm_description/share/kuka_arm_description/package.dsv'
[1.061s] INFO:colcon.colcon_core.shell:Creating package script '/home/antoniousboshra/antonious_boshra_kuka_arm/install/kuka_arm_description/share/kuka_arm_description/package.sh'
[1.063s] INFO:colcon.colcon_core.shell:Creating package script '/home/antoniousboshra/antonious_boshra_kuka_arm/install/kuka_arm_description/share/kuka_arm_description/package.bash'
[1.064s] INFO:colcon.colcon_core.shell:Creating package script '/home/antoniousboshra/antonious_boshra_kuka_arm/install/kuka_arm_description/share/kuka_arm_description/package.zsh'
[1.065s] Level 1:colcon.colcon_core.environment:create_file_with_runtime_dependencies(/home/antoniousboshra/antonious_boshra_kuka_arm/install/kuka_arm_description/share/colcon-core/packages/kuka_arm_description)
[1.066s] Level 1:colcon.colcon_core.environment:create_environment_scripts_only(kuka_arm_description)
[1.067s] Level 1:colcon.colcon_core.environment:checking '/home/antoniousboshra/antonious_boshra_kuka_arm/install/kuka_arm_description' for CMake module files
[1.068s] Level 1:colcon.colcon_core.environment:checking '/home/antoniousboshra/antonious_boshra_kuka_arm/install/kuka_arm_description' for CMake config files
[1.069s] Level 1:colcon.colcon_core.shell:create_environment_hook('kuka_arm_description', 'cmake_prefix_path')
[1.070s] INFO:colcon.colcon_core.shell:Creating environment hook '/home/antoniousboshra/antonious_boshra_kuka_arm/install/kuka_arm_description/share/kuka_arm_description/hook/cmake_prefix_path.ps1'
[1.071s] INFO:colcon.colcon_core.shell:Creating environment descriptor '/home/antoniousboshra/antonious_boshra_kuka_arm/install/kuka_arm_description/share/kuka_arm_description/hook/cmake_prefix_path.dsv'
[1.072s] INFO:colcon.colcon_core.shell:Creating environment hook '/home/antoniousboshra/antonious_boshra_kuka_arm/install/kuka_arm_description/share/kuka_arm_description/hook/cmake_prefix_path.sh'
[1.073s] Level 1:colcon.colcon_core.environment:checking '/home/antoniousboshra/antonious_boshra_kuka_arm/install/kuka_arm_description/bin'
[1.074s] Level 1:colcon.colcon_core.environment:checking '/home/antoniousboshra/antonious_boshra_kuka_arm/install/kuka_arm_description/lib/pkgconfig/kuka_arm_description.pc'
[1.074s] Level 1:colcon.colcon_core.environment:checking '/home/antoniousboshra/antonious_boshra_kuka_arm/install/kuka_arm_description/lib/python3.10/site-packages'
[1.075s] Level 1:colcon.colcon_core.environment:checking '/home/antoniousboshra/antonious_boshra_kuka_arm/install/kuka_arm_description/bin'
[1.076s] INFO:colcon.colcon_core.shell:Creating package script '/home/antoniousboshra/antonious_boshra_kuka_arm/install/kuka_arm_description/share/kuka_arm_description/package.ps1'
[1.077s] INFO:colcon.colcon_core.shell:Creating package descriptor '/home/antoniousboshra/antonious_boshra_kuka_arm/install/kuka_arm_description/share/kuka_arm_description/package.dsv'
[1.079s] INFO:colcon.colcon_core.shell:Creating package script '/home/antoniousboshra/antonious_boshra_kuka_arm/install/kuka_arm_description/share/kuka_arm_description/package.sh'
[1.080s] INFO:colcon.colcon_core.shell:Creating package script '/home/antoniousboshra/antonious_boshra_kuka_arm/install/kuka_arm_description/share/kuka_arm_description/package.bash'
[1.082s] INFO:colcon.colcon_core.shell:Creating package script '/home/antoniousboshra/antonious_boshra_kuka_arm/install/kuka_arm_description/share/kuka_arm_description/package.zsh'
[1.083s] Level 1:colcon.colcon_core.environment:create_file_with_runtime_dependencies(/home/antoniousboshra/antonious_boshra_kuka_arm/install/kuka_arm_description/share/colcon-core/packages/kuka_arm_description)
[1.083s] DEBUG:colcon.colcon_parallel_executor.executor.parallel:closing loop
[1.084s] DEBUG:colcon.colcon_parallel_executor.executor.parallel:loop closed
[1.084s] DEBUG:colcon.colcon_parallel_executor.executor.parallel:run_until_complete finished with '0'
[1.084s] DEBUG:colcon.colcon_core.event_reactor:joining thread
[1.097s] INFO:colcon.colcon_core.plugin_system:Skipping extension 'colcon_notification.desktop_notification.terminal_notifier': Not used on non-Darwin systems
[1.097s] INFO:colcon.colcon_core.plugin_system:Skipping extension 'colcon_notification.desktop_notification.win32': Not used on non-Windows systems
[1.097s] INFO:colcon.colcon_notification.desktop_notification:Sending desktop notification using 'notify2'
[1.119s] DEBUG:colcon.colcon_core.event_reactor:joined thread
[1.120s] INFO:colcon.colcon_core.shell:Creating prefix script '/home/antoniousboshra/antonious_boshra_kuka_arm/install/local_setup.ps1'
[1.122s] INFO:colcon.colcon_core.shell:Creating prefix util module '/home/antoniousboshra/antonious_boshra_kuka_arm/install/_local_setup_util_ps1.py'
[1.125s] INFO:colcon.colcon_core.shell:Creating prefix chain script '/home/antoniousboshra/antonious_boshra_kuka_arm/install/setup.ps1'
[1.128s] INFO:colcon.colcon_core.shell:Creating prefix script '/home/antoniousboshra/antonious_boshra_kuka_arm/install/local_setup.sh'
[1.129s] INFO:colcon.colcon_core.shell:Creating prefix util module '/home/antoniousboshra/antonious_boshra_kuka_arm/install/_local_setup_util_sh.py'
[1.131s] INFO:colcon.colcon_core.shell:Creating prefix chain script '/home/antoniousboshra/antonious_boshra_kuka_arm/install/setup.sh'
[1.133s] INFO:colcon.colcon_core.shell:Creating prefix script '/home/antoniousboshra/antonious_boshra_kuka_arm/install/local_setup.bash'
[1.134s] INFO:colcon.colcon_core.shell:Creating prefix chain script '/home/antoniousboshra/antonious_boshra_kuka_arm/install/setup.bash'
[1.137s] INFO:colcon.colcon_core.shell:Creating prefix script '/home/antoniousboshra/antonious_boshra_kuka_arm/install/local_setup.zsh'
[1.138s] INFO:colcon.colcon_core.shell:Creating prefix chain script '/home/antoniousboshra/antonious_boshra_kuka_arm/install/setup.zsh'
