running egg_info
creating ../../build/kuka_mqtt_bridge/kuka_mqtt_bridge.egg-info
writing ../../build/kuka_mqtt_bridge/kuka_mqtt_bridge.egg-info/PKG-INFO
writing dependency_links to ../../build/kuka_mqtt_bridge/kuka_mqtt_bridge.egg-info/dependency_links.txt
writing entry points to ../../build/kuka_mqtt_bridge/kuka_mqtt_bridge.egg-info/entry_points.txt
writing requirements to ../../build/kuka_mqtt_bridge/kuka_mqtt_bridge.egg-info/requires.txt
writing top-level names to ../../build/kuka_mqtt_bridge/kuka_mqtt_bridge.egg-info/top_level.txt
writing manifest file '../../build/kuka_mqtt_bridge/kuka_mqtt_bridge.egg-info/SOURCES.txt'
reading manifest file '../../build/kuka_mqtt_bridge/kuka_mqtt_bridge.egg-info/SOURCES.txt'
writing manifest file '../../build/kuka_mqtt_bridge/kuka_mqtt_bridge.egg-info/SOURCES.txt'
running build
running build_py
creating /home/antoniousboshra/antonious_boshra_kuka_arm/build/kuka_mqtt_bridge/build
creating /home/antoniousboshra/antonious_boshra_kuka_arm/build/kuka_mqtt_bridge/build/lib
creating /home/antoniousboshra/antonious_boshra_kuka_arm/build/kuka_mqtt_bridge/build/lib/kuka_mqtt_bridge
copying kuka_mqtt_bridge/__init__.py -> /home/antoniousboshra/antonious_boshra_kuka_arm/build/kuka_mqtt_bridge/build/lib/kuka_mqtt_bridge
copying kuka_mqtt_bridge/mqtt_to_trajectory.py -> /home/antoniousboshra/antonious_boshra_kuka_arm/build/kuka_mqtt_bridge/build/lib/kuka_mqtt_bridge
running install
running install_lib
creating /home/antoniousboshra/antonious_boshra_kuka_arm/install/kuka_mqtt_bridge/lib/python3.10/site-packages/kuka_mqtt_bridge
copying /home/antoniousboshra/antonious_boshra_kuka_arm/build/kuka_mqtt_bridge/build/lib/kuka_mqtt_bridge/__init__.py -> /home/antoniousboshra/antonious_boshra_kuka_arm/install/kuka_mqtt_bridge/lib/python3.10/site-packages/kuka_mqtt_bridge
copying /home/antoniousboshra/antonious_boshra_kuka_arm/build/kuka_mqtt_bridge/build/lib/kuka_mqtt_bridge/mqtt_to_trajectory.py -> /home/antoniousboshra/antonious_boshra_kuka_arm/install/kuka_mqtt_bridge/lib/python3.10/site-packages/kuka_mqtt_bridge
byte-compiling /home/antoniousboshra/antonious_boshra_kuka_arm/install/kuka_mqtt_bridge/lib/python3.10/site-packages/kuka_mqtt_bridge/__init__.py to __init__.cpython-310.pyc
byte-compiling /home/antoniousboshra/antonious_boshra_kuka_arm/install/kuka_mqtt_bridge/lib/python3.10/site-packages/kuka_mqtt_bridge/mqtt_to_trajectory.py to mqtt_to_trajectory.cpython-310.pyc
running install_egg_info
Copying ../../build/kuka_mqtt_bridge/kuka_mqtt_bridge.egg-info to /home/antoniousboshra/antonious_boshra_kuka_arm/install/kuka_mqtt_bridge/lib/python3.10/site-packages/kuka_mqtt_bridge-0.0.0-py3.10.egg-info
running install_scripts
Installing mqtt_to_trajectory script to /home/antoniousboshra/antonious_boshra_kuka_arm/install/kuka_mqtt_bridge/lib/kuka_mqtt_bridge
writing list of installed files to '/home/antoniousboshra/antonious_boshra_kuka_arm/build/kuka_mqtt_bridge/install.log'
