[0.289s] DEBUG:colcon:Command line arguments: ['/usr/bin/colcon', 'build']
[0.289s] DEBUG:colcon:Parsed command line arguments: Namespace(log_base=None, log_level=None, verb_name='build', build_base='build', install_base='install', merge_install=False, symlink_install=False, test_result_base=None, continue_on_error=False, executor='parallel', parallel_workers=8, event_handlers=None, ignore_user_meta=False, metas=['./colcon.meta'], base_paths=['.'], packages_ignore=None, packages_ignore_regex=None, paths=None, packages_up_to=None, packages_up_to_regex=None, packages_above=None, packages_above_and_dependencies=None, packages_above_depth=None, packages_select_by_dep=None, packages_skip_by_dep=None, packages_skip_up_to=None, packages_select_build_failed=False, packages_skip_build_finished=False, packages_select_test_failures=False, packages_skip_test_passed=False, packages_select=None, packages_skip=None, packages_select_regex=None, packages_skip_regex=None, packages_start=None, packages_end=None, allow_overriding=[], cmake_args=None, cmake_target=None, cmake_target_skip_unavailable=False, cmake_clean_cache=False, cmake_clean_first=False, cmake_force_configure=False, ament_cmake_args=None, catkin_cmake_args=None, catkin_skip_building_tests=False, mixin_files=None, mixin=None, verb_parser=<colcon_mixin.mixin.mixin_argument.MixinArgumentDecorator object at 0x71d5ecaef790>, verb_extension=<colcon_core.verb.build.BuildVerb object at 0x71d5ecaa9030>, main=<bound method BuildVerb.main of <colcon_core.verb.build.BuildVerb object at 0x71d5ecaa9030>>, mixin_verb=('build',))
[2.251s] Level 1:colcon.colcon_core.package_discovery:discover_packages(colcon_meta) check parameters
[2.251s] Level 1:colcon.colcon_core.package_discovery:discover_packages(recursive) check parameters
[2.251s] Level 1:colcon.colcon_core.package_discovery:discover_packages(ignore) check parameters
[2.251s] Level 1:colcon.colcon_core.package_discovery:discover_packages(path) check parameters
[2.251s] Level 1:colcon.colcon_core.package_discovery:discover_packages(colcon_meta) discover
[2.252s] Level 1:colcon.colcon_core.package_discovery:discover_packages(recursive) discover
[2.252s] INFO:colcon.colcon_core.package_discovery:Crawling recursively for packages in '/home/antoniousboshra/antonious_boshra_kuka_arm'
[2.252s] Level 1:colcon.colcon_core.package_identification:_identify(.) by extensions ['ignore', 'ignore_ament_install']
[2.252s] Level 1:colcon.colcon_core.package_identification:_identify(.) by extension 'ignore'
[2.252s] Level 1:colcon.colcon_core.package_identification:_identify(.) by extension 'ignore_ament_install'
[2.252s] Level 1:colcon.colcon_core.package_identification:_identify(.) by extensions ['colcon_pkg']
[2.253s] Level 1:colcon.colcon_core.package_identification:_identify(.) by extension 'colcon_pkg'
[2.253s] Level 1:colcon.colcon_core.package_identification:_identify(.) by extensions ['colcon_meta']
[2.253s] Level 1:colcon.colcon_core.package_identification:_identify(.) by extension 'colcon_meta'
[2.253s] Level 1:colcon.colcon_core.package_identification:_identify(.) by extensions ['ros']
[2.253s] Level 1:colcon.colcon_core.package_identification:_identify(.) by extension 'ros'
[2.276s] Level 1:colcon.colcon_core.package_identification:_identify(.) by extensions ['cmake', 'python']
[2.276s] Level 1:colcon.colcon_core.package_identification:_identify(.) by extension 'cmake'
[2.276s] Level 1:colcon.colcon_core.package_identification:_identify(.) by extension 'python'
[2.276s] Level 1:colcon.colcon_core.package_identification:_identify(.) by extensions ['python_setup_py']
[2.276s] Level 1:colcon.colcon_core.package_identification:_identify(.) by extension 'python_setup_py'
[2.276s] Level 1:colcon.colcon_core.package_identification:_identify(build) by extensions ['ignore', 'ignore_ament_install']
[2.277s] Level 1:colcon.colcon_core.package_identification:_identify(build) by extension 'ignore'
[2.277s] Level 1:colcon.colcon_core.package_identification:_identify(build) ignored
[2.277s] Level 1:colcon.colcon_core.package_identification:_identify(install) by extensions ['ignore', 'ignore_ament_install']
[2.277s] Level 1:colcon.colcon_core.package_identification:_identify(install) by extension 'ignore'
[2.277s] Level 1:colcon.colcon_core.package_identification:_identify(install) ignored
[2.277s] Level 1:colcon.colcon_core.package_identification:_identify(log) by extensions ['ignore', 'ignore_ament_install']
[2.277s] Level 1:colcon.colcon_core.package_identification:_identify(log) by extension 'ignore'
[2.278s] Level 1:colcon.colcon_core.package_identification:_identify(log) ignored
[2.278s] Level 1:colcon.colcon_core.package_identification:_identify(src) by extensions ['ignore', 'ignore_ament_install']
[2.278s] Level 1:colcon.colcon_core.package_identification:_identify(src) by extension 'ignore'
[2.278s] Level 1:colcon.colcon_core.package_identification:_identify(src) by extension 'ignore_ament_install'
[2.278s] Level 1:colcon.colcon_core.package_identification:_identify(src) by extensions ['colcon_pkg']
[2.278s] Level 1:colcon.colcon_core.package_identification:_identify(src) by extension 'colcon_pkg'
[2.278s] Level 1:colcon.colcon_core.package_identification:_identify(src) by extensions ['colcon_meta']
[2.278s] Level 1:colcon.colcon_core.package_identification:_identify(src) by extension 'colcon_meta'
[2.278s] Level 1:colcon.colcon_core.package_identification:_identify(src) by extensions ['ros']
[2.278s] Level 1:colcon.colcon_core.package_identification:_identify(src) by extension 'ros'
[2.279s] Level 1:colcon.colcon_core.package_identification:_identify(src) by extensions ['cmake', 'python']
[2.279s] Level 1:colcon.colcon_core.package_identification:_identify(src) by extension 'cmake'
[2.279s] Level 1:colcon.colcon_core.package_identification:_identify(src) by extension 'python'
[2.279s] Level 1:colcon.colcon_core.package_identification:_identify(src) by extensions ['python_setup_py']
[2.279s] Level 1:colcon.colcon_core.package_identification:_identify(src) by extension 'python_setup_py'
[2.279s] Level 1:colcon.colcon_core.package_identification:_identify(src/antoniobrandifirstpython) by extensions ['ignore', 'ignore_ament_install']
[2.279s] Level 1:colcon.colcon_core.package_identification:_identify(src/antoniobrandifirstpython) by extension 'ignore'
[2.279s] Level 1:colcon.colcon_core.package_identification:_identify(src/antoniobrandifirstpython) by extension 'ignore_ament_install'
[2.279s] Level 1:colcon.colcon_core.package_identification:_identify(src/antoniobrandifirstpython) by extensions ['colcon_pkg']
[2.279s] Level 1:colcon.colcon_core.package_identification:_identify(src/antoniobrandifirstpython) by extension 'colcon_pkg'
[2.279s] Level 1:colcon.colcon_core.package_identification:_identify(src/antoniobrandifirstpython) by extensions ['colcon_meta']
[2.279s] Level 1:colcon.colcon_core.package_identification:_identify(src/antoniobrandifirstpython) by extension 'colcon_meta'
[2.280s] Level 1:colcon.colcon_core.package_identification:_identify(src/antoniobrandifirstpython) by extensions ['ros']
[2.280s] Level 1:colcon.colcon_core.package_identification:_identify(src/antoniobrandifirstpython) by extension 'ros'
[2.280s] Level 1:colcon.colcon_core.package_identification:_identify(src/antoniobrandifirstpython) by extensions ['cmake', 'python']
[2.280s] Level 1:colcon.colcon_core.package_identification:_identify(src/antoniobrandifirstpython) by extension 'cmake'
[2.280s] Level 1:colcon.colcon_core.package_identification:_identify(src/antoniobrandifirstpython) by extension 'python'
[2.280s] Level 1:colcon.colcon_core.package_identification:_identify(src/antoniobrandifirstpython) by extensions ['python_setup_py']
[2.280s] Level 1:colcon.colcon_core.package_identification:_identify(src/antoniobrandifirstpython) by extension 'python_setup_py'
[2.280s] Level 1:colcon.colcon_core.package_identification:_identify(src/kuka_arm_controller) by extensions ['ignore', 'ignore_ament_install']
[2.280s] Level 1:colcon.colcon_core.package_identification:_identify(src/kuka_arm_controller) by extension 'ignore'
[2.280s] Level 1:colcon.colcon_core.package_identification:_identify(src/kuka_arm_controller) by extension 'ignore_ament_install'
[2.280s] Level 1:colcon.colcon_core.package_identification:_identify(src/kuka_arm_controller) by extensions ['colcon_pkg']
[2.281s] Level 1:colcon.colcon_core.package_identification:_identify(src/kuka_arm_controller) by extension 'colcon_pkg'
[2.281s] Level 1:colcon.colcon_core.package_identification:_identify(src/kuka_arm_controller) by extensions ['colcon_meta']
[2.281s] Level 1:colcon.colcon_core.package_identification:_identify(src/kuka_arm_controller) by extension 'colcon_meta'
[2.281s] Level 1:colcon.colcon_core.package_identification:_identify(src/kuka_arm_controller) by extensions ['ros']
[2.281s] Level 1:colcon.colcon_core.package_identification:_identify(src/kuka_arm_controller) by extension 'ros'
[2.285s] DEBUG:colcon.colcon_core.package_identification:Package 'src/kuka_arm_controller' with type 'ros.ament_cmake' and name 'kuka_arm_controller'
[2.285s] Level 1:colcon.colcon_core.package_identification:_identify(src/kuka_arm_description) by extensions ['ignore', 'ignore_ament_install']
[2.285s] Level 1:colcon.colcon_core.package_identification:_identify(src/kuka_arm_description) by extension 'ignore'
[2.285s] Level 1:colcon.colcon_core.package_identification:_identify(src/kuka_arm_description) by extension 'ignore_ament_install'
[2.285s] Level 1:colcon.colcon_core.package_identification:_identify(src/kuka_arm_description) by extensions ['colcon_pkg']
[2.285s] Level 1:colcon.colcon_core.package_identification:_identify(src/kuka_arm_description) by extension 'colcon_pkg'
[2.285s] Level 1:colcon.colcon_core.package_identification:_identify(src/kuka_arm_description) by extensions ['colcon_meta']
[2.285s] Level 1:colcon.colcon_core.package_identification:_identify(src/kuka_arm_description) by extension 'colcon_meta'
[2.286s] Level 1:colcon.colcon_core.package_identification:_identify(src/kuka_arm_description) by extensions ['ros']
[2.286s] Level 1:colcon.colcon_core.package_identification:_identify(src/kuka_arm_description) by extension 'ros'
[2.299s] DEBUG:colcon.colcon_core.package_identification:Package 'src/kuka_arm_description' with type 'ros.ament_cmake' and name 'kuka_arm_description'
[2.299s] Level 1:colcon.colcon_core.package_discovery:discover_packages(recursive) using defaults
[2.299s] Level 1:colcon.colcon_core.package_discovery:discover_packages(ignore) discover
[2.299s] Level 1:colcon.colcon_core.package_discovery:discover_packages(ignore) using defaults
[2.299s] Level 1:colcon.colcon_core.package_discovery:discover_packages(path) discover
[2.300s] Level 1:colcon.colcon_core.package_discovery:discover_packages(path) using defaults
[2.334s] Level 1:colcon.colcon_core.package_discovery:discover_packages(prefix_path) check parameters
[2.334s] Level 1:colcon.colcon_core.package_discovery:discover_packages(prefix_path) discover
[2.338s] DEBUG:colcon.colcon_installed_package_information.package_discovery:Found 2 installed packages in /home/antoniousboshra/antonious_boshra_kuka_arm/install
[2.338s] DEBUG:colcon.colcon_installed_package_information.package_discovery:Found 3 installed packages in /home/antoniousboshra/antoniobrandifirst_ws/install
[2.342s] DEBUG:colcon.colcon_installed_package_information.package_discovery:Found 453 installed packages in /opt/ros/humble
[2.345s] Level 1:colcon.colcon_core.package_discovery:discover_packages(prefix_path) using defaults
[2.452s] Level 5:colcon.colcon_core.verb:set package 'kuka_arm_controller' build argument 'cmake_args' from command line to 'None'
[2.452s] Level 5:colcon.colcon_core.verb:set package 'kuka_arm_controller' build argument 'cmake_target' from command line to 'None'
[2.452s] Level 5:colcon.colcon_core.verb:set package 'kuka_arm_controller' build argument 'cmake_target_skip_unavailable' from command line to 'False'
[2.452s] Level 5:colcon.colcon_core.verb:set package 'kuka_arm_controller' build argument 'cmake_clean_cache' from command line to 'False'
[2.452s] Level 5:colcon.colcon_core.verb:set package 'kuka_arm_controller' build argument 'cmake_clean_first' from command line to 'False'
[2.452s] Level 5:colcon.colcon_core.verb:set package 'kuka_arm_controller' build argument 'cmake_force_configure' from command line to 'False'
[2.452s] Level 5:colcon.colcon_core.verb:set package 'kuka_arm_controller' build argument 'ament_cmake_args' from command line to 'None'
[2.452s] Level 5:colcon.colcon_core.verb:set package 'kuka_arm_controller' build argument 'catkin_cmake_args' from command line to 'None'
[2.452s] Level 5:colcon.colcon_core.verb:set package 'kuka_arm_controller' build argument 'catkin_skip_building_tests' from command line to 'False'
[2.452s] DEBUG:colcon.colcon_core.verb:Building package 'kuka_arm_controller' with the following arguments: {'ament_cmake_args': None, 'build_base': '/home/antoniousboshra/antonious_boshra_kuka_arm/build/kuka_arm_controller', 'catkin_cmake_args': None, 'catkin_skip_building_tests': False, 'cmake_args': None, 'cmake_clean_cache': False, 'cmake_clean_first': False, 'cmake_force_configure': False, 'cmake_target': None, 'cmake_target_skip_unavailable': False, 'install_base': '/home/antoniousboshra/antonious_boshra_kuka_arm/install/kuka_arm_controller', 'merge_install': False, 'path': '/home/antoniousboshra/antonious_boshra_kuka_arm/src/kuka_arm_controller', 'symlink_install': False, 'test_result_base': None}
[2.453s] Level 5:colcon.colcon_core.verb:set package 'kuka_arm_description' build argument 'cmake_args' from command line to 'None'
[2.453s] Level 5:colcon.colcon_core.verb:set package 'kuka_arm_description' build argument 'cmake_target' from command line to 'None'
[2.453s] Level 5:colcon.colcon_core.verb:set package 'kuka_arm_description' build argument 'cmake_target_skip_unavailable' from command line to 'False'
[2.453s] Level 5:colcon.colcon_core.verb:set package 'kuka_arm_description' build argument 'cmake_clean_cache' from command line to 'False'
[2.453s] Level 5:colcon.colcon_core.verb:set package 'kuka_arm_description' build argument 'cmake_clean_first' from command line to 'False'
[2.453s] Level 5:colcon.colcon_core.verb:set package 'kuka_arm_description' build argument 'cmake_force_configure' from command line to 'False'
[2.453s] Level 5:colcon.colcon_core.verb:set package 'kuka_arm_description' build argument 'ament_cmake_args' from command line to 'None'
[2.453s] Level 5:colcon.colcon_core.verb:set package 'kuka_arm_description' build argument 'catkin_cmake_args' from command line to 'None'
[2.453s] Level 5:colcon.colcon_core.verb:set package 'kuka_arm_description' build argument 'catkin_skip_building_tests' from command line to 'False'
[2.453s] DEBUG:colcon.colcon_core.verb:Building package 'kuka_arm_description' with the following arguments: {'ament_cmake_args': None, 'build_base': '/home/antoniousboshra/antonious_boshra_kuka_arm/build/kuka_arm_description', 'catkin_cmake_args': None, 'catkin_skip_building_tests': False, 'cmake_args': None, 'cmake_clean_cache': False, 'cmake_clean_first': False, 'cmake_force_configure': False, 'cmake_target': None, 'cmake_target_skip_unavailable': False, 'install_base': '/home/antoniousboshra/antonious_boshra_kuka_arm/install/kuka_arm_description', 'merge_install': False, 'path': '/home/antoniousboshra/antonious_boshra_kuka_arm/src/kuka_arm_description', 'symlink_install': False, 'test_result_base': None}
[2.454s] INFO:colcon.colcon_core.executor:Executing jobs using 'parallel' executor
[2.455s] DEBUG:colcon.colcon_parallel_executor.executor.parallel:run_until_complete
[2.456s] INFO:colcon.colcon_ros.task.ament_cmake.build:Building ROS package in '/home/antoniousboshra/antonious_boshra_kuka_arm/src/kuka_arm_controller' with build type 'ament_cmake'
[2.456s] INFO:colcon.colcon_cmake.task.cmake.build:Building CMake package in '/home/antoniousboshra/antonious_boshra_kuka_arm/src/kuka_arm_controller'
[2.460s] INFO:colcon.colcon_core.plugin_system:Skipping extension 'colcon_core.shell.bat': Not used on non-Windows systems
[2.461s] INFO:colcon.colcon_core.shell:Skip shell extension 'powershell' for command environment: Not usable outside of PowerShell
[2.461s] DEBUG:colcon.colcon_core.shell:Skip shell extension 'dsv' for command environment
[2.469s] INFO:colcon.colcon_ros.task.ament_cmake.build:Building ROS package in '/home/antoniousboshra/antonious_boshra_kuka_arm/src/kuka_arm_description' with build type 'ament_cmake'
[2.469s] INFO:colcon.colcon_cmake.task.cmake.build:Building CMake package in '/home/antoniousboshra/antonious_boshra_kuka_arm/src/kuka_arm_description'
[2.470s] INFO:colcon.colcon_core.shell:Skip shell extension 'powershell' for command environment: Not usable outside of PowerShell
[2.470s] DEBUG:colcon.colcon_core.shell:Skip shell extension 'dsv' for command environment
[2.547s] DEBUG:colcon.colcon_core.event_handler.log_command:Invoking command in '/home/antoniousboshra/antonious_boshra_kuka_arm/build/kuka_arm_controller': CMAKE_PREFIX_PATH=${CMAKE_PREFIX_PATH}:/home/antoniousboshra/antoniobrandifirst_ws/install/antoniobrandifirstpython:/opt/ros/humble /usr/bin/cmake --build /home/antoniousboshra/antonious_boshra_kuka_arm/build/kuka_arm_controller -- -j8 -l8
[2.554s] DEBUG:colcon.colcon_core.event_handler.log_command:Invoking command in '/home/antoniousboshra/antonious_boshra_kuka_arm/build/kuka_arm_description': CMAKE_PREFIX_PATH=${CMAKE_PREFIX_PATH}:/home/antoniousboshra/antoniobrandifirst_ws/install/antoniobrandifirstpython:/opt/ros/humble /usr/bin/cmake --build /home/antoniousboshra/antonious_boshra_kuka_arm/build/kuka_arm_description -- -j8 -l8
[2.579s] DEBUG:colcon.colcon_core.event_handler.log_command:Invoked command in '/home/antoniousboshra/antonious_boshra_kuka_arm/build/kuka_arm_controller' returned '0': CMAKE_PREFIX_PATH=${CMAKE_PREFIX_PATH}:/home/antoniousboshra/antoniobrandifirst_ws/install/antoniobrandifirstpython:/opt/ros/humble /usr/bin/cmake --build /home/antoniousboshra/antonious_boshra_kuka_arm/build/kuka_arm_controller -- -j8 -l8
[2.589s] DEBUG:colcon.colcon_core.event_handler.log_command:Invoking command in '/home/antoniousboshra/antonious_boshra_kuka_arm/build/kuka_arm_controller': CMAKE_PREFIX_PATH=${CMAKE_PREFIX_PATH}:/home/antoniousboshra/antoniobrandifirst_ws/install/antoniobrandifirstpython:/opt/ros/humble /usr/bin/cmake --install /home/antoniousboshra/antonious_boshra_kuka_arm/build/kuka_arm_controller
[2.591s] DEBUG:colcon.colcon_core.event_handler.log_command:Invoked command in '/home/antoniousboshra/antonious_boshra_kuka_arm/build/kuka_arm_description' returned '0': CMAKE_PREFIX_PATH=${CMAKE_PREFIX_PATH}:/home/antoniousboshra/antoniobrandifirst_ws/install/antoniobrandifirstpython:/opt/ros/humble /usr/bin/cmake --build /home/antoniousboshra/antonious_boshra_kuka_arm/build/kuka_arm_description -- -j8 -l8
[2.592s] DEBUG:colcon.colcon_core.event_handler.log_command:Invoking command in '/home/antoniousboshra/antonious_boshra_kuka_arm/build/kuka_arm_description': CMAKE_PREFIX_PATH=${CMAKE_PREFIX_PATH}:/home/antoniousboshra/antoniobrandifirst_ws/install/antoniobrandifirstpython:/opt/ros/humble /usr/bin/cmake --install /home/antoniousboshra/antonious_boshra_kuka_arm/build/kuka_arm_description
[2.630s] Level 1:colcon.colcon_core.environment:create_environment_scripts_only(kuka_arm_controller)
[2.635s] DEBUG:colcon.colcon_core.event_handler.log_command:Invoked command in '/home/antoniousboshra/antonious_boshra_kuka_arm/build/kuka_arm_controller' returned '0': CMAKE_PREFIX_PATH=${CMAKE_PREFIX_PATH}:/home/antoniousboshra/antoniobrandifirst_ws/install/antoniobrandifirstpython:/opt/ros/humble /usr/bin/cmake --install /home/antoniousboshra/antonious_boshra_kuka_arm/build/kuka_arm_controller
[2.641s] Level 1:colcon.colcon_core.environment:checking '/home/antoniousboshra/antonious_boshra_kuka_arm/install/kuka_arm_controller' for CMake module files
[2.642s] Level 1:colcon.colcon_core.environment:checking '/home/antoniousboshra/antonious_boshra_kuka_arm/install/kuka_arm_controller' for CMake config files
[2.642s] Level 1:colcon.colcon_core.shell:create_environment_hook('kuka_arm_controller', 'cmake_prefix_path')
[2.643s] INFO:colcon.colcon_core.shell:Creating environment hook '/home/antoniousboshra/antonious_boshra_kuka_arm/install/kuka_arm_controller/share/kuka_arm_controller/hook/cmake_prefix_path.ps1'
[2.645s] INFO:colcon.colcon_core.shell:Creating environment descriptor '/home/antoniousboshra/antonious_boshra_kuka_arm/install/kuka_arm_controller/share/kuka_arm_controller/hook/cmake_prefix_path.dsv'
[2.646s] INFO:colcon.colcon_core.shell:Creating environment hook '/home/antoniousboshra/antonious_boshra_kuka_arm/install/kuka_arm_controller/share/kuka_arm_controller/hook/cmake_prefix_path.sh'
[2.648s] Level 1:colcon.colcon_core.environment:checking '/home/antoniousboshra/antonious_boshra_kuka_arm/install/kuka_arm_controller/bin'
[2.648s] Level 1:colcon.colcon_core.environment:checking '/home/antoniousboshra/antonious_boshra_kuka_arm/install/kuka_arm_controller/lib/pkgconfig/kuka_arm_controller.pc'
[2.649s] Level 1:colcon.colcon_core.environment:checking '/home/antoniousboshra/antonious_boshra_kuka_arm/install/kuka_arm_controller/lib/python3.10/site-packages'
[2.649s] Level 1:colcon.colcon_core.environment:checking '/home/antoniousboshra/antonious_boshra_kuka_arm/install/kuka_arm_controller/bin'
[2.650s] INFO:colcon.colcon_core.shell:Creating package script '/home/antoniousboshra/antonious_boshra_kuka_arm/install/kuka_arm_controller/share/kuka_arm_controller/package.ps1'
[2.652s] INFO:colcon.colcon_core.shell:Creating package descriptor '/home/antoniousboshra/antonious_boshra_kuka_arm/install/kuka_arm_controller/share/kuka_arm_controller/package.dsv'
[2.654s] INFO:colcon.colcon_core.shell:Creating package script '/home/antoniousboshra/antonious_boshra_kuka_arm/install/kuka_arm_controller/share/kuka_arm_controller/package.sh'
[2.656s] INFO:colcon.colcon_core.shell:Creating package script '/home/antoniousboshra/antonious_boshra_kuka_arm/install/kuka_arm_controller/share/kuka_arm_controller/package.bash'
[2.658s] INFO:colcon.colcon_core.shell:Creating package script '/home/antoniousboshra/antonious_boshra_kuka_arm/install/kuka_arm_controller/share/kuka_arm_controller/package.zsh'
[2.660s] Level 1:colcon.colcon_core.environment:create_file_with_runtime_dependencies(/home/antoniousboshra/antonious_boshra_kuka_arm/install/kuka_arm_controller/share/colcon-core/packages/kuka_arm_controller)
[2.662s] Level 1:colcon.colcon_core.environment:create_environment_scripts_only(kuka_arm_controller)
[2.662s] Level 1:colcon.colcon_core.environment:checking '/home/antoniousboshra/antonious_boshra_kuka_arm/install/kuka_arm_controller' for CMake module files
[2.663s] Level 1:colcon.colcon_core.environment:checking '/home/antoniousboshra/antonious_boshra_kuka_arm/install/kuka_arm_controller' for CMake config files
[2.664s] Level 1:colcon.colcon_core.shell:create_environment_hook('kuka_arm_controller', 'cmake_prefix_path')
[2.664s] INFO:colcon.colcon_core.shell:Creating environment hook '/home/antoniousboshra/antonious_boshra_kuka_arm/install/kuka_arm_controller/share/kuka_arm_controller/hook/cmake_prefix_path.ps1'
[2.665s] INFO:colcon.colcon_core.shell:Creating environment descriptor '/home/antoniousboshra/antonious_boshra_kuka_arm/install/kuka_arm_controller/share/kuka_arm_controller/hook/cmake_prefix_path.dsv'
[2.666s] INFO:colcon.colcon_core.shell:Creating environment hook '/home/antoniousboshra/antonious_boshra_kuka_arm/install/kuka_arm_controller/share/kuka_arm_controller/hook/cmake_prefix_path.sh'
[2.667s] Level 1:colcon.colcon_core.environment:checking '/home/antoniousboshra/antonious_boshra_kuka_arm/install/kuka_arm_controller/bin'
[2.668s] Level 1:colcon.colcon_core.environment:checking '/home/antoniousboshra/antonious_boshra_kuka_arm/install/kuka_arm_controller/lib/pkgconfig/kuka_arm_controller.pc'
[2.668s] Level 1:colcon.colcon_core.environment:checking '/home/antoniousboshra/antonious_boshra_kuka_arm/install/kuka_arm_controller/lib/python3.10/site-packages'
[2.669s] Level 1:colcon.colcon_core.environment:checking '/home/antoniousboshra/antonious_boshra_kuka_arm/install/kuka_arm_controller/bin'
[2.670s] INFO:colcon.colcon_core.shell:Creating package script '/home/antoniousboshra/antonious_boshra_kuka_arm/install/kuka_arm_controller/share/kuka_arm_controller/package.ps1'
[2.671s] INFO:colcon.colcon_core.shell:Creating package descriptor '/home/antoniousboshra/antonious_boshra_kuka_arm/install/kuka_arm_controller/share/kuka_arm_controller/package.dsv'
[2.672s] INFO:colcon.colcon_core.shell:Creating package script '/home/antoniousboshra/antonious_boshra_kuka_arm/install/kuka_arm_controller/share/kuka_arm_controller/package.sh'
[2.673s] INFO:colcon.colcon_core.shell:Creating package script '/home/antoniousboshra/antonious_boshra_kuka_arm/install/kuka_arm_controller/share/kuka_arm_controller/package.bash'
[2.674s] INFO:colcon.colcon_core.shell:Creating package script '/home/antoniousboshra/antonious_boshra_kuka_arm/install/kuka_arm_controller/share/kuka_arm_controller/package.zsh'
[2.675s] Level 1:colcon.colcon_core.environment:create_file_with_runtime_dependencies(/home/antoniousboshra/antonious_boshra_kuka_arm/install/kuka_arm_controller/share/colcon-core/packages/kuka_arm_controller)
[2.676s] Level 1:colcon.colcon_core.environment:create_environment_scripts_only(kuka_arm_description)
[2.677s] Level 1:colcon.colcon_core.environment:checking '/home/antoniousboshra/antonious_boshra_kuka_arm/install/kuka_arm_description' for CMake module files
[2.679s] Level 1:colcon.colcon_core.environment:checking '/home/antoniousboshra/antonious_boshra_kuka_arm/install/kuka_arm_description' for CMake config files
[2.680s] DEBUG:colcon.colcon_core.event_handler.log_command:Invoked command in '/home/antoniousboshra/antonious_boshra_kuka_arm/build/kuka_arm_description' returned '0': CMAKE_PREFIX_PATH=${CMAKE_PREFIX_PATH}:/home/antoniousboshra/antoniobrandifirst_ws/install/antoniobrandifirstpython:/opt/ros/humble /usr/bin/cmake --install /home/antoniousboshra/antonious_boshra_kuka_arm/build/kuka_arm_description
[2.680s] Level 1:colcon.colcon_core.shell:create_environment_hook('kuka_arm_description', 'cmake_prefix_path')
[2.681s] INFO:colcon.colcon_core.shell:Creating environment hook '/home/antoniousboshra/antonious_boshra_kuka_arm/install/kuka_arm_description/share/kuka_arm_description/hook/cmake_prefix_path.ps1'
[2.682s] INFO:colcon.colcon_core.shell:Creating environment descriptor '/home/antoniousboshra/antonious_boshra_kuka_arm/install/kuka_arm_description/share/kuka_arm_description/hook/cmake_prefix_path.dsv'
[2.683s] INFO:colcon.colcon_core.shell:Creating environment hook '/home/antoniousboshra/antonious_boshra_kuka_arm/install/kuka_arm_description/share/kuka_arm_description/hook/cmake_prefix_path.sh'
[2.685s] Level 1:colcon.colcon_core.environment:checking '/home/antoniousboshra/antonious_boshra_kuka_arm/install/kuka_arm_description/bin'
[2.685s] Level 1:colcon.colcon_core.environment:checking '/home/antoniousboshra/antonious_boshra_kuka_arm/install/kuka_arm_description/lib/pkgconfig/kuka_arm_description.pc'
[2.686s] Level 1:colcon.colcon_core.environment:checking '/home/antoniousboshra/antonious_boshra_kuka_arm/install/kuka_arm_description/lib/python3.10/site-packages'
[2.686s] Level 1:colcon.colcon_core.environment:checking '/home/antoniousboshra/antonious_boshra_kuka_arm/install/kuka_arm_description/bin'
[2.687s] INFO:colcon.colcon_core.shell:Creating package script '/home/antoniousboshra/antonious_boshra_kuka_arm/install/kuka_arm_description/share/kuka_arm_description/package.ps1'
[2.689s] INFO:colcon.colcon_core.shell:Creating package descriptor '/home/antoniousboshra/antonious_boshra_kuka_arm/install/kuka_arm_description/share/kuka_arm_description/package.dsv'
[2.690s] INFO:colcon.colcon_core.shell:Creating package script '/home/antoniousboshra/antonious_boshra_kuka_arm/install/kuka_arm_description/share/kuka_arm_description/package.sh'
[2.691s] INFO:colcon.colcon_core.shell:Creating package script '/home/antoniousboshra/antonious_boshra_kuka_arm/install/kuka_arm_description/share/kuka_arm_description/package.bash'
[2.692s] INFO:colcon.colcon_core.shell:Creating package script '/home/antoniousboshra/antonious_boshra_kuka_arm/install/kuka_arm_description/share/kuka_arm_description/package.zsh'
[2.693s] Level 1:colcon.colcon_core.environment:create_file_with_runtime_dependencies(/home/antoniousboshra/antonious_boshra_kuka_arm/install/kuka_arm_description/share/colcon-core/packages/kuka_arm_description)
[2.694s] Level 1:colcon.colcon_core.environment:create_environment_scripts_only(kuka_arm_description)
[2.695s] Level 1:colcon.colcon_core.environment:checking '/home/antoniousboshra/antonious_boshra_kuka_arm/install/kuka_arm_description' for CMake module files
[2.696s] Level 1:colcon.colcon_core.environment:checking '/home/antoniousboshra/antonious_boshra_kuka_arm/install/kuka_arm_description' for CMake config files
[2.697s] Level 1:colcon.colcon_core.shell:create_environment_hook('kuka_arm_description', 'cmake_prefix_path')
[2.697s] INFO:colcon.colcon_core.shell:Creating environment hook '/home/antoniousboshra/antonious_boshra_kuka_arm/install/kuka_arm_description/share/kuka_arm_description/hook/cmake_prefix_path.ps1'
[2.698s] INFO:colcon.colcon_core.shell:Creating environment descriptor '/home/antoniousboshra/antonious_boshra_kuka_arm/install/kuka_arm_description/share/kuka_arm_description/hook/cmake_prefix_path.dsv'
[2.699s] INFO:colcon.colcon_core.shell:Creating environment hook '/home/antoniousboshra/antonious_boshra_kuka_arm/install/kuka_arm_description/share/kuka_arm_description/hook/cmake_prefix_path.sh'
[2.700s] Level 1:colcon.colcon_core.environment:checking '/home/antoniousboshra/antonious_boshra_kuka_arm/install/kuka_arm_description/bin'
[2.701s] Level 1:colcon.colcon_core.environment:checking '/home/antoniousboshra/antonious_boshra_kuka_arm/install/kuka_arm_description/lib/pkgconfig/kuka_arm_description.pc'
[2.701s] Level 1:colcon.colcon_core.environment:checking '/home/antoniousboshra/antonious_boshra_kuka_arm/install/kuka_arm_description/lib/python3.10/site-packages'
[2.701s] Level 1:colcon.colcon_core.environment:checking '/home/antoniousboshra/antonious_boshra_kuka_arm/install/kuka_arm_description/bin'
[2.702s] INFO:colcon.colcon_core.shell:Creating package script '/home/antoniousboshra/antonious_boshra_kuka_arm/install/kuka_arm_description/share/kuka_arm_description/package.ps1'
[2.703s] INFO:colcon.colcon_core.shell:Creating package descriptor '/home/antoniousboshra/antonious_boshra_kuka_arm/install/kuka_arm_description/share/kuka_arm_description/package.dsv'
[2.704s] INFO:colcon.colcon_core.shell:Creating package script '/home/antoniousboshra/antonious_boshra_kuka_arm/install/kuka_arm_description/share/kuka_arm_description/package.sh'
[2.705s] INFO:colcon.colcon_core.shell:Creating package script '/home/antoniousboshra/antonious_boshra_kuka_arm/install/kuka_arm_description/share/kuka_arm_description/package.bash'
[2.705s] INFO:colcon.colcon_core.shell:Creating package script '/home/antoniousboshra/antonious_boshra_kuka_arm/install/kuka_arm_description/share/kuka_arm_description/package.zsh'
[2.706s] Level 1:colcon.colcon_core.environment:create_file_with_runtime_dependencies(/home/antoniousboshra/antonious_boshra_kuka_arm/install/kuka_arm_description/share/colcon-core/packages/kuka_arm_description)
[2.706s] DEBUG:colcon.colcon_parallel_executor.executor.parallel:closing loop
[2.707s] DEBUG:colcon.colcon_parallel_executor.executor.parallel:loop closed
[2.707s] DEBUG:colcon.colcon_parallel_executor.executor.parallel:run_until_complete finished with '0'
[2.707s] DEBUG:colcon.colcon_core.event_reactor:joining thread
[2.728s] INFO:colcon.colcon_core.plugin_system:Skipping extension 'colcon_notification.desktop_notification.terminal_notifier': Not used on non-Darwin systems
[2.728s] INFO:colcon.colcon_core.plugin_system:Skipping extension 'colcon_notification.desktop_notification.win32': Not used on non-Windows systems
[2.728s] INFO:colcon.colcon_notification.desktop_notification:Sending desktop notification using 'notify2'
[2.751s] DEBUG:colcon.colcon_core.event_reactor:joined thread
[2.752s] INFO:colcon.colcon_core.shell:Creating prefix script '/home/antoniousboshra/antonious_boshra_kuka_arm/install/local_setup.ps1'
[2.756s] INFO:colcon.colcon_core.shell:Creating prefix util module '/home/antoniousboshra/antonious_boshra_kuka_arm/install/_local_setup_util_ps1.py'
[2.762s] INFO:colcon.colcon_core.shell:Creating prefix chain script '/home/antoniousboshra/antonious_boshra_kuka_arm/install/setup.ps1'
[2.766s] INFO:colcon.colcon_core.shell:Creating prefix script '/home/antoniousboshra/antonious_boshra_kuka_arm/install/local_setup.sh'
[2.767s] INFO:colcon.colcon_core.shell:Creating prefix util module '/home/antoniousboshra/antonious_boshra_kuka_arm/install/_local_setup_util_sh.py'
[2.769s] INFO:colcon.colcon_core.shell:Creating prefix chain script '/home/antoniousboshra/antonious_boshra_kuka_arm/install/setup.sh'
[2.773s] INFO:colcon.colcon_core.shell:Creating prefix script '/home/antoniousboshra/antonious_boshra_kuka_arm/install/local_setup.bash'
[2.775s] INFO:colcon.colcon_core.shell:Creating prefix chain script '/home/antoniousboshra/antonious_boshra_kuka_arm/install/setup.bash'
[2.778s] INFO:colcon.colcon_core.shell:Creating prefix script '/home/antoniousboshra/antonious_boshra_kuka_arm/install/local_setup.zsh'
[2.779s] INFO:colcon.colcon_core.shell:Creating prefix chain script '/home/antoniousboshra/antonious_boshra_kuka_arm/install/setup.zsh'
