[0.090s] Invoking command in '/home/antoniousboshra/antonious_boshra_kuka_arm/build/kuka_arm_controller': CMAKE_PREFIX_PATH=${CMAKE_PREFIX_PATH}:/home/antoniousboshra/antoniobrandifirst_ws/install/antoniobrandifirstpython:/opt/ros/humble /usr/bin/cmake --build /home/antoniousboshra/antonious_boshra_kuka_arm/build/kuka_arm_controller -- -j8 -l8
[0.122s] Invoked command in '/home/antoniousboshra/antonious_boshra_kuka_arm/build/kuka_arm_controller' returned '0': CMAKE_PREFIX_PATH=${CMAKE_PREFIX_PATH}:/home/antoniousboshra/antoniobrandifirst_ws/install/antoniobrandifirstpython:/opt/ros/humble /usr/bin/cmake --build /home/antoniousboshra/antonious_boshra_kuka_arm/build/kuka_arm_controller -- -j8 -l8
[0.132s] Invoking command in '/home/antoniousboshra/antonious_boshra_kuka_arm/build/kuka_arm_controller': CMAKE_PREFIX_PATH=${CMAKE_PREFIX_PATH}:/home/antoniousboshra/antoniobrandifirst_ws/install/antoniobrandifirstpython:/opt/ros/humble /usr/bin/cmake --install /home/antoniousboshra/antonious_boshra_kuka_arm/build/kuka_arm_controller
[0.169s] -- Install configuration: ""
[0.169s] -- Up-to-date: /home/antoniousboshra/antonious_boshra_kuka_arm/install/kuka_arm_controller/share/kuka_arm_controller/config
[0.170s] -- Up-to-date: /home/antoniousboshra/antonious_boshra_kuka_arm/install/kuka_arm_controller/share/kuka_arm_controller/config/kuka_arm_controller.yaml
[0.170s] -- Up-to-date: /home/antoniousboshra/antonious_boshra_kuka_arm/install/kuka_arm_controller/share/ament_index/resource_index/package_run_dependencies/kuka_arm_controller
[0.171s] -- Up-to-date: /home/antoniousboshra/antonious_boshra_kuka_arm/install/kuka_arm_controller/share/ament_index/resource_index/parent_prefix_path/kuka_arm_controller
[0.172s] -- Up-to-date: /home/antoniousboshra/antonious_boshra_kuka_arm/install/kuka_arm_controller/share/kuka_arm_controller/environment/ament_prefix_path.sh
[0.173s] -- Up-to-date: /home/antoniousboshra/antonious_boshra_kuka_arm/install/kuka_arm_controller/share/kuka_arm_controller/environment/ament_prefix_path.dsv
[0.173s] -- Up-to-date: /home/antoniousboshra/antonious_boshra_kuka_arm/install/kuka_arm_controller/share/kuka_arm_controller/environment/path.sh
[0.175s] -- Up-to-date: /home/antoniousboshra/antonious_boshra_kuka_arm/install/kuka_arm_controller/share/kuka_arm_controller/environment/path.dsv
[0.175s] -- Up-to-date: /home/antoniousboshra/antonious_boshra_kuka_arm/install/kuka_arm_controller/share/kuka_arm_controller/local_setup.bash
[0.175s] -- Up-to-date: /home/antoniousboshra/antonious_boshra_kuka_arm/install/kuka_arm_controller/share/kuka_arm_controller/local_setup.sh
[0.175s] -- Up-to-date: /home/antoniousboshra/antonious_boshra_kuka_arm/install/kuka_arm_controller/share/kuka_arm_controller/local_setup.zsh
[0.176s] -- Up-to-date: /home/antoniousboshra/antonious_boshra_kuka_arm/install/kuka_arm_controller/share/kuka_arm_controller/local_setup.dsv
[0.176s] -- Installing: /home/antoniousboshra/antonious_boshra_kuka_arm/install/kuka_arm_controller/share/kuka_arm_controller/package.dsv
[0.177s] -- Up-to-date: /home/antoniousboshra/antonious_boshra_kuka_arm/install/kuka_arm_controller/share/ament_index/resource_index/packages/kuka_arm_controller
[0.177s] -- Up-to-date: /home/antoniousboshra/antonious_boshra_kuka_arm/install/kuka_arm_controller/share/kuka_arm_controller/cmake/kuka_arm_controllerConfig.cmake
[0.177s] -- Up-to-date: /home/antoniousboshra/antonious_boshra_kuka_arm/install/kuka_arm_controller/share/kuka_arm_controller/cmake/kuka_arm_controllerConfig-version.cmake
[0.177s] -- Up-to-date: /home/antoniousboshra/antonious_boshra_kuka_arm/install/kuka_arm_controller/share/kuka_arm_controller/package.xml
[0.179s] Invoked command in '/home/antoniousboshra/antonious_boshra_kuka_arm/build/kuka_arm_controller' returned '0': CMAKE_PREFIX_PATH=${CMAKE_PREFIX_PATH}:/home/antoniousboshra/antoniobrandifirst_ws/install/antoniobrandifirstpython:/opt/ros/humble /usr/bin/cmake --install /home/antoniousboshra/antonious_boshra_kuka_arm/build/kuka_arm_controller
