[0.010s] Invoking command in '/home/antoniousboshra/antonious_boshra_kuka_arm/build/kuka_arm_description': CMAKE_PREFIX_PATH=${CMAKE_PREFIX_PATH}:/home/antoniousboshra/antonious_boshra_kuka_arm/install/antoniobrandifirstpython:/home/antoniousboshra/antoniobrandifirst_ws/install/antoniobrandifirstpython:/opt/ros/humble /usr/bin/cmake /home/antoniousboshra/antonious_boshra_kuka_arm/src/kuka_arm_description -DCMAKE_INSTALL_PREFIX=/home/antoniousboshra/antonious_boshra_kuka_arm/install/kuka_arm_description
[0.103s] -- The C compiler identification is GNU 11.4.0
[0.203s] -- The CXX compiler identification is GNU 11.4.0
[0.209s] -- Detecting C compiler ABI info
[0.257s] -- Detecting C compiler ABI info - done
[0.280s] -- Check for working C compiler: /usr/bin/cc - skipped
[0.280s] -- Detecting C compile features
[0.280s] -- Detecting C compile features - done
[0.290s] -- Detecting CXX compiler ABI info
[0.354s] -- Detecting CXX compiler ABI info - done
[0.368s] -- Check for working CXX compiler: /usr/bin/c++ - skipped
[0.368s] -- Detecting CXX compile features
[0.369s] -- Detecting CXX compile features - done
[0.381s] -- Found ament_cmake: 1.3.11 (/opt/ros/humble/share/ament_cmake/cmake)
[0.504s] -- Found Python3: /usr/bin/python3 (found version "3.10.12") found components: Interpreter
[0.636s] -- Found ament_lint_auto: 0.12.12 (/opt/ros/humble/share/ament_lint_auto/cmake)
[0.728s] -- Added test 'flake8' to check Python code syntax and style conventions
[0.728s] -- Added test 'lint_cmake' to check CMake code style
[0.729s] -- Added test 'pep257' to check Python code against some of the docstring style conventions in PEP 257
[0.731s] -- Added test 'xmllint' to check XML markup files
[0.732s] -- Configuring done (0.7s)
[0.734s] -- Generating done (0.0s)
[0.735s] -- Build files have been written to: /home/antoniousboshra/antonious_boshra_kuka_arm/build/kuka_arm_description
[0.741s] Invoked command in '/home/antoniousboshra/antonious_boshra_kuka_arm/build/kuka_arm_description' returned '0': CMAKE_PREFIX_PATH=${CMAKE_PREFIX_PATH}:/home/antoniousboshra/antonious_boshra_kuka_arm/install/antoniobrandifirstpython:/home/antoniousboshra/antoniobrandifirst_ws/install/antoniobrandifirstpython:/opt/ros/humble /usr/bin/cmake /home/antoniousboshra/antonious_boshra_kuka_arm/src/kuka_arm_description -DCMAKE_INSTALL_PREFIX=/home/antoniousboshra/antonious_boshra_kuka_arm/install/kuka_arm_description
[0.741s] Invoking command in '/home/antoniousboshra/antonious_boshra_kuka_arm/build/kuka_arm_description': CMAKE_PREFIX_PATH=${CMAKE_PREFIX_PATH}:/home/antoniousboshra/antonious_boshra_kuka_arm/install/antoniobrandifirstpython:/home/antoniousboshra/antoniobrandifirst_ws/install/antoniobrandifirstpython:/opt/ros/humble /usr/bin/cmake --build /home/antoniousboshra/antonious_boshra_kuka_arm/build/kuka_arm_description -- -j8 -l8
[0.757s] Invoked command in '/home/antoniousboshra/antonious_boshra_kuka_arm/build/kuka_arm_description' returned '0': CMAKE_PREFIX_PATH=${CMAKE_PREFIX_PATH}:/home/antoniousboshra/antonious_boshra_kuka_arm/install/antoniobrandifirstpython:/home/antoniousboshra/antoniobrandifirst_ws/install/antoniobrandifirstpython:/opt/ros/humble /usr/bin/cmake --build /home/antoniousboshra/antonious_boshra_kuka_arm/build/kuka_arm_description -- -j8 -l8
[0.761s] Invoking command in '/home/antoniousboshra/antonious_boshra_kuka_arm/build/kuka_arm_description': CMAKE_PREFIX_PATH=${CMAKE_PREFIX_PATH}:/home/antoniousboshra/antonious_boshra_kuka_arm/install/antoniobrandifirstpython:/home/antoniousboshra/antoniobrandifirst_ws/install/antoniobrandifirstpython:/opt/ros/humble /usr/bin/cmake --install /home/antoniousboshra/antonious_boshra_kuka_arm/build/kuka_arm_description
[0.764s] -- Install configuration: ""
[0.764s] -- Installing: /home/antoniousboshra/antonious_boshra_kuka_arm/install/kuka_arm_description/share/kuka_arm_description/meshes
[0.764s] -- Installing: /home/antoniousboshra/antonious_boshra_kuka_arm/install/kuka_arm_description/share/kuka_arm_description/meshes/base_link.STL
[0.764s] -- Installing: /home/antoniousboshra/antonious_boshra_kuka_arm/install/kuka_arm_description/share/kuka_arm_description/meshes/upperarm_Link.STL
[0.764s] -- Installing: /home/antoniousboshra/antonious_boshra_kuka_arm/install/kuka_arm_description/share/kuka_arm_description/meshes/revolver_Link.STL
[0.765s] -- Installing: /home/antoniousboshra/antonious_boshra_kuka_arm/install/kuka_arm_description/share/kuka_arm_description/meshes/lowerarm_Link.STL
[0.765s] -- Installing: /home/antoniousboshra/antonious_boshra_kuka_arm/install/kuka_arm_description/share/kuka_arm_description/meshes/jawgripper_Link.STL
[0.771s] -- Installing: /home/antoniousboshra/antonious_boshra_kuka_arm/install/kuka_arm_description/share/kuka_arm_description/meshes/body_Link.STL
[0.771s] -- Installing: /home/antoniousboshra/antonious_boshra_kuka_arm/install/kuka_arm_description/share/kuka_arm_description/meshes/wrist_Link.STL
[0.771s] -- Installing: /home/antoniousboshra/antonious_boshra_kuka_arm/install/kuka_arm_description/share/kuka_arm_description/meshes/bottom_link.STL
[0.771s] -- Installing: /home/antoniousboshra/antonious_boshra_kuka_arm/install/kuka_arm_description/share/kuka_arm_description/urdf
[0.771s] -- Installing: /home/antoniousboshra/antonious_boshra_kuka_arm/install/kuka_arm_description/share/kuka_arm_description/urdf/robot_arm_description.SLDASM.urdf.xacro
[0.771s] -- Installing: /home/antoniousboshra/antonious_boshra_kuka_arm/install/kuka_arm_description/share/kuka_arm_description/urdf/robot_arm_description.SLDASM.csv
[0.772s] -- Installing: /home/antoniousboshra/antonious_boshra_kuka_arm/install/kuka_arm_description/share/kuka_arm_description/urdf/robot_arm_description.SLDASM_ros2_contol.xacro
[0.772s] -- Installing: /home/antoniousboshra/antonious_boshra_kuka_arm/install/kuka_arm_description/share/kuka_arm_description/urdf/robot_arm_description.SLDASM.igngazebo.xacro
[0.772s] -- Installing: /home/antoniousboshra/antonious_boshra_kuka_arm/install/kuka_arm_description/share/kuka_arm_description/launch
[0.772s] -- Installing: /home/antoniousboshra/antonious_boshra_kuka_arm/install/kuka_arm_description/share/kuka_arm_description/launch/kuka_ign_gazebo_launch.py
[0.772s] -- Installing: /home/antoniousboshra/antonious_boshra_kuka_arm/install/kuka_arm_description/share/kuka_arm_description/launch/kuka_display_launch.py
[0.772s] -- Installing: /home/antoniousboshra/antonious_boshra_kuka_arm/install/kuka_arm_description/share/kuka_arm_description/rviz
[0.772s] -- Installing: /home/antoniousboshra/antonious_boshra_kuka_arm/install/kuka_arm_description/share/kuka_arm_description/rviz/display.rviz
[0.772s] -- Installing: /home/antoniousboshra/antonious_boshra_kuka_arm/install/kuka_arm_description/share/ament_index/resource_index/package_run_dependencies/kuka_arm_description
[0.772s] -- Installing: /home/antoniousboshra/antonious_boshra_kuka_arm/install/kuka_arm_description/share/ament_index/resource_index/parent_prefix_path/kuka_arm_description
[0.773s] -- Installing: /home/antoniousboshra/antonious_boshra_kuka_arm/install/kuka_arm_description/share/kuka_arm_description/environment/ament_prefix_path.sh
[0.773s] -- Installing: /home/antoniousboshra/antonious_boshra_kuka_arm/install/kuka_arm_description/share/kuka_arm_description/environment/ament_prefix_path.dsv
[0.773s] -- Installing: /home/antoniousboshra/antonious_boshra_kuka_arm/install/kuka_arm_description/share/kuka_arm_description/environment/path.sh
[0.773s] -- Installing: /home/antoniousboshra/antonious_boshra_kuka_arm/install/kuka_arm_description/share/kuka_arm_description/environment/path.dsv
[0.773s] -- Installing: /home/antoniousboshra/antonious_boshra_kuka_arm/install/kuka_arm_description/share/kuka_arm_description/local_setup.bash
[0.773s] -- Installing: /home/antoniousboshra/antonious_boshra_kuka_arm/install/kuka_arm_description/share/kuka_arm_description/local_setup.sh
[0.774s] -- Installing: /home/antoniousboshra/antonious_boshra_kuka_arm/install/kuka_arm_description/share/kuka_arm_description/local_setup.zsh
[0.774s] -- Installing: /home/antoniousboshra/antonious_boshra_kuka_arm/install/kuka_arm_description/share/kuka_arm_description/local_setup.dsv
[0.774s] -- Installing: /home/antoniousboshra/antonious_boshra_kuka_arm/install/kuka_arm_description/share/kuka_arm_description/package.dsv
[0.774s] -- Installing: /home/antoniousboshra/antonious_boshra_kuka_arm/install/kuka_arm_description/share/ament_index/resource_index/packages/kuka_arm_description
[0.774s] -- Installing: /home/antoniousboshra/antonious_boshra_kuka_arm/install/kuka_arm_description/share/kuka_arm_description/cmake/kuka_arm_descriptionConfig.cmake
[0.774s] -- Installing: /home/antoniousboshra/antonious_boshra_kuka_arm/install/kuka_arm_description/share/kuka_arm_description/cmake/kuka_arm_descriptionConfig-version.cmake
[0.774s] -- Installing: /home/antoniousboshra/antonious_boshra_kuka_arm/install/kuka_arm_description/share/kuka_arm_description/package.xml
[0.785s] Invoked command in '/home/antoniousboshra/antonious_boshra_kuka_arm/build/kuka_arm_description' returned '0': CMAKE_PREFIX_PATH=${CMAKE_PREFIX_PATH}:/home/antoniousboshra/antonious_boshra_kuka_arm/install/antoniobrandifirstpython:/home/antoniousboshra/antoniobrandifirst_ws/install/antoniobrandifirstpython:/opt/ros/humble /usr/bin/cmake --install /home/antoniousboshra/antonious_boshra_kuka_arm/build/kuka_arm_description
