[0.060s] Invoking command in '/home/antoniousboshra/antonious_boshra_kuka_arm/build/kuka_arm_description': CMAKE_PREFIX_PATH=${CMAKE_PREFIX_PATH}:/home/antoniousboshra/antonious_boshra_kuka_arm/install/mqtt_ros2_bridge:/home/antoniousboshra/antoniobrandifirst_ws/install/antoniobrandifirstpython:/opt/ros/humble /usr/bin/cmake --build /home/antoniousboshra/antonious_boshra_kuka_arm/build/kuka_arm_description -- -j8 -l8
[1.051s] Invoked command in '/home/antoniousboshra/antonious_boshra_kuka_arm/build/kuka_arm_description' returned '0': CMAKE_PREFIX_PATH=${CMAKE_PREFIX_PATH}:/home/antoniousboshra/antonious_boshra_kuka_arm/install/mqtt_ros2_bridge:/home/antoniousboshra/antoniobrandifirst_ws/install/antoniobrandifirstpython:/opt/ros/humble /usr/bin/cmake --build /home/antoniousboshra/antonious_boshra_kuka_arm/build/kuka_arm_description -- -j8 -l8
[1.064s] Invoking command in '/home/antoniousboshra/antonious_boshra_kuka_arm/build/kuka_arm_description': CMAKE_PREFIX_PATH=${CMAKE_PREFIX_PATH}:/home/antoniousboshra/antonious_boshra_kuka_arm/install/mqtt_ros2_bridge:/home/antoniousboshra/antoniobrandifirst_ws/install/antoniobrandifirstpython:/opt/ros/humble /usr/bin/cmake --install /home/antoniousboshra/antonious_boshra_kuka_arm/build/kuka_arm_description
[1.078s] -- Install configuration: ""
[1.079s] -- Up-to-date: /home/antoniousboshra/antonious_boshra_kuka_arm/install/kuka_arm_description/share/kuka_arm_description/meshes
[1.079s] -- Up-to-date: /home/antoniousboshra/antonious_boshra_kuka_arm/install/kuka_arm_description/share/kuka_arm_description/meshes/base_link.STL
[1.080s] -- Up-to-date: /home/antoniousboshra/antonious_boshra_kuka_arm/install/kuka_arm_description/share/kuka_arm_description/meshes/upperarm_Link.STL
[1.080s] -- Up-to-date: /home/antoniousboshra/antonious_boshra_kuka_arm/install/kuka_arm_description/share/kuka_arm_description/meshes/revolver_Link.STL
[1.081s] -- Up-to-date: /home/antoniousboshra/antonious_boshra_kuka_arm/install/kuka_arm_description/share/kuka_arm_description/meshes/lowerarm_Link.STL
[1.082s] -- Up-to-date: /home/antoniousboshra/antonious_boshra_kuka_arm/install/kuka_arm_description/share/kuka_arm_description/meshes/jawgripper_Link.STL
[1.084s] -- Up-to-date: /home/antoniousboshra/antonious_boshra_kuka_arm/install/kuka_arm_description/share/kuka_arm_description/meshes/body_Link.STL
[1.084s] -- Up-to-date: /home/antoniousboshra/antonious_boshra_kuka_arm/install/kuka_arm_description/share/kuka_arm_description/meshes/wrist_Link.STL
[1.086s] -- Up-to-date: /home/antoniousboshra/antonious_boshra_kuka_arm/install/kuka_arm_description/share/kuka_arm_description/meshes/bottom_link.STL
[1.088s] -- Up-to-date: /home/antoniousboshra/antonious_boshra_kuka_arm/install/kuka_arm_description/share/kuka_arm_description/urdf
[1.089s] -- Up-to-date: /home/antoniousboshra/antonious_boshra_kuka_arm/install/kuka_arm_description/share/kuka_arm_description/urdf/robot_arm_description.SLDASM.urdf.xacro
[1.092s] -- Up-to-date: /home/antoniousboshra/antonious_boshra_kuka_arm/install/kuka_arm_description/share/kuka_arm_description/urdf/robot_arm_description.SLDASM.csv
[1.093s] -- Up-to-date: /home/antoniousboshra/antonious_boshra_kuka_arm/install/kuka_arm_description/share/kuka_arm_description/urdf/robot_arm_description.SLDASM_ros2_control.xacro
[1.093s] -- Up-to-date: /home/antoniousboshra/antonious_boshra_kuka_arm/install/kuka_arm_description/share/kuka_arm_description/urdf/robot_arm_description.SLDASM.igngazebo.xacro
[1.094s] -- Up-to-date: /home/antoniousboshra/antonious_boshra_kuka_arm/install/kuka_arm_description/share/kuka_arm_description/launch
[1.094s] -- Up-to-date: /home/antoniousboshra/antonious_boshra_kuka_arm/install/kuka_arm_description/share/kuka_arm_description/launch/kuka_gazebo_launch.py
[1.095s] -- Up-to-date: /home/antoniousboshra/antonious_boshra_kuka_arm/install/kuka_arm_description/share/kuka_arm_description/launch/kuka_ign_gazebo_launch.py
[1.095s] -- Up-to-date: /home/antoniousboshra/antonious_boshra_kuka_arm/install/kuka_arm_description/share/kuka_arm_description/launch/kuka_display_launch.py
[1.095s] -- Up-to-date: /home/antoniousboshra/antonious_boshra_kuka_arm/install/kuka_arm_description/share/kuka_arm_description/rviz
[1.096s] -- Up-to-date: /home/antoniousboshra/antonious_boshra_kuka_arm/install/kuka_arm_description/share/kuka_arm_description/rviz/display.rviz
[1.096s] -- Up-to-date: /home/antoniousboshra/antonious_boshra_kuka_arm/install/kuka_arm_description/share/ament_index/resource_index/package_run_dependencies/kuka_arm_description
[1.096s] -- Up-to-date: /home/antoniousboshra/antonious_boshra_kuka_arm/install/kuka_arm_description/share/ament_index/resource_index/parent_prefix_path/kuka_arm_description
[1.097s] -- Up-to-date: /home/antoniousboshra/antonious_boshra_kuka_arm/install/kuka_arm_description/share/kuka_arm_description/environment/ament_prefix_path.sh
[1.097s] -- Up-to-date: /home/antoniousboshra/antonious_boshra_kuka_arm/install/kuka_arm_description/share/kuka_arm_description/environment/ament_prefix_path.dsv
[1.097s] -- Up-to-date: /home/antoniousboshra/antonious_boshra_kuka_arm/install/kuka_arm_description/share/kuka_arm_description/environment/path.sh
[1.103s] -- Up-to-date: /home/antoniousboshra/antonious_boshra_kuka_arm/install/kuka_arm_description/share/kuka_arm_description/environment/path.dsv
[1.104s] -- Up-to-date: /home/antoniousboshra/antonious_boshra_kuka_arm/install/kuka_arm_description/share/kuka_arm_description/local_setup.bash
[1.105s] -- Up-to-date: /home/antoniousboshra/antonious_boshra_kuka_arm/install/kuka_arm_description/share/kuka_arm_description/local_setup.sh
[1.105s] -- Up-to-date: /home/antoniousboshra/antonious_boshra_kuka_arm/install/kuka_arm_description/share/kuka_arm_description/local_setup.zsh
[1.106s] -- Up-to-date: /home/antoniousboshra/antonious_boshra_kuka_arm/install/kuka_arm_description/share/kuka_arm_description/local_setup.dsv
[1.106s] -- Installing: /home/antoniousboshra/antonious_boshra_kuka_arm/install/kuka_arm_description/share/kuka_arm_description/package.dsv
[1.106s] -- Up-to-date: /home/antoniousboshra/antonious_boshra_kuka_arm/install/kuka_arm_description/share/ament_index/resource_index/packages/kuka_arm_description
[1.106s] -- Up-to-date: /home/antoniousboshra/antonious_boshra_kuka_arm/install/kuka_arm_description/share/kuka_arm_description/cmake/kuka_arm_descriptionConfig.cmake
[1.107s] -- Up-to-date: /home/antoniousboshra/antonious_boshra_kuka_arm/install/kuka_arm_description/share/kuka_arm_description/cmake/kuka_arm_descriptionConfig-version.cmake
[1.107s] -- Up-to-date: /home/antoniousboshra/antonious_boshra_kuka_arm/install/kuka_arm_description/share/kuka_arm_description/package.xml
[1.116s] Invoked command in '/home/antoniousboshra/antonious_boshra_kuka_arm/build/kuka_arm_description' returned '0': CMAKE_PREFIX_PATH=${CMAKE_PREFIX_PATH}:/home/antoniousboshra/antonious_boshra_kuka_arm/install/mqtt_ros2_bridge:/home/antoniousboshra/antoniobrandifirst_ws/install/antoniobrandifirstpython:/opt/ros/humble /usr/bin/cmake --install /home/antoniousboshra/antonious_boshra_kuka_arm/build/kuka_arm_description
