[0.295s] DEBUG:colcon:Command line arguments: ['/usr/bin/colcon', 'build']
[0.295s] DEBUG:colcon:Parsed command line arguments: Namespace(log_base=None, log_level=None, verb_name='build', build_base='build', install_base='install', merge_install=False, symlink_install=False, test_result_base=None, continue_on_error=False, executor='parallel', parallel_workers=8, event_handlers=None, ignore_user_meta=False, metas=['./colcon.meta'], base_paths=['.'], packages_ignore=None, packages_ignore_regex=None, paths=None, packages_up_to=None, packages_up_to_regex=None, packages_above=None, packages_above_and_dependencies=None, packages_above_depth=None, packages_select_by_dep=None, packages_skip_by_dep=None, packages_skip_up_to=None, packages_select_build_failed=False, packages_skip_build_finished=False, packages_select_test_failures=False, packages_skip_test_passed=False, packages_select=None, packages_skip=None, packages_select_regex=None, packages_skip_regex=None, packages_start=None, packages_end=None, allow_overriding=[], cmake_args=None, cmake_target=None, cmake_target_skip_unavailable=False, cmake_clean_cache=False, cmake_clean_first=False, cmake_force_configure=False, ament_cmake_args=None, catkin_cmake_args=None, catkin_skip_building_tests=False, mixin_files=None, mixin=None, verb_parser=<colcon_mixin.mixin.mixin_argument.MixinArgumentDecorator object at 0x7dd386d57790>, verb_extension=<colcon_core.verb.build.BuildVerb object at 0x7dd386d11030>, main=<bound method BuildVerb.main of <colcon_core.verb.build.BuildVerb object at 0x7dd386d11030>>, mixin_verb=('build',))
[0.649s] Level 1:colcon.colcon_core.package_discovery:discover_packages(colcon_meta) check parameters
[0.650s] Level 1:colcon.colcon_core.package_discovery:discover_packages(recursive) check parameters
[0.650s] Level 1:colcon.colcon_core.package_discovery:discover_packages(ignore) check parameters
[0.650s] Level 1:colcon.colcon_core.package_discovery:discover_packages(path) check parameters
[0.650s] Level 1:colcon.colcon_core.package_discovery:discover_packages(colcon_meta) discover
[0.650s] Level 1:colcon.colcon_core.package_discovery:discover_packages(recursive) discover
[0.650s] INFO:colcon.colcon_core.package_discovery:Crawling recursively for packages in '/home/antoniousboshra/antonious_boshra_kuka_arm'
[0.650s] Level 1:colcon.colcon_core.package_identification:_identify(.) by extensions ['ignore', 'ignore_ament_install']
[0.650s] Level 1:colcon.colcon_core.package_identification:_identify(.) by extension 'ignore'
[0.650s] Level 1:colcon.colcon_core.package_identification:_identify(.) by extension 'ignore_ament_install'
[0.650s] Level 1:colcon.colcon_core.package_identification:_identify(.) by extensions ['colcon_pkg']
[0.651s] Level 1:colcon.colcon_core.package_identification:_identify(.) by extension 'colcon_pkg'
[0.651s] Level 1:colcon.colcon_core.package_identification:_identify(.) by extensions ['colcon_meta']
[0.651s] Level 1:colcon.colcon_core.package_identification:_identify(.) by extension 'colcon_meta'
[0.651s] Level 1:colcon.colcon_core.package_identification:_identify(.) by extensions ['ros']
[0.651s] Level 1:colcon.colcon_core.package_identification:_identify(.) by extension 'ros'
[0.673s] Level 1:colcon.colcon_core.package_identification:_identify(.) by extensions ['cmake', 'python']
[0.673s] Level 1:colcon.colcon_core.package_identification:_identify(.) by extension 'cmake'
[0.673s] Level 1:colcon.colcon_core.package_identification:_identify(.) by extension 'python'
[0.674s] Level 1:colcon.colcon_core.package_identification:_identify(.) by extensions ['python_setup_py']
[0.674s] Level 1:colcon.colcon_core.package_identification:_identify(.) by extension 'python_setup_py'
[0.674s] Level 1:colcon.colcon_core.package_identification:_identify(build) by extensions ['ignore', 'ignore_ament_install']
[0.674s] Level 1:colcon.colcon_core.package_identification:_identify(build) by extension 'ignore'
[0.674s] Level 1:colcon.colcon_core.package_identification:_identify(build) ignored
[0.674s] Level 1:colcon.colcon_core.package_identification:_identify(install) by extensions ['ignore', 'ignore_ament_install']
[0.675s] Level 1:colcon.colcon_core.package_identification:_identify(install) by extension 'ignore'
[0.675s] Level 1:colcon.colcon_core.package_identification:_identify(install) ignored
[0.675s] Level 1:colcon.colcon_core.package_identification:_identify(log) by extensions ['ignore', 'ignore_ament_install']
[0.675s] Level 1:colcon.colcon_core.package_identification:_identify(log) by extension 'ignore'
[0.675s] Level 1:colcon.colcon_core.package_identification:_identify(log) ignored
[0.675s] Level 1:colcon.colcon_core.package_identification:_identify(src) by extensions ['ignore', 'ignore_ament_install']
[0.675s] Level 1:colcon.colcon_core.package_identification:_identify(src) by extension 'ignore'
[0.675s] Level 1:colcon.colcon_core.package_identification:_identify(src) by extension 'ignore_ament_install'
[0.676s] Level 1:colcon.colcon_core.package_identification:_identify(src) by extensions ['colcon_pkg']
[0.676s] Level 1:colcon.colcon_core.package_identification:_identify(src) by extension 'colcon_pkg'
[0.676s] Level 1:colcon.colcon_core.package_identification:_identify(src) by extensions ['colcon_meta']
[0.676s] Level 1:colcon.colcon_core.package_identification:_identify(src) by extension 'colcon_meta'
[0.676s] Level 1:colcon.colcon_core.package_identification:_identify(src) by extensions ['ros']
[0.676s] Level 1:colcon.colcon_core.package_identification:_identify(src) by extension 'ros'
[0.676s] Level 1:colcon.colcon_core.package_identification:_identify(src) by extensions ['cmake', 'python']
[0.676s] Level 1:colcon.colcon_core.package_identification:_identify(src) by extension 'cmake'
[0.676s] Level 1:colcon.colcon_core.package_identification:_identify(src) by extension 'python'
[0.676s] Level 1:colcon.colcon_core.package_identification:_identify(src) by extensions ['python_setup_py']
[0.676s] Level 1:colcon.colcon_core.package_identification:_identify(src) by extension 'python_setup_py'
[0.677s] Level 1:colcon.colcon_core.package_identification:_identify(src/antoniobrandifirstpython) by extensions ['ignore', 'ignore_ament_install']
[0.677s] Level 1:colcon.colcon_core.package_identification:_identify(src/antoniobrandifirstpython) by extension 'ignore'
[0.677s] Level 1:colcon.colcon_core.package_identification:_identify(src/antoniobrandifirstpython) by extension 'ignore_ament_install'
[0.677s] Level 1:colcon.colcon_core.package_identification:_identify(src/antoniobrandifirstpython) by extensions ['colcon_pkg']
[0.677s] Level 1:colcon.colcon_core.package_identification:_identify(src/antoniobrandifirstpython) by extension 'colcon_pkg'
[0.677s] Level 1:colcon.colcon_core.package_identification:_identify(src/antoniobrandifirstpython) by extensions ['colcon_meta']
[0.677s] Level 1:colcon.colcon_core.package_identification:_identify(src/antoniobrandifirstpython) by extension 'colcon_meta'
[0.677s] Level 1:colcon.colcon_core.package_identification:_identify(src/antoniobrandifirstpython) by extensions ['ros']
[0.677s] Level 1:colcon.colcon_core.package_identification:_identify(src/antoniobrandifirstpython) by extension 'ros'
[0.678s] Level 1:colcon.colcon_core.package_identification:_identify(src/antoniobrandifirstpython) by extensions ['cmake', 'python']
[0.678s] Level 1:colcon.colcon_core.package_identification:_identify(src/antoniobrandifirstpython) by extension 'cmake'
[0.678s] Level 1:colcon.colcon_core.package_identification:_identify(src/antoniobrandifirstpython) by extension 'python'
[0.678s] Level 1:colcon.colcon_core.package_identification:_identify(src/antoniobrandifirstpython) by extensions ['python_setup_py']
[0.678s] Level 1:colcon.colcon_core.package_identification:_identify(src/antoniobrandifirstpython) by extension 'python_setup_py'
[0.678s] Level 1:colcon.colcon_core.package_identification:_identify(src/kuka_arm_controller) by extensions ['ignore', 'ignore_ament_install']
[0.678s] Level 1:colcon.colcon_core.package_identification:_identify(src/kuka_arm_controller) by extension 'ignore'
[0.678s] Level 1:colcon.colcon_core.package_identification:_identify(src/kuka_arm_controller) by extension 'ignore_ament_install'
[0.678s] Level 1:colcon.colcon_core.package_identification:_identify(src/kuka_arm_controller) by extensions ['colcon_pkg']
[0.679s] Level 1:colcon.colcon_core.package_identification:_identify(src/kuka_arm_controller) by extension 'colcon_pkg'
[0.679s] Level 1:colcon.colcon_core.package_identification:_identify(src/kuka_arm_controller) by extensions ['colcon_meta']
[0.679s] Level 1:colcon.colcon_core.package_identification:_identify(src/kuka_arm_controller) by extension 'colcon_meta'
[0.679s] Level 1:colcon.colcon_core.package_identification:_identify(src/kuka_arm_controller) by extensions ['ros']
[0.679s] Level 1:colcon.colcon_core.package_identification:_identify(src/kuka_arm_controller) by extension 'ros'
[0.683s] DEBUG:colcon.colcon_core.package_identification:Package 'src/kuka_arm_controller' with type 'ros.ament_cmake' and name 'kuka_arm_controller'
[0.683s] Level 1:colcon.colcon_core.package_identification:_identify(src/kuka_arm_description) by extensions ['ignore', 'ignore_ament_install']
[0.684s] Level 1:colcon.colcon_core.package_identification:_identify(src/kuka_arm_description) by extension 'ignore'
[0.684s] Level 1:colcon.colcon_core.package_identification:_identify(src/kuka_arm_description) by extension 'ignore_ament_install'
[0.684s] Level 1:colcon.colcon_core.package_identification:_identify(src/kuka_arm_description) by extensions ['colcon_pkg']
[0.684s] Level 1:colcon.colcon_core.package_identification:_identify(src/kuka_arm_description) by extension 'colcon_pkg'
[0.684s] Level 1:colcon.colcon_core.package_identification:_identify(src/kuka_arm_description) by extensions ['colcon_meta']
[0.684s] Level 1:colcon.colcon_core.package_identification:_identify(src/kuka_arm_description) by extension 'colcon_meta'
[0.684s] Level 1:colcon.colcon_core.package_identification:_identify(src/kuka_arm_description) by extensions ['ros']
[0.684s] Level 1:colcon.colcon_core.package_identification:_identify(src/kuka_arm_description) by extension 'ros'
[0.700s] DEBUG:colcon.colcon_core.package_identification:Package 'src/kuka_arm_description' with type 'ros.ament_cmake' and name 'kuka_arm_description'
[0.700s] Level 1:colcon.colcon_core.package_discovery:discover_packages(recursive) using defaults
[0.701s] Level 1:colcon.colcon_core.package_discovery:discover_packages(ignore) discover
[0.701s] Level 1:colcon.colcon_core.package_discovery:discover_packages(ignore) using defaults
[0.701s] Level 1:colcon.colcon_core.package_discovery:discover_packages(path) discover
[0.701s] Level 1:colcon.colcon_core.package_discovery:discover_packages(path) using defaults
[0.942s] Level 1:colcon.colcon_core.package_discovery:discover_packages(prefix_path) check parameters
[0.942s] Level 1:colcon.colcon_core.package_discovery:discover_packages(prefix_path) discover
[0.946s] DEBUG:colcon.colcon_installed_package_information.package_discovery:Found 2 installed packages in /home/antoniousboshra/antonious_boshra_kuka_arm/install
[0.947s] DEBUG:colcon.colcon_installed_package_information.package_discovery:Found 3 installed packages in /home/antoniousboshra/antoniobrandifirst_ws/install
[0.950s] DEBUG:colcon.colcon_installed_package_information.package_discovery:Found 452 installed packages in /opt/ros/humble
[0.953s] Level 1:colcon.colcon_core.package_discovery:discover_packages(prefix_path) using defaults
[8.027s] Level 5:colcon.colcon_core.verb:set package 'kuka_arm_controller' build argument 'cmake_args' from command line to 'None'
[8.027s] Level 5:colcon.colcon_core.verb:set package 'kuka_arm_controller' build argument 'cmake_target' from command line to 'None'
[8.027s] Level 5:colcon.colcon_core.verb:set package 'kuka_arm_controller' build argument 'cmake_target_skip_unavailable' from command line to 'False'
[8.027s] Level 5:colcon.colcon_core.verb:set package 'kuka_arm_controller' build argument 'cmake_clean_cache' from command line to 'False'
[8.027s] Level 5:colcon.colcon_core.verb:set package 'kuka_arm_controller' build argument 'cmake_clean_first' from command line to 'False'
[8.027s] Level 5:colcon.colcon_core.verb:set package 'kuka_arm_controller' build argument 'cmake_force_configure' from command line to 'False'
[8.027s] Level 5:colcon.colcon_core.verb:set package 'kuka_arm_controller' build argument 'ament_cmake_args' from command line to 'None'
[8.028s] Level 5:colcon.colcon_core.verb:set package 'kuka_arm_controller' build argument 'catkin_cmake_args' from command line to 'None'
[8.028s] Level 5:colcon.colcon_core.verb:set package 'kuka_arm_controller' build argument 'catkin_skip_building_tests' from command line to 'False'
[8.028s] DEBUG:colcon.colcon_core.verb:Building package 'kuka_arm_controller' with the following arguments: {'ament_cmake_args': None, 'build_base': '/home/antoniousboshra/antonious_boshra_kuka_arm/build/kuka_arm_controller', 'catkin_cmake_args': None, 'catkin_skip_building_tests': False, 'cmake_args': None, 'cmake_clean_cache': False, 'cmake_clean_first': False, 'cmake_force_configure': False, 'cmake_target': None, 'cmake_target_skip_unavailable': False, 'install_base': '/home/antoniousboshra/antonious_boshra_kuka_arm/install/kuka_arm_controller', 'merge_install': False, 'path': '/home/antoniousboshra/antonious_boshra_kuka_arm/src/kuka_arm_controller', 'symlink_install': False, 'test_result_base': None}
[8.028s] Level 5:colcon.colcon_core.verb:set package 'kuka_arm_description' build argument 'cmake_args' from command line to 'None'
[8.028s] Level 5:colcon.colcon_core.verb:set package 'kuka_arm_description' build argument 'cmake_target' from command line to 'None'
[8.028s] Level 5:colcon.colcon_core.verb:set package 'kuka_arm_description' build argument 'cmake_target_skip_unavailable' from command line to 'False'
[8.029s] Level 5:colcon.colcon_core.verb:set package 'kuka_arm_description' build argument 'cmake_clean_cache' from command line to 'False'
[8.029s] Level 5:colcon.colcon_core.verb:set package 'kuka_arm_description' build argument 'cmake_clean_first' from command line to 'False'
[8.029s] Level 5:colcon.colcon_core.verb:set package 'kuka_arm_description' build argument 'cmake_force_configure' from command line to 'False'
[8.029s] Level 5:colcon.colcon_core.verb:set package 'kuka_arm_description' build argument 'ament_cmake_args' from command line to 'None'
[8.029s] Level 5:colcon.colcon_core.verb:set package 'kuka_arm_description' build argument 'catkin_cmake_args' from command line to 'None'
[8.029s] Level 5:colcon.colcon_core.verb:set package 'kuka_arm_description' build argument 'catkin_skip_building_tests' from command line to 'False'
[8.029s] DEBUG:colcon.colcon_core.verb:Building package 'kuka_arm_description' with the following arguments: {'ament_cmake_args': None, 'build_base': '/home/antoniousboshra/antonious_boshra_kuka_arm/build/kuka_arm_description', 'catkin_cmake_args': None, 'catkin_skip_building_tests': False, 'cmake_args': None, 'cmake_clean_cache': False, 'cmake_clean_first': False, 'cmake_force_configure': False, 'cmake_target': None, 'cmake_target_skip_unavailable': False, 'install_base': '/home/antoniousboshra/antonious_boshra_kuka_arm/install/kuka_arm_description', 'merge_install': False, 'path': '/home/antoniousboshra/antonious_boshra_kuka_arm/src/kuka_arm_description', 'symlink_install': False, 'test_result_base': None}
[8.029s] INFO:colcon.colcon_core.executor:Executing jobs using 'parallel' executor
[8.030s] DEBUG:colcon.colcon_parallel_executor.executor.parallel:run_until_complete
[8.031s] INFO:colcon.colcon_ros.task.ament_cmake.build:Building ROS package in '/home/antoniousboshra/antonious_boshra_kuka_arm/src/kuka_arm_controller' with build type 'ament_cmake'
[8.031s] INFO:colcon.colcon_cmake.task.cmake.build:Building CMake package in '/home/antoniousboshra/antonious_boshra_kuka_arm/src/kuka_arm_controller'
[8.055s] INFO:colcon.colcon_core.plugin_system:Skipping extension 'colcon_core.shell.bat': Not used on non-Windows systems
[8.055s] INFO:colcon.colcon_core.shell:Skip shell extension 'powershell' for command environment: Not usable outside of PowerShell
[8.056s] DEBUG:colcon.colcon_core.shell:Skip shell extension 'dsv' for command environment
[8.069s] INFO:colcon.colcon_ros.task.ament_cmake.build:Building ROS package in '/home/antoniousboshra/antonious_boshra_kuka_arm/src/kuka_arm_description' with build type 'ament_cmake'
[8.069s] INFO:colcon.colcon_cmake.task.cmake.build:Building CMake package in '/home/antoniousboshra/antonious_boshra_kuka_arm/src/kuka_arm_description'
[8.070s] INFO:colcon.colcon_core.shell:Skip shell extension 'powershell' for command environment: Not usable outside of PowerShell
[8.070s] DEBUG:colcon.colcon_core.shell:Skip shell extension 'dsv' for command environment
[8.087s] DEBUG:colcon.colcon_core.event_handler.log_command:Invoking command in '/home/antoniousboshra/antonious_boshra_kuka_arm/build/kuka_arm_controller': CMAKE_PREFIX_PATH=${CMAKE_PREFIX_PATH}:/home/antoniousboshra/antoniobrandifirst_ws/install/antoniobrandifirstpython:/opt/ros/humble /usr/bin/cmake --build /home/antoniousboshra/antonious_boshra_kuka_arm/build/kuka_arm_controller -- -j8 -l8
[8.095s] DEBUG:colcon.colcon_core.event_handler.log_command:Invoking command in '/home/antoniousboshra/antonious_boshra_kuka_arm/build/kuka_arm_description': CMAKE_PREFIX_PATH=${CMAKE_PREFIX_PATH}:/home/antoniousboshra/antoniobrandifirst_ws/install/antoniobrandifirstpython:/opt/ros/humble /usr/bin/cmake --build /home/antoniousboshra/antonious_boshra_kuka_arm/build/kuka_arm_description -- -j8 -l8
[8.120s] DEBUG:colcon.colcon_core.event_handler.log_command:Invoked command in '/home/antoniousboshra/antonious_boshra_kuka_arm/build/kuka_arm_controller' returned '0': CMAKE_PREFIX_PATH=${CMAKE_PREFIX_PATH}:/home/antoniousboshra/antoniobrandifirst_ws/install/antoniobrandifirstpython:/opt/ros/humble /usr/bin/cmake --build /home/antoniousboshra/antonious_boshra_kuka_arm/build/kuka_arm_controller -- -j8 -l8
[8.129s] DEBUG:colcon.colcon_core.event_handler.log_command:Invoking command in '/home/antoniousboshra/antonious_boshra_kuka_arm/build/kuka_arm_controller': CMAKE_PREFIX_PATH=${CMAKE_PREFIX_PATH}:/home/antoniousboshra/antoniobrandifirst_ws/install/antoniobrandifirstpython:/opt/ros/humble /usr/bin/cmake --install /home/antoniousboshra/antonious_boshra_kuka_arm/build/kuka_arm_controller
[8.131s] DEBUG:colcon.colcon_core.event_handler.log_command:Invoked command in '/home/antoniousboshra/antonious_boshra_kuka_arm/build/kuka_arm_description' returned '0': CMAKE_PREFIX_PATH=${CMAKE_PREFIX_PATH}:/home/antoniousboshra/antoniobrandifirst_ws/install/antoniobrandifirstpython:/opt/ros/humble /usr/bin/cmake --build /home/antoniousboshra/antonious_boshra_kuka_arm/build/kuka_arm_description -- -j8 -l8
[8.136s] DEBUG:colcon.colcon_core.event_handler.log_command:Invoking command in '/home/antoniousboshra/antonious_boshra_kuka_arm/build/kuka_arm_description': CMAKE_PREFIX_PATH=${CMAKE_PREFIX_PATH}:/home/antoniousboshra/antoniobrandifirst_ws/install/antoniobrandifirstpython:/opt/ros/humble /usr/bin/cmake --install /home/antoniousboshra/antonious_boshra_kuka_arm/build/kuka_arm_description
[8.141s] Level 1:colcon.colcon_core.environment:create_environment_scripts_only(kuka_arm_controller)
[8.142s] DEBUG:colcon.colcon_core.event_handler.log_command:Invoked command in '/home/antoniousboshra/antonious_boshra_kuka_arm/build/kuka_arm_controller' returned '0': CMAKE_PREFIX_PATH=${CMAKE_PREFIX_PATH}:/home/antoniousboshra/antoniobrandifirst_ws/install/antoniobrandifirstpython:/opt/ros/humble /usr/bin/cmake --install /home/antoniousboshra/antonious_boshra_kuka_arm/build/kuka_arm_controller
[8.176s] Level 1:colcon.colcon_core.environment:checking '/home/antoniousboshra/antonious_boshra_kuka_arm/install/kuka_arm_controller' for CMake module files
[8.176s] Level 1:colcon.colcon_core.environment:checking '/home/antoniousboshra/antonious_boshra_kuka_arm/install/kuka_arm_controller' for CMake config files
[8.177s] Level 1:colcon.colcon_core.shell:create_environment_hook('kuka_arm_controller', 'cmake_prefix_path')
[8.177s] INFO:colcon.colcon_core.shell:Creating environment hook '/home/antoniousboshra/antonious_boshra_kuka_arm/install/kuka_arm_controller/share/kuka_arm_controller/hook/cmake_prefix_path.ps1'
[8.178s] INFO:colcon.colcon_core.shell:Creating environment descriptor '/home/antoniousboshra/antonious_boshra_kuka_arm/install/kuka_arm_controller/share/kuka_arm_controller/hook/cmake_prefix_path.dsv'
[8.179s] INFO:colcon.colcon_core.shell:Creating environment hook '/home/antoniousboshra/antonious_boshra_kuka_arm/install/kuka_arm_controller/share/kuka_arm_controller/hook/cmake_prefix_path.sh'
[8.181s] Level 1:colcon.colcon_core.environment:checking '/home/antoniousboshra/antonious_boshra_kuka_arm/install/kuka_arm_controller/bin'
[8.181s] Level 1:colcon.colcon_core.environment:checking '/home/antoniousboshra/antonious_boshra_kuka_arm/install/kuka_arm_controller/lib/pkgconfig/kuka_arm_controller.pc'
[8.181s] Level 1:colcon.colcon_core.environment:checking '/home/antoniousboshra/antonious_boshra_kuka_arm/install/kuka_arm_controller/lib/python3.10/site-packages'
[8.182s] Level 1:colcon.colcon_core.environment:checking '/home/antoniousboshra/antonious_boshra_kuka_arm/install/kuka_arm_controller/bin'
[8.182s] INFO:colcon.colcon_core.shell:Creating package script '/home/antoniousboshra/antonious_boshra_kuka_arm/install/kuka_arm_controller/share/kuka_arm_controller/package.ps1'
[8.184s] INFO:colcon.colcon_core.shell:Creating package descriptor '/home/antoniousboshra/antonious_boshra_kuka_arm/install/kuka_arm_controller/share/kuka_arm_controller/package.dsv'
[8.185s] INFO:colcon.colcon_core.shell:Creating package script '/home/antoniousboshra/antonious_boshra_kuka_arm/install/kuka_arm_controller/share/kuka_arm_controller/package.sh'
[8.188s] INFO:colcon.colcon_core.shell:Creating package script '/home/antoniousboshra/antonious_boshra_kuka_arm/install/kuka_arm_controller/share/kuka_arm_controller/package.bash'
[8.189s] INFO:colcon.colcon_core.shell:Creating package script '/home/antoniousboshra/antonious_boshra_kuka_arm/install/kuka_arm_controller/share/kuka_arm_controller/package.zsh'
[8.191s] Level 1:colcon.colcon_core.environment:create_file_with_runtime_dependencies(/home/antoniousboshra/antonious_boshra_kuka_arm/install/kuka_arm_controller/share/colcon-core/packages/kuka_arm_controller)
[8.192s] Level 1:colcon.colcon_core.environment:create_environment_scripts_only(kuka_arm_controller)
[8.192s] Level 1:colcon.colcon_core.environment:checking '/home/antoniousboshra/antonious_boshra_kuka_arm/install/kuka_arm_controller' for CMake module files
[8.193s] Level 1:colcon.colcon_core.environment:checking '/home/antoniousboshra/antonious_boshra_kuka_arm/install/kuka_arm_controller' for CMake config files
[8.193s] Level 1:colcon.colcon_core.shell:create_environment_hook('kuka_arm_controller', 'cmake_prefix_path')
[8.194s] INFO:colcon.colcon_core.shell:Creating environment hook '/home/antoniousboshra/antonious_boshra_kuka_arm/install/kuka_arm_controller/share/kuka_arm_controller/hook/cmake_prefix_path.ps1'
[8.194s] INFO:colcon.colcon_core.shell:Creating environment descriptor '/home/antoniousboshra/antonious_boshra_kuka_arm/install/kuka_arm_controller/share/kuka_arm_controller/hook/cmake_prefix_path.dsv'
[8.195s] INFO:colcon.colcon_core.shell:Creating environment hook '/home/antoniousboshra/antonious_boshra_kuka_arm/install/kuka_arm_controller/share/kuka_arm_controller/hook/cmake_prefix_path.sh'
[8.196s] Level 1:colcon.colcon_core.environment:checking '/home/antoniousboshra/antonious_boshra_kuka_arm/install/kuka_arm_controller/bin'
[8.196s] Level 1:colcon.colcon_core.environment:checking '/home/antoniousboshra/antonious_boshra_kuka_arm/install/kuka_arm_controller/lib/pkgconfig/kuka_arm_controller.pc'
[8.196s] Level 1:colcon.colcon_core.environment:checking '/home/antoniousboshra/antonious_boshra_kuka_arm/install/kuka_arm_controller/lib/python3.10/site-packages'
[8.197s] Level 1:colcon.colcon_core.environment:checking '/home/antoniousboshra/antonious_boshra_kuka_arm/install/kuka_arm_controller/bin'
[8.197s] INFO:colcon.colcon_core.shell:Creating package script '/home/antoniousboshra/antonious_boshra_kuka_arm/install/kuka_arm_controller/share/kuka_arm_controller/package.ps1'
[8.198s] INFO:colcon.colcon_core.shell:Creating package descriptor '/home/antoniousboshra/antonious_boshra_kuka_arm/install/kuka_arm_controller/share/kuka_arm_controller/package.dsv'
[8.199s] INFO:colcon.colcon_core.shell:Creating package script '/home/antoniousboshra/antonious_boshra_kuka_arm/install/kuka_arm_controller/share/kuka_arm_controller/package.sh'
[8.200s] INFO:colcon.colcon_core.shell:Creating package script '/home/antoniousboshra/antonious_boshra_kuka_arm/install/kuka_arm_controller/share/kuka_arm_controller/package.bash'
[8.201s] INFO:colcon.colcon_core.shell:Creating package script '/home/antoniousboshra/antonious_boshra_kuka_arm/install/kuka_arm_controller/share/kuka_arm_controller/package.zsh'
[8.202s] Level 1:colcon.colcon_core.environment:create_file_with_runtime_dependencies(/home/antoniousboshra/antonious_boshra_kuka_arm/install/kuka_arm_controller/share/colcon-core/packages/kuka_arm_controller)
[8.204s] Level 1:colcon.colcon_core.environment:create_environment_scripts_only(kuka_arm_description)
[8.205s] Level 1:colcon.colcon_core.environment:checking '/home/antoniousboshra/antonious_boshra_kuka_arm/install/kuka_arm_description' for CMake module files
[8.206s] Level 1:colcon.colcon_core.environment:checking '/home/antoniousboshra/antonious_boshra_kuka_arm/install/kuka_arm_description' for CMake config files
[8.207s] DEBUG:colcon.colcon_core.event_handler.log_command:Invoked command in '/home/antoniousboshra/antonious_boshra_kuka_arm/build/kuka_arm_description' returned '0': CMAKE_PREFIX_PATH=${CMAKE_PREFIX_PATH}:/home/antoniousboshra/antoniobrandifirst_ws/install/antoniobrandifirstpython:/opt/ros/humble /usr/bin/cmake --install /home/antoniousboshra/antonious_boshra_kuka_arm/build/kuka_arm_description
[8.208s] Level 1:colcon.colcon_core.shell:create_environment_hook('kuka_arm_description', 'cmake_prefix_path')
[8.208s] INFO:colcon.colcon_core.shell:Creating environment hook '/home/antoniousboshra/antonious_boshra_kuka_arm/install/kuka_arm_description/share/kuka_arm_description/hook/cmake_prefix_path.ps1'
[8.209s] INFO:colcon.colcon_core.shell:Creating environment descriptor '/home/antoniousboshra/antonious_boshra_kuka_arm/install/kuka_arm_description/share/kuka_arm_description/hook/cmake_prefix_path.dsv'
[8.209s] INFO:colcon.colcon_core.shell:Creating environment hook '/home/antoniousboshra/antonious_boshra_kuka_arm/install/kuka_arm_description/share/kuka_arm_description/hook/cmake_prefix_path.sh'
[8.210s] Level 1:colcon.colcon_core.environment:checking '/home/antoniousboshra/antonious_boshra_kuka_arm/install/kuka_arm_description/bin'
[8.211s] Level 1:colcon.colcon_core.environment:checking '/home/antoniousboshra/antonious_boshra_kuka_arm/install/kuka_arm_description/lib/pkgconfig/kuka_arm_description.pc'
[8.211s] Level 1:colcon.colcon_core.environment:checking '/home/antoniousboshra/antonious_boshra_kuka_arm/install/kuka_arm_description/lib/python3.10/site-packages'
[8.211s] Level 1:colcon.colcon_core.environment:checking '/home/antoniousboshra/antonious_boshra_kuka_arm/install/kuka_arm_description/bin'
[8.212s] INFO:colcon.colcon_core.shell:Creating package script '/home/antoniousboshra/antonious_boshra_kuka_arm/install/kuka_arm_description/share/kuka_arm_description/package.ps1'
[8.213s] INFO:colcon.colcon_core.shell:Creating package descriptor '/home/antoniousboshra/antonious_boshra_kuka_arm/install/kuka_arm_description/share/kuka_arm_description/package.dsv'
[8.213s] INFO:colcon.colcon_core.shell:Creating package script '/home/antoniousboshra/antonious_boshra_kuka_arm/install/kuka_arm_description/share/kuka_arm_description/package.sh'
[8.214s] INFO:colcon.colcon_core.shell:Creating package script '/home/antoniousboshra/antonious_boshra_kuka_arm/install/kuka_arm_description/share/kuka_arm_description/package.bash'
[8.215s] INFO:colcon.colcon_core.shell:Creating package script '/home/antoniousboshra/antonious_boshra_kuka_arm/install/kuka_arm_description/share/kuka_arm_description/package.zsh'
[8.215s] Level 1:colcon.colcon_core.environment:create_file_with_runtime_dependencies(/home/antoniousboshra/antonious_boshra_kuka_arm/install/kuka_arm_description/share/colcon-core/packages/kuka_arm_description)
[8.217s] Level 1:colcon.colcon_core.environment:create_environment_scripts_only(kuka_arm_description)
[8.217s] Level 1:colcon.colcon_core.environment:checking '/home/antoniousboshra/antonious_boshra_kuka_arm/install/kuka_arm_description' for CMake module files
[8.218s] Level 1:colcon.colcon_core.environment:checking '/home/antoniousboshra/antonious_boshra_kuka_arm/install/kuka_arm_description' for CMake config files
[8.218s] Level 1:colcon.colcon_core.shell:create_environment_hook('kuka_arm_description', 'cmake_prefix_path')
[8.219s] INFO:colcon.colcon_core.shell:Creating environment hook '/home/antoniousboshra/antonious_boshra_kuka_arm/install/kuka_arm_description/share/kuka_arm_description/hook/cmake_prefix_path.ps1'
[8.220s] INFO:colcon.colcon_core.shell:Creating environment descriptor '/home/antoniousboshra/antonious_boshra_kuka_arm/install/kuka_arm_description/share/kuka_arm_description/hook/cmake_prefix_path.dsv'
[8.220s] INFO:colcon.colcon_core.shell:Creating environment hook '/home/antoniousboshra/antonious_boshra_kuka_arm/install/kuka_arm_description/share/kuka_arm_description/hook/cmake_prefix_path.sh'
[8.221s] Level 1:colcon.colcon_core.environment:checking '/home/antoniousboshra/antonious_boshra_kuka_arm/install/kuka_arm_description/bin'
[8.221s] Level 1:colcon.colcon_core.environment:checking '/home/antoniousboshra/antonious_boshra_kuka_arm/install/kuka_arm_description/lib/pkgconfig/kuka_arm_description.pc'
[8.222s] Level 1:colcon.colcon_core.environment:checking '/home/antoniousboshra/antonious_boshra_kuka_arm/install/kuka_arm_description/lib/python3.10/site-packages'
[8.222s] Level 1:colcon.colcon_core.environment:checking '/home/antoniousboshra/antonious_boshra_kuka_arm/install/kuka_arm_description/bin'
[8.223s] INFO:colcon.colcon_core.shell:Creating package script '/home/antoniousboshra/antonious_boshra_kuka_arm/install/kuka_arm_description/share/kuka_arm_description/package.ps1'
[8.224s] INFO:colcon.colcon_core.shell:Creating package descriptor '/home/antoniousboshra/antonious_boshra_kuka_arm/install/kuka_arm_description/share/kuka_arm_description/package.dsv'
[8.225s] INFO:colcon.colcon_core.shell:Creating package script '/home/antoniousboshra/antonious_boshra_kuka_arm/install/kuka_arm_description/share/kuka_arm_description/package.sh'
[8.225s] INFO:colcon.colcon_core.shell:Creating package script '/home/antoniousboshra/antonious_boshra_kuka_arm/install/kuka_arm_description/share/kuka_arm_description/package.bash'
[8.226s] INFO:colcon.colcon_core.shell:Creating package script '/home/antoniousboshra/antonious_boshra_kuka_arm/install/kuka_arm_description/share/kuka_arm_description/package.zsh'
[8.227s] Level 1:colcon.colcon_core.environment:create_file_with_runtime_dependencies(/home/antoniousboshra/antonious_boshra_kuka_arm/install/kuka_arm_description/share/colcon-core/packages/kuka_arm_description)
[8.227s] DEBUG:colcon.colcon_parallel_executor.executor.parallel:closing loop
[8.228s] DEBUG:colcon.colcon_parallel_executor.executor.parallel:loop closed
[8.228s] DEBUG:colcon.colcon_parallel_executor.executor.parallel:run_until_complete finished with '0'
[8.229s] DEBUG:colcon.colcon_core.event_reactor:joining thread
[8.241s] INFO:colcon.colcon_core.plugin_system:Skipping extension 'colcon_notification.desktop_notification.terminal_notifier': Not used on non-Darwin systems
[8.242s] INFO:colcon.colcon_core.plugin_system:Skipping extension 'colcon_notification.desktop_notification.win32': Not used on non-Windows systems
[8.242s] INFO:colcon.colcon_notification.desktop_notification:Sending desktop notification using 'notify2'
[8.267s] DEBUG:colcon.colcon_core.event_reactor:joined thread
[8.267s] INFO:colcon.colcon_core.shell:Creating prefix script '/home/antoniousboshra/antonious_boshra_kuka_arm/install/local_setup.ps1'
[8.271s] INFO:colcon.colcon_core.shell:Creating prefix util module '/home/antoniousboshra/antonious_boshra_kuka_arm/install/_local_setup_util_ps1.py'
[8.276s] INFO:colcon.colcon_core.shell:Creating prefix chain script '/home/antoniousboshra/antonious_boshra_kuka_arm/install/setup.ps1'
[8.280s] INFO:colcon.colcon_core.shell:Creating prefix script '/home/antoniousboshra/antonious_boshra_kuka_arm/install/local_setup.sh'
[8.282s] INFO:colcon.colcon_core.shell:Creating prefix util module '/home/antoniousboshra/antonious_boshra_kuka_arm/install/_local_setup_util_sh.py'
[8.283s] INFO:colcon.colcon_core.shell:Creating prefix chain script '/home/antoniousboshra/antonious_boshra_kuka_arm/install/setup.sh'
[8.287s] INFO:colcon.colcon_core.shell:Creating prefix script '/home/antoniousboshra/antonious_boshra_kuka_arm/install/local_setup.bash'
[8.289s] INFO:colcon.colcon_core.shell:Creating prefix chain script '/home/antoniousboshra/antonious_boshra_kuka_arm/install/setup.bash'
[8.291s] INFO:colcon.colcon_core.shell:Creating prefix script '/home/antoniousboshra/antonious_boshra_kuka_arm/install/local_setup.zsh'
[8.293s] INFO:colcon.colcon_core.shell:Creating prefix chain script '/home/antoniousboshra/antonious_boshra_kuka_arm/install/setup.zsh'
