[0.044s] Invoking command in '/home/antoniousboshra/antonious_boshra_kuka_arm/build/kuka_arm_description': CMAKE_PREFIX_PATH=${CMAKE_PREFIX_PATH}:/home/antoniousboshra/antonious_boshra_kuka_arm/install/mqtt_ros2_bridge:/home/antoniousboshra/antonious_boshra_kuka_arm/install/kuka_mqtt_bridge:/opt/ros/humble /usr/bin/cmake --build /home/antoniousboshra/antonious_boshra_kuka_arm/build/kuka_arm_description -- -j8 -l8
[0.438s] Invoked command in '/home/antoniousboshra/antonious_boshra_kuka_arm/build/kuka_arm_description' returned '0': CMAKE_PREFIX_PATH=${CMAKE_PREFIX_PATH}:/home/antoniousboshra/antonious_boshra_kuka_arm/install/mqtt_ros2_bridge:/home/antoniousboshra/antonious_boshra_kuka_arm/install/kuka_mqtt_bridge:/opt/ros/humble /usr/bin/cmake --build /home/antoniousboshra/antonious_boshra_kuka_arm/build/kuka_arm_description -- -j8 -l8
[0.444s] Invoking command in '/home/antoniousboshra/antonious_boshra_kuka_arm/build/kuka_arm_description': CMAKE_PREFIX_PATH=${CMAKE_PREFIX_PATH}:/home/antoniousboshra/antonious_boshra_kuka_arm/install/mqtt_ros2_bridge:/home/antoniousboshra/antonious_boshra_kuka_arm/install/kuka_mqtt_bridge:/opt/ros/humble /usr/bin/cmake --install /home/antoniousboshra/antonious_boshra_kuka_arm/build/kuka_arm_description
[0.450s] -- Install configuration: ""
[0.450s] -- Up-to-date: /home/antoniousboshra/antonious_boshra_kuka_arm/install/kuka_arm_description/share/kuka_arm_description/meshes
[0.450s] -- Up-to-date: /home/antoniousboshra/antonious_boshra_kuka_arm/install/kuka_arm_description/share/kuka_arm_description/meshes/base_link.STL
[0.450s] -- Up-to-date: /home/antoniousboshra/antonious_boshra_kuka_arm/install/kuka_arm_description/share/kuka_arm_description/meshes/upperarm_Link.STL
[0.450s] -- Up-to-date: /home/antoniousboshra/antonious_boshra_kuka_arm/install/kuka_arm_description/share/kuka_arm_description/meshes/revolver_Link.STL
[0.450s] -- Up-to-date: /home/antoniousboshra/antonious_boshra_kuka_arm/install/kuka_arm_description/share/kuka_arm_description/meshes/lowerarm_Link.STL
[0.450s] -- Up-to-date: /home/antoniousboshra/antonious_boshra_kuka_arm/install/kuka_arm_description/share/kuka_arm_description/meshes/jawgripper_Link.STL
[0.451s] -- Up-to-date: /home/antoniousboshra/antonious_boshra_kuka_arm/install/kuka_arm_description/share/kuka_arm_description/meshes/body_Link.STL
[0.451s] -- Up-to-date: /home/antoniousboshra/antonious_boshra_kuka_arm/install/kuka_arm_description/share/kuka_arm_description/meshes/wrist_Link.STL
[0.451s] -- Up-to-date: /home/antoniousboshra/antonious_boshra_kuka_arm/install/kuka_arm_description/share/kuka_arm_description/meshes/bottom_link.STL
[0.451s] -- Up-to-date: /home/antoniousboshra/antonious_boshra_kuka_arm/install/kuka_arm_description/share/kuka_arm_description/urdf
[0.451s] -- Installing: /home/antoniousboshra/antonious_boshra_kuka_arm/install/kuka_arm_description/share/kuka_arm_description/urdf/robot_arm_description.SLDASM.urdf.xacro
[0.476s] -- Up-to-date: /home/antoniousboshra/antonious_boshra_kuka_arm/install/kuka_arm_description/share/kuka_arm_description/urdf/robot_arm_description.SLDASM.csv
[0.479s] -- Up-to-date: /home/antoniousboshra/antonious_boshra_kuka_arm/install/kuka_arm_description/share/kuka_arm_description/urdf/robot_arm_description.SLDASM_ros2_control.xacro
[0.479s] -- Up-to-date: /home/antoniousboshra/antonious_boshra_kuka_arm/install/kuka_arm_description/share/kuka_arm_description/urdf/robot_arm_description.SLDASM.igngazebo.xacro
[0.480s] -- Up-to-date: /home/antoniousboshra/antonious_boshra_kuka_arm/install/kuka_arm_description/share/kuka_arm_description/launch
[0.480s] -- Up-to-date: /home/antoniousboshra/antonious_boshra_kuka_arm/install/kuka_arm_description/share/kuka_arm_description/launch/kuka_gazebo_launch.py
[0.480s] -- Up-to-date: /home/antoniousboshra/antonious_boshra_kuka_arm/install/kuka_arm_description/share/kuka_arm_description/launch/kuka_gazebo.py
[0.480s] -- Up-to-date: /home/antoniousboshra/antonious_boshra_kuka_arm/install/kuka_arm_description/share/kuka_arm_description/launch/kuka_ign_gazebo_launch.py
[0.480s] -- Up-to-date: /home/antoniousboshra/antonious_boshra_kuka_arm/install/kuka_arm_description/share/kuka_arm_description/launch/kuka_display_launch.py
[0.480s] -- Up-to-date: /home/antoniousboshra/antonious_boshra_kuka_arm/install/kuka_arm_description/share/kuka_arm_description/rviz
[0.480s] -- Up-to-date: /home/antoniousboshra/antonious_boshra_kuka_arm/install/kuka_arm_description/share/kuka_arm_description/rviz/display.rviz
[0.480s] -- Up-to-date: /home/antoniousboshra/antonious_boshra_kuka_arm/install/kuka_arm_description/share/ament_index/resource_index/package_run_dependencies/kuka_arm_description
[0.480s] -- Up-to-date: /home/antoniousboshra/antonious_boshra_kuka_arm/install/kuka_arm_description/share/ament_index/resource_index/parent_prefix_path/kuka_arm_description
[0.480s] -- Up-to-date: /home/antoniousboshra/antonious_boshra_kuka_arm/install/kuka_arm_description/share/kuka_arm_description/environment/ament_prefix_path.sh
[0.481s] -- Up-to-date: /home/antoniousboshra/antonious_boshra_kuka_arm/install/kuka_arm_description/share/kuka_arm_description/environment/ament_prefix_path.dsv
[0.481s] -- Up-to-date: /home/antoniousboshra/antonious_boshra_kuka_arm/install/kuka_arm_description/share/kuka_arm_description/environment/path.sh
[0.481s] -- Up-to-date: /home/antoniousboshra/antonious_boshra_kuka_arm/install/kuka_arm_description/share/kuka_arm_description/environment/path.dsv
[0.481s] -- Up-to-date: /home/antoniousboshra/antonious_boshra_kuka_arm/install/kuka_arm_description/share/kuka_arm_description/local_setup.bash
[0.481s] -- Up-to-date: /home/antoniousboshra/antonious_boshra_kuka_arm/install/kuka_arm_description/share/kuka_arm_description/local_setup.sh
[0.481s] -- Up-to-date: /home/antoniousboshra/antonious_boshra_kuka_arm/install/kuka_arm_description/share/kuka_arm_description/local_setup.zsh
[0.481s] -- Up-to-date: /home/antoniousboshra/antonious_boshra_kuka_arm/install/kuka_arm_description/share/kuka_arm_description/local_setup.dsv
[0.481s] -- Installing: /home/antoniousboshra/antonious_boshra_kuka_arm/install/kuka_arm_description/share/kuka_arm_description/package.dsv
[0.481s] -- Up-to-date: /home/antoniousboshra/antonious_boshra_kuka_arm/install/kuka_arm_description/share/ament_index/resource_index/packages/kuka_arm_description
[0.482s] -- Up-to-date: /home/antoniousboshra/antonious_boshra_kuka_arm/install/kuka_arm_description/share/kuka_arm_description/cmake/kuka_arm_descriptionConfig.cmake
[0.482s] -- Up-to-date: /home/antoniousboshra/antonious_boshra_kuka_arm/install/kuka_arm_description/share/kuka_arm_description/cmake/kuka_arm_descriptionConfig-version.cmake
[0.482s] -- Up-to-date: /home/antoniousboshra/antonious_boshra_kuka_arm/install/kuka_arm_description/share/kuka_arm_description/package.xml
[0.508s] Invoked command in '/home/antoniousboshra/antonious_boshra_kuka_arm/build/kuka_arm_description' returned '0': CMAKE_PREFIX_PATH=${CMAKE_PREFIX_PATH}:/home/antoniousboshra/antonious_boshra_kuka_arm/install/mqtt_ros2_bridge:/home/antoniousboshra/antonious_boshra_kuka_arm/install/kuka_mqtt_bridge:/opt/ros/humble /usr/bin/cmake --install /home/antoniousboshra/antonious_boshra_kuka_arm/build/kuka_arm_description
