running egg_info
creating ../../build/mqtt_ros2_bridge/mqtt_ros2_bridge.egg-info
writing ../../build/mqtt_ros2_bridge/mqtt_ros2_bridge.egg-info/PKG-INFO
writing dependency_links to ../../build/mqtt_ros2_bridge/mqtt_ros2_bridge.egg-info/dependency_links.txt
writing entry points to ../../build/mqtt_ros2_bridge/mqtt_ros2_bridge.egg-info/entry_points.txt
writing requirements to ../../build/mqtt_ros2_bridge/mqtt_ros2_bridge.egg-info/requires.txt
writing top-level names to ../../build/mqtt_ros2_bridge/mqtt_ros2_bridge.egg-info/top_level.txt
writing manifest file '../../build/mqtt_ros2_bridge/mqtt_ros2_bridge.egg-info/SOURCES.txt'
reading manifest file '../../build/mqtt_ros2_bridge/mqtt_ros2_bridge.egg-info/SOURCES.txt'
writing manifest file '../../build/mqtt_ros2_bridge/mqtt_ros2_bridge.egg-info/SOURCES.txt'
running build
running build_py
creating /home/antoniousboshra/antonious_boshra_kuka_arm/build/mqtt_ros2_bridge/build
creating /home/antoniousboshra/antonious_boshra_kuka_arm/build/mqtt_ros2_bridge/build/lib
creating /home/antoniousboshra/antonious_boshra_kuka_arm/build/mqtt_ros2_bridge/build/lib/mqtt_ros2_bridge
copying mqtt_ros2_bridge/__init__.py -> /home/antoniousboshra/antonious_boshra_kuka_arm/build/mqtt_ros2_bridge/build/lib/mqtt_ros2_bridge
copying mqtt_ros2_bridge/mqtt_ros2_bridge.py -> /home/antoniousboshra/antonious_boshra_kuka_arm/build/mqtt_ros2_bridge/build/lib/mqtt_ros2_bridge
running install
running install_lib
creating /home/antoniousboshra/antonious_boshra_kuka_arm/install/mqtt_ros2_bridge/lib/python3.10/site-packages/mqtt_ros2_bridge
copying /home/antoniousboshra/antonious_boshra_kuka_arm/build/mqtt_ros2_bridge/build/lib/mqtt_ros2_bridge/__init__.py -> /home/antoniousboshra/antonious_boshra_kuka_arm/install/mqtt_ros2_bridge/lib/python3.10/site-packages/mqtt_ros2_bridge
copying /home/antoniousboshra/antonious_boshra_kuka_arm/build/mqtt_ros2_bridge/build/lib/mqtt_ros2_bridge/mqtt_ros2_bridge.py -> /home/antoniousboshra/antonious_boshra_kuka_arm/install/mqtt_ros2_bridge/lib/python3.10/site-packages/mqtt_ros2_bridge
byte-compiling /home/antoniousboshra/antonious_boshra_kuka_arm/install/mqtt_ros2_bridge/lib/python3.10/site-packages/mqtt_ros2_bridge/__init__.py to __init__.cpython-310.pyc
byte-compiling /home/antoniousboshra/antonious_boshra_kuka_arm/install/mqtt_ros2_bridge/lib/python3.10/site-packages/mqtt_ros2_bridge/mqtt_ros2_bridge.py to mqtt_ros2_bridge.cpython-310.pyc
running install_data
creating /home/antoniousboshra/antonious_boshra_kuka_arm/install/mqtt_ros2_bridge/share/ament_index/resource_index/ament_packages
copying resource/mqtt_ros2_bridge -> /home/antoniousboshra/antonious_boshra_kuka_arm/install/mqtt_ros2_bridge/share/ament_index/resource_index/ament_packages
copying package.xml -> /home/antoniousboshra/antonious_boshra_kuka_arm/install/mqtt_ros2_bridge/share/mqtt_ros2_bridge
running install_egg_info
Copying ../../build/mqtt_ros2_bridge/mqtt_ros2_bridge.egg-info to /home/antoniousboshra/antonious_boshra_kuka_arm/install/mqtt_ros2_bridge/lib/python3.10/site-packages/mqtt_ros2_bridge-0.0.1-py3.10.egg-info
running install_scripts
Installing mqtt_ros2_bridge script to /home/antoniousboshra/antonious_boshra_kuka_arm/install/mqtt_ros2_bridge/lib/mqtt_ros2_bridge
writing list of installed files to '/home/antoniousboshra/antonious_boshra_kuka_arm/build/mqtt_ros2_bridge/install.log'
