[3.393s] Invoking command in '/home/antoniousboshra/antonious_boshra_kuka_arm/src/mqtt_ros2_bridge': PYTHONPATH=/home/antoniousboshra/antonious_boshra_kuka_arm/build/mqtt_ros2_bridge/prefix_override:/usr/lib/python3/dist-packages/colcon_core/task/python/colcon_distutils_commands:/home/antoniousboshra/antonious_boshra_kuka_arm/install/mqtt_ros2_bridge/lib/python3.10/site-packages:${PYTHONPATH} /usr/bin/python3 -W ignore:setup.py install is deprecated -W ignore:easy_install command is deprecated setup.py egg_info --egg-base ../../build/mqtt_ros2_bridge build --build-base /home/antoniousboshra/antonious_boshra_kuka_arm/build/mqtt_ros2_bridge/build install --record /home/antoniousboshra/antonious_boshra_kuka_arm/build/mqtt_ros2_bridge/install.log --single-version-externally-managed install_data
[4.060s] running egg_info
[4.062s] creating ../../build/mqtt_ros2_bridge/mqtt_ros2_bridge.egg-info
[4.063s] writing ../../build/mqtt_ros2_bridge/mqtt_ros2_bridge.egg-info/PKG-INFO
[4.063s] writing dependency_links to ../../build/mqtt_ros2_bridge/mqtt_ros2_bridge.egg-info/dependency_links.txt
[4.063s] writing entry points to ../../build/mqtt_ros2_bridge/mqtt_ros2_bridge.egg-info/entry_points.txt
[4.064s] writing requirements to ../../build/mqtt_ros2_bridge/mqtt_ros2_bridge.egg-info/requires.txt
[4.064s] writing top-level names to ../../build/mqtt_ros2_bridge/mqtt_ros2_bridge.egg-info/top_level.txt
[4.064s] writing manifest file '../../build/mqtt_ros2_bridge/mqtt_ros2_bridge.egg-info/SOURCES.txt'
[4.071s] reading manifest file '../../build/mqtt_ros2_bridge/mqtt_ros2_bridge.egg-info/SOURCES.txt'
[4.073s] writing manifest file '../../build/mqtt_ros2_bridge/mqtt_ros2_bridge.egg-info/SOURCES.txt'
[4.074s] running build
[4.074s] running build_py
[4.074s] creating /home/antoniousboshra/antonious_boshra_kuka_arm/build/mqtt_ros2_bridge/build
[4.075s] creating /home/antoniousboshra/antonious_boshra_kuka_arm/build/mqtt_ros2_bridge/build/lib
[4.075s] creating /home/antoniousboshra/antonious_boshra_kuka_arm/build/mqtt_ros2_bridge/build/lib/mqtt_ros2_bridge
[4.075s] copying mqtt_ros2_bridge/__init__.py -> /home/antoniousboshra/antonious_boshra_kuka_arm/build/mqtt_ros2_bridge/build/lib/mqtt_ros2_bridge
[4.075s] copying mqtt_ros2_bridge/mqtt_ros2_bridge.py -> /home/antoniousboshra/antonious_boshra_kuka_arm/build/mqtt_ros2_bridge/build/lib/mqtt_ros2_bridge
[4.076s] running install
[4.076s] running install_lib
[4.078s] creating /home/antoniousboshra/antonious_boshra_kuka_arm/install/mqtt_ros2_bridge/lib/python3.10/site-packages/mqtt_ros2_bridge
[4.078s] copying /home/antoniousboshra/antonious_boshra_kuka_arm/build/mqtt_ros2_bridge/build/lib/mqtt_ros2_bridge/__init__.py -> /home/antoniousboshra/antonious_boshra_kuka_arm/install/mqtt_ros2_bridge/lib/python3.10/site-packages/mqtt_ros2_bridge
[4.078s] copying /home/antoniousboshra/antonious_boshra_kuka_arm/build/mqtt_ros2_bridge/build/lib/mqtt_ros2_bridge/mqtt_ros2_bridge.py -> /home/antoniousboshra/antonious_boshra_kuka_arm/install/mqtt_ros2_bridge/lib/python3.10/site-packages/mqtt_ros2_bridge
[4.079s] byte-compiling /home/antoniousboshra/antonious_boshra_kuka_arm/install/mqtt_ros2_bridge/lib/python3.10/site-packages/mqtt_ros2_bridge/__init__.py to __init__.cpython-310.pyc
[4.080s] byte-compiling /home/antoniousboshra/antonious_boshra_kuka_arm/install/mqtt_ros2_bridge/lib/python3.10/site-packages/mqtt_ros2_bridge/mqtt_ros2_bridge.py to mqtt_ros2_bridge.cpython-310.pyc
[4.081s] running install_data
[4.082s] creating /home/antoniousboshra/antonious_boshra_kuka_arm/install/mqtt_ros2_bridge/share/ament_index/resource_index/ament_packages
[4.082s] copying resource/mqtt_ros2_bridge -> /home/antoniousboshra/antonious_boshra_kuka_arm/install/mqtt_ros2_bridge/share/ament_index/resource_index/ament_packages
[4.082s] copying package.xml -> /home/antoniousboshra/antonious_boshra_kuka_arm/install/mqtt_ros2_bridge/share/mqtt_ros2_bridge
[4.082s] running install_egg_info
[4.086s] Copying ../../build/mqtt_ros2_bridge/mqtt_ros2_bridge.egg-info to /home/antoniousboshra/antonious_boshra_kuka_arm/install/mqtt_ros2_bridge/lib/python3.10/site-packages/mqtt_ros2_bridge-0.0.1-py3.10.egg-info
[4.087s] running install_scripts
[4.138s] Installing mqtt_ros2_bridge script to /home/antoniousboshra/antonious_boshra_kuka_arm/install/mqtt_ros2_bridge/lib/mqtt_ros2_bridge
[4.139s] writing list of installed files to '/home/antoniousboshra/antonious_boshra_kuka_arm/build/mqtt_ros2_bridge/install.log'
[4.194s] Invoked command in '/home/antoniousboshra/antonious_boshra_kuka_arm/src/mqtt_ros2_bridge' returned '0': PYTHONPATH=/home/antoniousboshra/antonious_boshra_kuka_arm/build/mqtt_ros2_bridge/prefix_override:/usr/lib/python3/dist-packages/colcon_core/task/python/colcon_distutils_commands:/home/antoniousboshra/antonious_boshra_kuka_arm/install/mqtt_ros2_bridge/lib/python3.10/site-packages:${PYTHONPATH} /usr/bin/python3 -W ignore:setup.py install is deprecated -W ignore:easy_install command is deprecated setup.py egg_info --egg-base ../../build/mqtt_ros2_bridge build --build-base /home/antoniousboshra/antonious_boshra_kuka_arm/build/mqtt_ros2_bridge/build install --record /home/antoniousboshra/antonious_boshra_kuka_arm/build/mqtt_ros2_bridge/install.log --single-version-externally-managed install_data
