[0.025s] Invoking command in '/home/antoniousboshra/antonious_boshra_kuka_arm/build/kuka_arm_controller': CMAKE_PREFIX_PATH=${CMAKE_PREFIX_PATH}:/home/antoniousboshra/antoniobrandifirst_ws/install/antoniobrandifirstpython:/opt/ros/humble /usr/bin/cmake --build /home/antoniousboshra/antonious_boshra_kuka_arm/build/kuka_arm_controller -- -j8 -l8
[0.056s] -- Found ament_cmake: 1.3.11 (/opt/ros/humble/share/ament_cmake/cmake)
[1.488s] -- Found controller_manager: 2.49.0 (/opt/ros/humble/share/controller_manager/cmake)
[2.460s] -- Found rosidl_generator_c: 3.1.6 (/opt/ros/humble/share/rosidl_generator_c/cmake)
[2.530s] -- Found rosidl_adapter: 3.1.6 (/opt/ros/humble/share/rosidl_adapter/cmake)
[2.588s] -- Found rosidl_generator_cpp: 3.1.6 (/opt/ros/humble/share/rosidl_generator_cpp/cmake)
[2.715s] -- Using all available rosidl_typesupport_c: rosidl_typesupport_fastrtps_c;rosidl_typesupport_introspection_c
[2.909s] -- Using all available rosidl_typesupport_cpp: rosidl_typesupport_fastrtps_cpp;rosidl_typesupport_introspection_cpp
[5.582s] -- Found rmw_implementation_cmake: 6.1.2 (/opt/ros/humble/share/rmw_implementation_cmake/cmake)
[5.997s] -- Found rmw_fastrtps_cpp: 6.2.7 (/opt/ros/humble/share/rmw_fastrtps_cpp/cmake)
[7.060s] -- Found TinyXML2 via Config file: TinyXML2_DIR-NOTFOUND
[7.260s] -- Found OpenSSL: /usr/lib/x86_64-linux-gnu/libcrypto.so (found version "3.0.2")
[7.267s] -- Found TinyXML2 via Config file: TinyXML2_DIR-NOTFOUND
[7.302s] -- Found FastRTPS: /opt/ros/humble/include
[7.311s] -- Found TinyXML2 via Config file: TinyXML2_DIR-NOTFOUND
[7.326s] -- Found TinyXML2 via Config file: TinyXML2_DIR-NOTFOUND
[7.349s] -- Using RMW implementation 'rmw_fastrtps_cpp' as default
[7.501s] -- Performing Test CMAKE_HAVE_LIBC_PTHREAD
[7.762s] -- Performing Test CMAKE_HAVE_LIBC_PTHREAD - Success
[7.764s] -- Found Threads: TRUE
[8.587s] -- Found joint_trajectory_controller: 2.43.0 (/opt/ros/humble/share/joint_trajectory_controller/cmake)
[9.095s] -- Found joint_state_broadcaster: 2.43.0 (/opt/ros/humble/share/joint_state_broadcaster/cmake)
[9.181s] -- Found robot_state_publisher: 3.0.3 (/opt/ros/humble/share/robot_state_publisher/cmake)
[9.298s] -- Found eigen3_cmake_module: 0.1.1 (/opt/ros/humble/share/eigen3_cmake_module/cmake)
[9.301s] -- Found Eigen3: TRUE (found version "3.4.0")
[9.301s] -- Ensuring Eigen3 include directory is part of orocos-kdl CMake target
[9.835s] -- Found ros2_controllers: 2.43.0 (/opt/ros/humble/share/ros2_controllers/cmake)
[9.881s] -- Found xacro: 2.0.13 (/opt/ros/humble/share/xacro/cmake)
[9.883s] -- Found ament_lint_auto: 0.12.12 (/opt/ros/humble/share/ament_lint_auto/cmake)
[10.020s] -- Added test 'flake8' to check Python code syntax and style conventions
[10.021s] -- Added test 'lint_cmake' to check CMake code style
[10.022s] -- Added test 'pep257' to check Python code against some of the docstring style conventions in PEP 257
[10.024s] -- Added test 'xmllint' to check XML markup files
[10.026s] -- Configuring done (10.0s)
[10.083s] -- Generating done (0.1s)
[10.087s] -- Build files have been written to: /home/antoniousboshra/antonious_boshra_kuka_arm/build/kuka_arm_controller
[10.116s] Invoked command in '/home/antoniousboshra/antonious_boshra_kuka_arm/build/kuka_arm_controller' returned '0': CMAKE_PREFIX_PATH=${CMAKE_PREFIX_PATH}:/home/antoniousboshra/antoniobrandifirst_ws/install/antoniobrandifirstpython:/opt/ros/humble /usr/bin/cmake --build /home/antoniousboshra/antonious_boshra_kuka_arm/build/kuka_arm_controller -- -j8 -l8
[10.120s] Invoking command in '/home/antoniousboshra/antonious_boshra_kuka_arm/build/kuka_arm_controller': CMAKE_PREFIX_PATH=${CMAKE_PREFIX_PATH}:/home/antoniousboshra/antoniobrandifirst_ws/install/antoniobrandifirstpython:/opt/ros/humble /usr/bin/cmake --install /home/antoniousboshra/antonious_boshra_kuka_arm/build/kuka_arm_controller
[10.124s] -- Install configuration: ""
[10.125s] -- Up-to-date: /home/antoniousboshra/antonious_boshra_kuka_arm/install/kuka_arm_controller/share/kuka_arm_controller/config
[10.125s] -- Up-to-date: /home/antoniousboshra/antonious_boshra_kuka_arm/install/kuka_arm_controller/share/kuka_arm_controller/config/kuka_arm_controller.yaml
[10.125s] -- Up-to-date: /home/antoniousboshra/antonious_boshra_kuka_arm/install/kuka_arm_controller/share/kuka_arm_controller/launch
[10.126s] -- Up-to-date: /home/antoniousboshra/antonious_boshra_kuka_arm/install/kuka_arm_controller/share/kuka_arm_controller/launch/controller.launch.py
[10.126s] -- Up-to-date: /home/antoniousboshra/antonious_boshra_kuka_arm/install/kuka_arm_controller/share/ament_index/resource_index/package_run_dependencies/kuka_arm_controller
[10.126s] -- Up-to-date: /home/antoniousboshra/antonious_boshra_kuka_arm/install/kuka_arm_controller/share/ament_index/resource_index/parent_prefix_path/kuka_arm_controller
[10.126s] -- Up-to-date: /home/antoniousboshra/antonious_boshra_kuka_arm/install/kuka_arm_controller/share/kuka_arm_controller/environment/ament_prefix_path.sh
[10.127s] -- Installing: /home/antoniousboshra/antonious_boshra_kuka_arm/install/kuka_arm_controller/share/kuka_arm_controller/environment/ament_prefix_path.dsv
[10.127s] -- Up-to-date: /home/antoniousboshra/antonious_boshra_kuka_arm/install/kuka_arm_controller/share/kuka_arm_controller/environment/path.sh
[10.127s] -- Installing: /home/antoniousboshra/antonious_boshra_kuka_arm/install/kuka_arm_controller/share/kuka_arm_controller/environment/path.dsv
[10.128s] -- Up-to-date: /home/antoniousboshra/antonious_boshra_kuka_arm/install/kuka_arm_controller/share/kuka_arm_controller/local_setup.bash
[10.128s] -- Up-to-date: /home/antoniousboshra/antonious_boshra_kuka_arm/install/kuka_arm_controller/share/kuka_arm_controller/local_setup.sh
[10.128s] -- Up-to-date: /home/antoniousboshra/antonious_boshra_kuka_arm/install/kuka_arm_controller/share/kuka_arm_controller/local_setup.zsh
[10.128s] -- Installing: /home/antoniousboshra/antonious_boshra_kuka_arm/install/kuka_arm_controller/share/kuka_arm_controller/local_setup.dsv
[10.128s] -- Installing: /home/antoniousboshra/antonious_boshra_kuka_arm/install/kuka_arm_controller/share/kuka_arm_controller/package.dsv
[10.128s] -- Up-to-date: /home/antoniousboshra/antonious_boshra_kuka_arm/install/kuka_arm_controller/share/ament_index/resource_index/packages/kuka_arm_controller
[10.129s] -- Up-to-date: /home/antoniousboshra/antonious_boshra_kuka_arm/install/kuka_arm_controller/share/kuka_arm_controller/cmake/kuka_arm_controllerConfig.cmake
[10.129s] -- Up-to-date: /home/antoniousboshra/antonious_boshra_kuka_arm/install/kuka_arm_controller/share/kuka_arm_controller/cmake/kuka_arm_controllerConfig-version.cmake
[10.129s] -- Up-to-date: /home/antoniousboshra/antonious_boshra_kuka_arm/install/kuka_arm_controller/share/kuka_arm_controller/package.xml
[10.130s] Invoked command in '/home/antoniousboshra/antonious_boshra_kuka_arm/build/kuka_arm_controller' returned '0': CMAKE_PREFIX_PATH=${CMAKE_PREFIX_PATH}:/home/antoniousboshra/antoniobrandifirst_ws/install/antoniobrandifirstpython:/opt/ros/humble /usr/bin/cmake --install /home/antoniousboshra/antonious_boshra_kuka_arm/build/kuka_arm_controller
