[0.222s] DEBUG:colcon:Command line arguments: ['/usr/bin/colcon', 'build']
[0.222s] DEBUG:colcon:Parsed command line arguments: Namespace(log_base=None, log_level=None, verb_name='build', build_base='build', install_base='install', merge_install=False, symlink_install=False, test_result_base=None, continue_on_error=False, executor='parallel', parallel_workers=8, event_handlers=None, ignore_user_meta=False, metas=['./colcon.meta'], base_paths=['.'], packages_ignore=None, packages_ignore_regex=None, paths=None, packages_up_to=None, packages_up_to_regex=None, packages_above=None, packages_above_and_dependencies=None, packages_above_depth=None, packages_select_by_dep=None, packages_skip_by_dep=None, packages_skip_up_to=None, packages_select_build_failed=False, packages_skip_build_finished=False, packages_select_test_failures=False, packages_skip_test_passed=False, packages_select=None, packages_skip=None, packages_select_regex=None, packages_skip_regex=None, packages_start=None, packages_end=None, allow_overriding=[], cmake_args=None, cmake_target=None, cmake_target_skip_unavailable=False, cmake_clean_cache=False, cmake_clean_first=False, cmake_force_configure=False, ament_cmake_args=None, catkin_cmake_args=None, catkin_skip_building_tests=False, mixin_files=None, mixin=None, verb_parser=<colcon_mixin.mixin.mixin_argument.MixinArgumentDecorator object at 0x718d6fdf7790>, verb_extension=<colcon_core.verb.build.BuildVerb object at 0x718d6fdb1030>, main=<bound method BuildVerb.main of <colcon_core.verb.build.BuildVerb object at 0x718d6fdb1030>>, mixin_verb=('build',))
[0.560s] Level 1:colcon.colcon_core.package_discovery:discover_packages(colcon_meta) check parameters
[0.560s] Level 1:colcon.colcon_core.package_discovery:discover_packages(recursive) check parameters
[0.560s] Level 1:colcon.colcon_core.package_discovery:discover_packages(ignore) check parameters
[0.560s] Level 1:colcon.colcon_core.package_discovery:discover_packages(path) check parameters
[0.560s] Level 1:colcon.colcon_core.package_discovery:discover_packages(colcon_meta) discover
[0.560s] Level 1:colcon.colcon_core.package_discovery:discover_packages(recursive) discover
[0.561s] INFO:colcon.colcon_core.package_discovery:Crawling recursively for packages in '/home/antoniousboshra/antonious_boshra_kuka_arm'
[0.561s] Level 1:colcon.colcon_core.package_identification:_identify(.) by extensions ['ignore', 'ignore_ament_install']
[0.561s] Level 1:colcon.colcon_core.package_identification:_identify(.) by extension 'ignore'
[0.561s] Level 1:colcon.colcon_core.package_identification:_identify(.) by extension 'ignore_ament_install'
[0.561s] Level 1:colcon.colcon_core.package_identification:_identify(.) by extensions ['colcon_pkg']
[0.561s] Level 1:colcon.colcon_core.package_identification:_identify(.) by extension 'colcon_pkg'
[0.561s] Level 1:colcon.colcon_core.package_identification:_identify(.) by extensions ['colcon_meta']
[0.561s] Level 1:colcon.colcon_core.package_identification:_identify(.) by extension 'colcon_meta'
[0.561s] Level 1:colcon.colcon_core.package_identification:_identify(.) by extensions ['ros']
[0.562s] Level 1:colcon.colcon_core.package_identification:_identify(.) by extension 'ros'
[0.583s] Level 1:colcon.colcon_core.package_identification:_identify(.) by extensions ['cmake', 'python']
[0.583s] Level 1:colcon.colcon_core.package_identification:_identify(.) by extension 'cmake'
[0.583s] Level 1:colcon.colcon_core.package_identification:_identify(.) by extension 'python'
[0.583s] Level 1:colcon.colcon_core.package_identification:_identify(.) by extensions ['python_setup_py']
[0.583s] Level 1:colcon.colcon_core.package_identification:_identify(.) by extension 'python_setup_py'
[0.584s] Level 1:colcon.colcon_core.package_identification:_identify(build) by extensions ['ignore', 'ignore_ament_install']
[0.584s] Level 1:colcon.colcon_core.package_identification:_identify(build) by extension 'ignore'
[0.584s] Level 1:colcon.colcon_core.package_identification:_identify(build) ignored
[0.584s] Level 1:colcon.colcon_core.package_identification:_identify(install) by extensions ['ignore', 'ignore_ament_install']
[0.585s] Level 1:colcon.colcon_core.package_identification:_identify(install) by extension 'ignore'
[0.585s] Level 1:colcon.colcon_core.package_identification:_identify(install) ignored
[0.585s] Level 1:colcon.colcon_core.package_identification:_identify(log) by extensions ['ignore', 'ignore_ament_install']
[0.585s] Level 1:colcon.colcon_core.package_identification:_identify(log) by extension 'ignore'
[0.585s] Level 1:colcon.colcon_core.package_identification:_identify(log) ignored
[0.586s] Level 1:colcon.colcon_core.package_identification:_identify(src) by extensions ['ignore', 'ignore_ament_install']
[0.586s] Level 1:colcon.colcon_core.package_identification:_identify(src) by extension 'ignore'
[0.586s] Level 1:colcon.colcon_core.package_identification:_identify(src) by extension 'ignore_ament_install'
[0.586s] Level 1:colcon.colcon_core.package_identification:_identify(src) by extensions ['colcon_pkg']
[0.586s] Level 1:colcon.colcon_core.package_identification:_identify(src) by extension 'colcon_pkg'
[0.586s] Level 1:colcon.colcon_core.package_identification:_identify(src) by extensions ['colcon_meta']
[0.586s] Level 1:colcon.colcon_core.package_identification:_identify(src) by extension 'colcon_meta'
[0.587s] Level 1:colcon.colcon_core.package_identification:_identify(src) by extensions ['ros']
[0.587s] Level 1:colcon.colcon_core.package_identification:_identify(src) by extension 'ros'
[0.587s] Level 1:colcon.colcon_core.package_identification:_identify(src) by extensions ['cmake', 'python']
[0.587s] Level 1:colcon.colcon_core.package_identification:_identify(src) by extension 'cmake'
[0.587s] Level 1:colcon.colcon_core.package_identification:_identify(src) by extension 'python'
[0.587s] Level 1:colcon.colcon_core.package_identification:_identify(src) by extensions ['python_setup_py']
[0.587s] Level 1:colcon.colcon_core.package_identification:_identify(src) by extension 'python_setup_py'
[0.588s] Level 1:colcon.colcon_core.package_identification:_identify(src/antoniobrandifirstpython) by extensions ['ignore', 'ignore_ament_install']
[0.588s] Level 1:colcon.colcon_core.package_identification:_identify(src/antoniobrandifirstpython) by extension 'ignore'
[0.588s] Level 1:colcon.colcon_core.package_identification:_identify(src/antoniobrandifirstpython) by extension 'ignore_ament_install'
[0.588s] Level 1:colcon.colcon_core.package_identification:_identify(src/antoniobrandifirstpython) by extensions ['colcon_pkg']
[0.588s] Level 1:colcon.colcon_core.package_identification:_identify(src/antoniobrandifirstpython) by extension 'colcon_pkg'
[0.588s] Level 1:colcon.colcon_core.package_identification:_identify(src/antoniobrandifirstpython) by extensions ['colcon_meta']
[0.588s] Level 1:colcon.colcon_core.package_identification:_identify(src/antoniobrandifirstpython) by extension 'colcon_meta'
[0.589s] Level 1:colcon.colcon_core.package_identification:_identify(src/antoniobrandifirstpython) by extensions ['ros']
[0.589s] Level 1:colcon.colcon_core.package_identification:_identify(src/antoniobrandifirstpython) by extension 'ros'
[0.589s] Level 1:colcon.colcon_core.package_identification:_identify(src/antoniobrandifirstpython) by extensions ['cmake', 'python']
[0.589s] Level 1:colcon.colcon_core.package_identification:_identify(src/antoniobrandifirstpython) by extension 'cmake'
[0.589s] Level 1:colcon.colcon_core.package_identification:_identify(src/antoniobrandifirstpython) by extension 'python'
[0.589s] Level 1:colcon.colcon_core.package_identification:_identify(src/antoniobrandifirstpython) by extensions ['python_setup_py']
[0.589s] Level 1:colcon.colcon_core.package_identification:_identify(src/antoniobrandifirstpython) by extension 'python_setup_py'
[0.590s] Level 1:colcon.colcon_core.package_identification:_identify(src/kuka_arm_controller) by extensions ['ignore', 'ignore_ament_install']
[0.590s] Level 1:colcon.colcon_core.package_identification:_identify(src/kuka_arm_controller) by extension 'ignore'
[0.590s] Level 1:colcon.colcon_core.package_identification:_identify(src/kuka_arm_controller) by extension 'ignore_ament_install'
[0.590s] Level 1:colcon.colcon_core.package_identification:_identify(src/kuka_arm_controller) by extensions ['colcon_pkg']
[0.590s] Level 1:colcon.colcon_core.package_identification:_identify(src/kuka_arm_controller) by extension 'colcon_pkg'
[0.590s] Level 1:colcon.colcon_core.package_identification:_identify(src/kuka_arm_controller) by extensions ['colcon_meta']
[0.590s] Level 1:colcon.colcon_core.package_identification:_identify(src/kuka_arm_controller) by extension 'colcon_meta'
[0.591s] Level 1:colcon.colcon_core.package_identification:_identify(src/kuka_arm_controller) by extensions ['ros']
[0.591s] Level 1:colcon.colcon_core.package_identification:_identify(src/kuka_arm_controller) by extension 'ros'
[0.595s] DEBUG:colcon.colcon_core.package_identification:Package 'src/kuka_arm_controller' with type 'ros.ament_cmake' and name 'kuka_arm_controller'
[0.595s] Level 1:colcon.colcon_core.package_identification:_identify(src/kuka_arm_description) by extensions ['ignore', 'ignore_ament_install']
[0.595s] Level 1:colcon.colcon_core.package_identification:_identify(src/kuka_arm_description) by extension 'ignore'
[0.595s] Level 1:colcon.colcon_core.package_identification:_identify(src/kuka_arm_description) by extension 'ignore_ament_install'
[0.596s] Level 1:colcon.colcon_core.package_identification:_identify(src/kuka_arm_description) by extensions ['colcon_pkg']
[0.596s] Level 1:colcon.colcon_core.package_identification:_identify(src/kuka_arm_description) by extension 'colcon_pkg'
[0.596s] Level 1:colcon.colcon_core.package_identification:_identify(src/kuka_arm_description) by extensions ['colcon_meta']
[0.596s] Level 1:colcon.colcon_core.package_identification:_identify(src/kuka_arm_description) by extension 'colcon_meta'
[0.596s] Level 1:colcon.colcon_core.package_identification:_identify(src/kuka_arm_description) by extensions ['ros']
[0.596s] Level 1:colcon.colcon_core.package_identification:_identify(src/kuka_arm_description) by extension 'ros'
[0.611s] DEBUG:colcon.colcon_core.package_identification:Package 'src/kuka_arm_description' with type 'ros.ament_cmake' and name 'kuka_arm_description'
[0.611s] Level 1:colcon.colcon_core.package_discovery:discover_packages(recursive) using defaults
[0.611s] Level 1:colcon.colcon_core.package_discovery:discover_packages(ignore) discover
[0.611s] Level 1:colcon.colcon_core.package_discovery:discover_packages(ignore) using defaults
[0.611s] Level 1:colcon.colcon_core.package_discovery:discover_packages(path) discover
[0.611s] Level 1:colcon.colcon_core.package_discovery:discover_packages(path) using defaults
[0.649s] Level 1:colcon.colcon_core.package_discovery:discover_packages(prefix_path) check parameters
[0.649s] Level 1:colcon.colcon_core.package_discovery:discover_packages(prefix_path) discover
[0.652s] DEBUG:colcon.colcon_installed_package_information.package_discovery:Found 2 installed packages in /home/antoniousboshra/antonious_boshra_kuka_arm/install
[0.653s] DEBUG:colcon.colcon_installed_package_information.package_discovery:Found 3 installed packages in /home/antoniousboshra/antoniobrandifirst_ws/install
[0.656s] DEBUG:colcon.colcon_installed_package_information.package_discovery:Found 453 installed packages in /opt/ros/humble
[0.660s] Level 1:colcon.colcon_core.package_discovery:discover_packages(prefix_path) using defaults
[0.771s] Level 5:colcon.colcon_core.verb:set package 'kuka_arm_controller' build argument 'cmake_args' from command line to 'None'
[0.771s] Level 5:colcon.colcon_core.verb:set package 'kuka_arm_controller' build argument 'cmake_target' from command line to 'None'
[0.771s] Level 5:colcon.colcon_core.verb:set package 'kuka_arm_controller' build argument 'cmake_target_skip_unavailable' from command line to 'False'
[0.771s] Level 5:colcon.colcon_core.verb:set package 'kuka_arm_controller' build argument 'cmake_clean_cache' from command line to 'False'
[0.771s] Level 5:colcon.colcon_core.verb:set package 'kuka_arm_controller' build argument 'cmake_clean_first' from command line to 'False'
[0.771s] Level 5:colcon.colcon_core.verb:set package 'kuka_arm_controller' build argument 'cmake_force_configure' from command line to 'False'
[0.771s] Level 5:colcon.colcon_core.verb:set package 'kuka_arm_controller' build argument 'ament_cmake_args' from command line to 'None'
[0.771s] Level 5:colcon.colcon_core.verb:set package 'kuka_arm_controller' build argument 'catkin_cmake_args' from command line to 'None'
[0.771s] Level 5:colcon.colcon_core.verb:set package 'kuka_arm_controller' build argument 'catkin_skip_building_tests' from command line to 'False'
[0.771s] DEBUG:colcon.colcon_core.verb:Building package 'kuka_arm_controller' with the following arguments: {'ament_cmake_args': None, 'build_base': '/home/antoniousboshra/antonious_boshra_kuka_arm/build/kuka_arm_controller', 'catkin_cmake_args': None, 'catkin_skip_building_tests': False, 'cmake_args': None, 'cmake_clean_cache': False, 'cmake_clean_first': False, 'cmake_force_configure': False, 'cmake_target': None, 'cmake_target_skip_unavailable': False, 'install_base': '/home/antoniousboshra/antonious_boshra_kuka_arm/install/kuka_arm_controller', 'merge_install': False, 'path': '/home/antoniousboshra/antonious_boshra_kuka_arm/src/kuka_arm_controller', 'symlink_install': False, 'test_result_base': None}
[0.772s] Level 5:colcon.colcon_core.verb:set package 'kuka_arm_description' build argument 'cmake_args' from command line to 'None'
[0.772s] Level 5:colcon.colcon_core.verb:set package 'kuka_arm_description' build argument 'cmake_target' from command line to 'None'
[0.772s] Level 5:colcon.colcon_core.verb:set package 'kuka_arm_description' build argument 'cmake_target_skip_unavailable' from command line to 'False'
[0.772s] Level 5:colcon.colcon_core.verb:set package 'kuka_arm_description' build argument 'cmake_clean_cache' from command line to 'False'
[0.772s] Level 5:colcon.colcon_core.verb:set package 'kuka_arm_description' build argument 'cmake_clean_first' from command line to 'False'
[0.772s] Level 5:colcon.colcon_core.verb:set package 'kuka_arm_description' build argument 'cmake_force_configure' from command line to 'False'
[0.772s] Level 5:colcon.colcon_core.verb:set package 'kuka_arm_description' build argument 'ament_cmake_args' from command line to 'None'
[0.772s] Level 5:colcon.colcon_core.verb:set package 'kuka_arm_description' build argument 'catkin_cmake_args' from command line to 'None'
[0.773s] Level 5:colcon.colcon_core.verb:set package 'kuka_arm_description' build argument 'catkin_skip_building_tests' from command line to 'False'
[0.773s] DEBUG:colcon.colcon_core.verb:Building package 'kuka_arm_description' with the following arguments: {'ament_cmake_args': None, 'build_base': '/home/antoniousboshra/antonious_boshra_kuka_arm/build/kuka_arm_description', 'catkin_cmake_args': None, 'catkin_skip_building_tests': False, 'cmake_args': None, 'cmake_clean_cache': False, 'cmake_clean_first': False, 'cmake_force_configure': False, 'cmake_target': None, 'cmake_target_skip_unavailable': False, 'install_base': '/home/antoniousboshra/antonious_boshra_kuka_arm/install/kuka_arm_description', 'merge_install': False, 'path': '/home/antoniousboshra/antonious_boshra_kuka_arm/src/kuka_arm_description', 'symlink_install': False, 'test_result_base': None}
[0.773s] INFO:colcon.colcon_core.executor:Executing jobs using 'parallel' executor
[0.775s] DEBUG:colcon.colcon_parallel_executor.executor.parallel:run_until_complete
[0.775s] INFO:colcon.colcon_ros.task.ament_cmake.build:Building ROS package in '/home/antoniousboshra/antonious_boshra_kuka_arm/src/kuka_arm_controller' with build type 'ament_cmake'
[0.775s] INFO:colcon.colcon_cmake.task.cmake.build:Building CMake package in '/home/antoniousboshra/antonious_boshra_kuka_arm/src/kuka_arm_controller'
[0.779s] INFO:colcon.colcon_core.plugin_system:Skipping extension 'colcon_core.shell.bat': Not used on non-Windows systems
[0.779s] INFO:colcon.colcon_core.shell:Skip shell extension 'powershell' for command environment: Not usable outside of PowerShell
[0.779s] DEBUG:colcon.colcon_core.shell:Skip shell extension 'dsv' for command environment
[0.787s] INFO:colcon.colcon_ros.task.ament_cmake.build:Building ROS package in '/home/antoniousboshra/antonious_boshra_kuka_arm/src/kuka_arm_description' with build type 'ament_cmake'
[0.787s] INFO:colcon.colcon_cmake.task.cmake.build:Building CMake package in '/home/antoniousboshra/antonious_boshra_kuka_arm/src/kuka_arm_description'
[0.788s] INFO:colcon.colcon_core.shell:Skip shell extension 'powershell' for command environment: Not usable outside of PowerShell
[0.788s] DEBUG:colcon.colcon_core.shell:Skip shell extension 'dsv' for command environment
[0.809s] DEBUG:colcon.colcon_core.event_handler.log_command:Invoking command in '/home/antoniousboshra/antonious_boshra_kuka_arm/build/kuka_arm_controller': CMAKE_PREFIX_PATH=${CMAKE_PREFIX_PATH}:/home/antoniousboshra/antoniobrandifirst_ws/install/antoniobrandifirstpython:/opt/ros/humble /usr/bin/cmake --build /home/antoniousboshra/antonious_boshra_kuka_arm/build/kuka_arm_controller -- -j8 -l8
[0.814s] DEBUG:colcon.colcon_core.event_handler.log_command:Invoking command in '/home/antoniousboshra/antonious_boshra_kuka_arm/build/kuka_arm_description': CMAKE_PREFIX_PATH=${CMAKE_PREFIX_PATH}:/home/antoniousboshra/antoniobrandifirst_ws/install/antoniobrandifirstpython:/opt/ros/humble /usr/bin/cmake --build /home/antoniousboshra/antonious_boshra_kuka_arm/build/kuka_arm_description -- -j8 -l8
[0.846s] DEBUG:colcon.colcon_core.event_handler.log_command:Invoked command in '/home/antoniousboshra/antonious_boshra_kuka_arm/build/kuka_arm_controller' returned '0': CMAKE_PREFIX_PATH=${CMAKE_PREFIX_PATH}:/home/antoniousboshra/antoniobrandifirst_ws/install/antoniobrandifirstpython:/opt/ros/humble /usr/bin/cmake --build /home/antoniousboshra/antonious_boshra_kuka_arm/build/kuka_arm_controller -- -j8 -l8
[0.859s] DEBUG:colcon.colcon_core.event_handler.log_command:Invoking command in '/home/antoniousboshra/antonious_boshra_kuka_arm/build/kuka_arm_controller': CMAKE_PREFIX_PATH=${CMAKE_PREFIX_PATH}:/home/antoniousboshra/antoniobrandifirst_ws/install/antoniobrandifirstpython:/opt/ros/humble /usr/bin/cmake --install /home/antoniousboshra/antonious_boshra_kuka_arm/build/kuka_arm_controller
[0.865s] DEBUG:colcon.colcon_core.event_handler.log_command:Invoked command in '/home/antoniousboshra/antonious_boshra_kuka_arm/build/kuka_arm_description' returned '0': CMAKE_PREFIX_PATH=${CMAKE_PREFIX_PATH}:/home/antoniousboshra/antoniobrandifirst_ws/install/antoniobrandifirstpython:/opt/ros/humble /usr/bin/cmake --build /home/antoniousboshra/antonious_boshra_kuka_arm/build/kuka_arm_description -- -j8 -l8
[0.873s] Level 1:colcon.colcon_core.environment:create_environment_scripts_only(kuka_arm_controller)
[0.877s] DEBUG:colcon.colcon_core.event_handler.log_command:Invoking command in '/home/antoniousboshra/antonious_boshra_kuka_arm/build/kuka_arm_description': CMAKE_PREFIX_PATH=${CMAKE_PREFIX_PATH}:/home/antoniousboshra/antoniobrandifirst_ws/install/antoniobrandifirstpython:/opt/ros/humble /usr/bin/cmake --install /home/antoniousboshra/antonious_boshra_kuka_arm/build/kuka_arm_description
[0.878s] DEBUG:colcon.colcon_core.event_handler.log_command:Invoked command in '/home/antoniousboshra/antonious_boshra_kuka_arm/build/kuka_arm_controller' returned '0': CMAKE_PREFIX_PATH=${CMAKE_PREFIX_PATH}:/home/antoniousboshra/antoniobrandifirst_ws/install/antoniobrandifirstpython:/opt/ros/humble /usr/bin/cmake --install /home/antoniousboshra/antonious_boshra_kuka_arm/build/kuka_arm_controller
[0.891s] Level 1:colcon.colcon_core.environment:checking '/home/antoniousboshra/antonious_boshra_kuka_arm/install/kuka_arm_controller' for CMake module files
[0.892s] Level 1:colcon.colcon_core.environment:checking '/home/antoniousboshra/antonious_boshra_kuka_arm/install/kuka_arm_controller' for CMake config files
[0.893s] Level 1:colcon.colcon_core.shell:create_environment_hook('kuka_arm_controller', 'cmake_prefix_path')
[0.894s] INFO:colcon.colcon_core.shell:Creating environment hook '/home/antoniousboshra/antonious_boshra_kuka_arm/install/kuka_arm_controller/share/kuka_arm_controller/hook/cmake_prefix_path.ps1'
[0.896s] INFO:colcon.colcon_core.shell:Creating environment descriptor '/home/antoniousboshra/antonious_boshra_kuka_arm/install/kuka_arm_controller/share/kuka_arm_controller/hook/cmake_prefix_path.dsv'
[0.897s] INFO:colcon.colcon_core.shell:Creating environment hook '/home/antoniousboshra/antonious_boshra_kuka_arm/install/kuka_arm_controller/share/kuka_arm_controller/hook/cmake_prefix_path.sh'
[0.900s] Level 1:colcon.colcon_core.environment:checking '/home/antoniousboshra/antonious_boshra_kuka_arm/install/kuka_arm_controller/bin'
[0.900s] Level 1:colcon.colcon_core.environment:checking '/home/antoniousboshra/antonious_boshra_kuka_arm/install/kuka_arm_controller/lib/pkgconfig/kuka_arm_controller.pc'
[0.901s] Level 1:colcon.colcon_core.environment:checking '/home/antoniousboshra/antonious_boshra_kuka_arm/install/kuka_arm_controller/lib/python3.10/site-packages'
[0.901s] Level 1:colcon.colcon_core.environment:checking '/home/antoniousboshra/antonious_boshra_kuka_arm/install/kuka_arm_controller/bin'
[0.902s] INFO:colcon.colcon_core.shell:Creating package script '/home/antoniousboshra/antonious_boshra_kuka_arm/install/kuka_arm_controller/share/kuka_arm_controller/package.ps1'
[0.904s] INFO:colcon.colcon_core.shell:Creating package descriptor '/home/antoniousboshra/antonious_boshra_kuka_arm/install/kuka_arm_controller/share/kuka_arm_controller/package.dsv'
[0.906s] INFO:colcon.colcon_core.shell:Creating package script '/home/antoniousboshra/antonious_boshra_kuka_arm/install/kuka_arm_controller/share/kuka_arm_controller/package.sh'
[0.909s] INFO:colcon.colcon_core.shell:Creating package script '/home/antoniousboshra/antonious_boshra_kuka_arm/install/kuka_arm_controller/share/kuka_arm_controller/package.bash'
[0.912s] INFO:colcon.colcon_core.shell:Creating package script '/home/antoniousboshra/antonious_boshra_kuka_arm/install/kuka_arm_controller/share/kuka_arm_controller/package.zsh'
[0.915s] Level 1:colcon.colcon_core.environment:create_file_with_runtime_dependencies(/home/antoniousboshra/antonious_boshra_kuka_arm/install/kuka_arm_controller/share/colcon-core/packages/kuka_arm_controller)
[0.917s] Level 1:colcon.colcon_core.environment:create_environment_scripts_only(kuka_arm_controller)
[0.917s] Level 1:colcon.colcon_core.environment:checking '/home/antoniousboshra/antonious_boshra_kuka_arm/install/kuka_arm_controller' for CMake module files
[0.919s] Level 1:colcon.colcon_core.environment:checking '/home/antoniousboshra/antonious_boshra_kuka_arm/install/kuka_arm_controller' for CMake config files
[0.919s] Level 1:colcon.colcon_core.shell:create_environment_hook('kuka_arm_controller', 'cmake_prefix_path')
[0.920s] INFO:colcon.colcon_core.shell:Creating environment hook '/home/antoniousboshra/antonious_boshra_kuka_arm/install/kuka_arm_controller/share/kuka_arm_controller/hook/cmake_prefix_path.ps1'
[0.921s] INFO:colcon.colcon_core.shell:Creating environment descriptor '/home/antoniousboshra/antonious_boshra_kuka_arm/install/kuka_arm_controller/share/kuka_arm_controller/hook/cmake_prefix_path.dsv'
[0.922s] INFO:colcon.colcon_core.shell:Creating environment hook '/home/antoniousboshra/antonious_boshra_kuka_arm/install/kuka_arm_controller/share/kuka_arm_controller/hook/cmake_prefix_path.sh'
[0.924s] Level 1:colcon.colcon_core.environment:checking '/home/antoniousboshra/antonious_boshra_kuka_arm/install/kuka_arm_controller/bin'
[0.925s] Level 1:colcon.colcon_core.environment:checking '/home/antoniousboshra/antonious_boshra_kuka_arm/install/kuka_arm_controller/lib/pkgconfig/kuka_arm_controller.pc'
[0.925s] Level 1:colcon.colcon_core.environment:checking '/home/antoniousboshra/antonious_boshra_kuka_arm/install/kuka_arm_controller/lib/python3.10/site-packages'
[0.926s] Level 1:colcon.colcon_core.environment:checking '/home/antoniousboshra/antonious_boshra_kuka_arm/install/kuka_arm_controller/bin'
[0.928s] INFO:colcon.colcon_core.shell:Creating package script '/home/antoniousboshra/antonious_boshra_kuka_arm/install/kuka_arm_controller/share/kuka_arm_controller/package.ps1'
[0.930s] INFO:colcon.colcon_core.shell:Creating package descriptor '/home/antoniousboshra/antonious_boshra_kuka_arm/install/kuka_arm_controller/share/kuka_arm_controller/package.dsv'
[0.931s] INFO:colcon.colcon_core.shell:Creating package script '/home/antoniousboshra/antonious_boshra_kuka_arm/install/kuka_arm_controller/share/kuka_arm_controller/package.sh'
[0.933s] INFO:colcon.colcon_core.shell:Creating package script '/home/antoniousboshra/antonious_boshra_kuka_arm/install/kuka_arm_controller/share/kuka_arm_controller/package.bash'
[0.934s] INFO:colcon.colcon_core.shell:Creating package script '/home/antoniousboshra/antonious_boshra_kuka_arm/install/kuka_arm_controller/share/kuka_arm_controller/package.zsh'
[0.935s] Level 1:colcon.colcon_core.environment:create_file_with_runtime_dependencies(/home/antoniousboshra/antonious_boshra_kuka_arm/install/kuka_arm_controller/share/colcon-core/packages/kuka_arm_controller)
[0.937s] Level 1:colcon.colcon_core.environment:create_environment_scripts_only(kuka_arm_description)
[0.938s] Level 1:colcon.colcon_core.environment:checking '/home/antoniousboshra/antonious_boshra_kuka_arm/install/kuka_arm_description' for CMake module files
[0.941s] DEBUG:colcon.colcon_core.event_handler.log_command:Invoked command in '/home/antoniousboshra/antonious_boshra_kuka_arm/build/kuka_arm_description' returned '0': CMAKE_PREFIX_PATH=${CMAKE_PREFIX_PATH}:/home/antoniousboshra/antoniobrandifirst_ws/install/antoniobrandifirstpython:/opt/ros/humble /usr/bin/cmake --install /home/antoniousboshra/antonious_boshra_kuka_arm/build/kuka_arm_description
[0.941s] Level 1:colcon.colcon_core.environment:checking '/home/antoniousboshra/antonious_boshra_kuka_arm/install/kuka_arm_description' for CMake config files
[0.942s] Level 1:colcon.colcon_core.shell:create_environment_hook('kuka_arm_description', 'cmake_prefix_path')
[0.943s] INFO:colcon.colcon_core.shell:Creating environment hook '/home/antoniousboshra/antonious_boshra_kuka_arm/install/kuka_arm_description/share/kuka_arm_description/hook/cmake_prefix_path.ps1'
[0.944s] INFO:colcon.colcon_core.shell:Creating environment descriptor '/home/antoniousboshra/antonious_boshra_kuka_arm/install/kuka_arm_description/share/kuka_arm_description/hook/cmake_prefix_path.dsv'
[0.946s] INFO:colcon.colcon_core.shell:Creating environment hook '/home/antoniousboshra/antonious_boshra_kuka_arm/install/kuka_arm_description/share/kuka_arm_description/hook/cmake_prefix_path.sh'
[0.947s] Level 1:colcon.colcon_core.environment:checking '/home/antoniousboshra/antonious_boshra_kuka_arm/install/kuka_arm_description/bin'
[0.947s] Level 1:colcon.colcon_core.environment:checking '/home/antoniousboshra/antonious_boshra_kuka_arm/install/kuka_arm_description/lib/pkgconfig/kuka_arm_description.pc'
[0.948s] Level 1:colcon.colcon_core.environment:checking '/home/antoniousboshra/antonious_boshra_kuka_arm/install/kuka_arm_description/lib/python3.10/site-packages'
[0.948s] Level 1:colcon.colcon_core.environment:checking '/home/antoniousboshra/antonious_boshra_kuka_arm/install/kuka_arm_description/bin'
[0.949s] INFO:colcon.colcon_core.shell:Creating package script '/home/antoniousboshra/antonious_boshra_kuka_arm/install/kuka_arm_description/share/kuka_arm_description/package.ps1'
[0.950s] INFO:colcon.colcon_core.shell:Creating package descriptor '/home/antoniousboshra/antonious_boshra_kuka_arm/install/kuka_arm_description/share/kuka_arm_description/package.dsv'
[0.951s] INFO:colcon.colcon_core.shell:Creating package script '/home/antoniousboshra/antonious_boshra_kuka_arm/install/kuka_arm_description/share/kuka_arm_description/package.sh'
[0.952s] INFO:colcon.colcon_core.shell:Creating package script '/home/antoniousboshra/antonious_boshra_kuka_arm/install/kuka_arm_description/share/kuka_arm_description/package.bash'
[0.953s] INFO:colcon.colcon_core.shell:Creating package script '/home/antoniousboshra/antonious_boshra_kuka_arm/install/kuka_arm_description/share/kuka_arm_description/package.zsh'
[0.954s] Level 1:colcon.colcon_core.environment:create_file_with_runtime_dependencies(/home/antoniousboshra/antonious_boshra_kuka_arm/install/kuka_arm_description/share/colcon-core/packages/kuka_arm_description)
[0.956s] Level 1:colcon.colcon_core.environment:create_environment_scripts_only(kuka_arm_description)
[0.956s] Level 1:colcon.colcon_core.environment:checking '/home/antoniousboshra/antonious_boshra_kuka_arm/install/kuka_arm_description' for CMake module files
[0.958s] Level 1:colcon.colcon_core.environment:checking '/home/antoniousboshra/antonious_boshra_kuka_arm/install/kuka_arm_description' for CMake config files
[0.958s] Level 1:colcon.colcon_core.shell:create_environment_hook('kuka_arm_description', 'cmake_prefix_path')
[0.959s] INFO:colcon.colcon_core.shell:Creating environment hook '/home/antoniousboshra/antonious_boshra_kuka_arm/install/kuka_arm_description/share/kuka_arm_description/hook/cmake_prefix_path.ps1'
[0.961s] INFO:colcon.colcon_core.shell:Creating environment descriptor '/home/antoniousboshra/antonious_boshra_kuka_arm/install/kuka_arm_description/share/kuka_arm_description/hook/cmake_prefix_path.dsv'
[0.962s] INFO:colcon.colcon_core.shell:Creating environment hook '/home/antoniousboshra/antonious_boshra_kuka_arm/install/kuka_arm_description/share/kuka_arm_description/hook/cmake_prefix_path.sh'
[0.963s] Level 1:colcon.colcon_core.environment:checking '/home/antoniousboshra/antonious_boshra_kuka_arm/install/kuka_arm_description/bin'
[0.963s] Level 1:colcon.colcon_core.environment:checking '/home/antoniousboshra/antonious_boshra_kuka_arm/install/kuka_arm_description/lib/pkgconfig/kuka_arm_description.pc'
[0.964s] Level 1:colcon.colcon_core.environment:checking '/home/antoniousboshra/antonious_boshra_kuka_arm/install/kuka_arm_description/lib/python3.10/site-packages'
[0.965s] Level 1:colcon.colcon_core.environment:checking '/home/antoniousboshra/antonious_boshra_kuka_arm/install/kuka_arm_description/bin'
[0.966s] INFO:colcon.colcon_core.shell:Creating package script '/home/antoniousboshra/antonious_boshra_kuka_arm/install/kuka_arm_description/share/kuka_arm_description/package.ps1'
[0.967s] INFO:colcon.colcon_core.shell:Creating package descriptor '/home/antoniousboshra/antonious_boshra_kuka_arm/install/kuka_arm_description/share/kuka_arm_description/package.dsv'
[0.969s] INFO:colcon.colcon_core.shell:Creating package script '/home/antoniousboshra/antonious_boshra_kuka_arm/install/kuka_arm_description/share/kuka_arm_description/package.sh'
[0.970s] INFO:colcon.colcon_core.shell:Creating package script '/home/antoniousboshra/antonious_boshra_kuka_arm/install/kuka_arm_description/share/kuka_arm_description/package.bash'
[0.971s] INFO:colcon.colcon_core.shell:Creating package script '/home/antoniousboshra/antonious_boshra_kuka_arm/install/kuka_arm_description/share/kuka_arm_description/package.zsh'
[0.972s] Level 1:colcon.colcon_core.environment:create_file_with_runtime_dependencies(/home/antoniousboshra/antonious_boshra_kuka_arm/install/kuka_arm_description/share/colcon-core/packages/kuka_arm_description)
[0.973s] DEBUG:colcon.colcon_parallel_executor.executor.parallel:closing loop
[0.974s] DEBUG:colcon.colcon_parallel_executor.executor.parallel:loop closed
[0.974s] DEBUG:colcon.colcon_parallel_executor.executor.parallel:run_until_complete finished with '0'
[0.974s] DEBUG:colcon.colcon_core.event_reactor:joining thread
[0.986s] INFO:colcon.colcon_core.plugin_system:Skipping extension 'colcon_notification.desktop_notification.terminal_notifier': Not used on non-Darwin systems
[0.986s] INFO:colcon.colcon_core.plugin_system:Skipping extension 'colcon_notification.desktop_notification.win32': Not used on non-Windows systems
[0.986s] INFO:colcon.colcon_notification.desktop_notification:Sending desktop notification using 'notify2'
[1.015s] DEBUG:colcon.colcon_core.event_reactor:joined thread
[1.016s] INFO:colcon.colcon_core.shell:Creating prefix script '/home/antoniousboshra/antonious_boshra_kuka_arm/install/local_setup.ps1'
[1.018s] INFO:colcon.colcon_core.shell:Creating prefix util module '/home/antoniousboshra/antonious_boshra_kuka_arm/install/_local_setup_util_ps1.py'
[1.021s] INFO:colcon.colcon_core.shell:Creating prefix chain script '/home/antoniousboshra/antonious_boshra_kuka_arm/install/setup.ps1'
[1.024s] INFO:colcon.colcon_core.shell:Creating prefix script '/home/antoniousboshra/antonious_boshra_kuka_arm/install/local_setup.sh'
[1.025s] INFO:colcon.colcon_core.shell:Creating prefix util module '/home/antoniousboshra/antonious_boshra_kuka_arm/install/_local_setup_util_sh.py'
[1.027s] INFO:colcon.colcon_core.shell:Creating prefix chain script '/home/antoniousboshra/antonious_boshra_kuka_arm/install/setup.sh'
[1.029s] INFO:colcon.colcon_core.shell:Creating prefix script '/home/antoniousboshra/antonious_boshra_kuka_arm/install/local_setup.bash'
[1.031s] INFO:colcon.colcon_core.shell:Creating prefix chain script '/home/antoniousboshra/antonious_boshra_kuka_arm/install/setup.bash'
[1.033s] INFO:colcon.colcon_core.shell:Creating prefix script '/home/antoniousboshra/antonious_boshra_kuka_arm/install/local_setup.zsh'
[1.034s] INFO:colcon.colcon_core.shell:Creating prefix chain script '/home/antoniousboshra/antonious_boshra_kuka_arm/install/setup.zsh'
