[0.126s] DEBUG:colcon:Command line arguments: ['/usr/bin/colcon', 'build']
[0.126s] DEBUG:colcon:Parsed command line arguments: Namespace(log_base=None, log_level=None, verb_name='build', build_base='build', install_base='install', merge_install=False, symlink_install=False, test_result_base=None, continue_on_error=False, executor='parallel', parallel_workers=8, event_handlers=None, ignore_user_meta=False, metas=['./colcon.meta'], base_paths=['.'], packages_ignore=None, packages_ignore_regex=None, paths=None, packages_up_to=None, packages_up_to_regex=None, packages_above=None, packages_above_and_dependencies=None, packages_above_depth=None, packages_select_by_dep=None, packages_skip_by_dep=None, packages_skip_up_to=None, packages_select_build_failed=False, packages_skip_build_finished=False, packages_select_test_failures=False, packages_skip_test_passed=False, packages_select=None, packages_skip=None, packages_select_regex=None, packages_skip_regex=None, packages_start=None, packages_end=None, allow_overriding=[], cmake_args=None, cmake_target=None, cmake_target_skip_unavailable=False, cmake_clean_cache=False, cmake_clean_first=False, cmake_force_configure=False, ament_cmake_args=None, catkin_cmake_args=None, catkin_skip_building_tests=False, mixin_files=None, mixin=None, verb_parser=<colcon_mixin.mixin.mixin_argument.MixinArgumentDecorator object at 0x7b1c7a94bdc0>, verb_extension=<colcon_core.verb.build.BuildVerb object at 0x7b1c7a90d660>, main=<bound method BuildVerb.main of <colcon_core.verb.build.BuildVerb object at 0x7b1c7a90d660>>, mixin_verb=('build',))
[0.327s] Level 1:colcon.colcon_core.package_discovery:discover_packages(colcon_meta) check parameters
[0.327s] Level 1:colcon.colcon_core.package_discovery:discover_packages(recursive) check parameters
[0.327s] Level 1:colcon.colcon_core.package_discovery:discover_packages(ignore) check parameters
[0.327s] Level 1:colcon.colcon_core.package_discovery:discover_packages(path) check parameters
[0.327s] Level 1:colcon.colcon_core.package_discovery:discover_packages(colcon_meta) discover
[0.327s] Level 1:colcon.colcon_core.package_discovery:discover_packages(recursive) discover
[0.327s] INFO:colcon.colcon_core.package_discovery:Crawling recursively for packages in '/home/antoniousboshra/antonious_boshra_kuka_arm'
[0.328s] Level 1:colcon.colcon_core.package_identification:_identify(.) by extensions ['ignore', 'ignore_ament_install']
[0.328s] Level 1:colcon.colcon_core.package_identification:_identify(.) by extension 'ignore'
[0.328s] Level 1:colcon.colcon_core.package_identification:_identify(.) by extension 'ignore_ament_install'
[0.328s] Level 1:colcon.colcon_core.package_identification:_identify(.) by extensions ['colcon_pkg']
[0.328s] Level 1:colcon.colcon_core.package_identification:_identify(.) by extension 'colcon_pkg'
[0.328s] Level 1:colcon.colcon_core.package_identification:_identify(.) by extensions ['colcon_meta']
[0.328s] Level 1:colcon.colcon_core.package_identification:_identify(.) by extension 'colcon_meta'
[0.328s] Level 1:colcon.colcon_core.package_identification:_identify(.) by extensions ['ros']
[0.328s] Level 1:colcon.colcon_core.package_identification:_identify(.) by extension 'ros'
[0.342s] Level 1:colcon.colcon_core.package_identification:_identify(.) by extensions ['cmake', 'python']
[0.342s] Level 1:colcon.colcon_core.package_identification:_identify(.) by extension 'cmake'
[0.342s] Level 1:colcon.colcon_core.package_identification:_identify(.) by extension 'python'
[0.342s] Level 1:colcon.colcon_core.package_identification:_identify(.) by extensions ['python_setup_py']
[0.342s] Level 1:colcon.colcon_core.package_identification:_identify(.) by extension 'python_setup_py'
[0.342s] Level 1:colcon.colcon_core.package_identification:_identify(build) by extensions ['ignore', 'ignore_ament_install']
[0.342s] Level 1:colcon.colcon_core.package_identification:_identify(build) by extension 'ignore'
[0.342s] Level 1:colcon.colcon_core.package_identification:_identify(build) ignored
[0.342s] Level 1:colcon.colcon_core.package_identification:_identify(install) by extensions ['ignore', 'ignore_ament_install']
[0.342s] Level 1:colcon.colcon_core.package_identification:_identify(install) by extension 'ignore'
[0.342s] Level 1:colcon.colcon_core.package_identification:_identify(install) ignored
[0.342s] Level 1:colcon.colcon_core.package_identification:_identify(log) by extensions ['ignore', 'ignore_ament_install']
[0.343s] Level 1:colcon.colcon_core.package_identification:_identify(log) by extension 'ignore'
[0.343s] Level 1:colcon.colcon_core.package_identification:_identify(log) ignored
[0.343s] Level 1:colcon.colcon_core.package_identification:_identify(src) by extensions ['ignore', 'ignore_ament_install']
[0.343s] Level 1:colcon.colcon_core.package_identification:_identify(src) by extension 'ignore'
[0.343s] Level 1:colcon.colcon_core.package_identification:_identify(src) by extension 'ignore_ament_install'
[0.343s] Level 1:colcon.colcon_core.package_identification:_identify(src) by extensions ['colcon_pkg']
[0.343s] Level 1:colcon.colcon_core.package_identification:_identify(src) by extension 'colcon_pkg'
[0.343s] Level 1:colcon.colcon_core.package_identification:_identify(src) by extensions ['colcon_meta']
[0.343s] Level 1:colcon.colcon_core.package_identification:_identify(src) by extension 'colcon_meta'
[0.343s] Level 1:colcon.colcon_core.package_identification:_identify(src) by extensions ['ros']
[0.343s] Level 1:colcon.colcon_core.package_identification:_identify(src) by extension 'ros'
[0.343s] Level 1:colcon.colcon_core.package_identification:_identify(src) by extensions ['cmake', 'python']
[0.343s] Level 1:colcon.colcon_core.package_identification:_identify(src) by extension 'cmake'
[0.343s] Level 1:colcon.colcon_core.package_identification:_identify(src) by extension 'python'
[0.343s] Level 1:colcon.colcon_core.package_identification:_identify(src) by extensions ['python_setup_py']
[0.343s] Level 1:colcon.colcon_core.package_identification:_identify(src) by extension 'python_setup_py'
[0.343s] Level 1:colcon.colcon_core.package_identification:_identify(src/antoniobrandifirstpython) by extensions ['ignore', 'ignore_ament_install']
[0.344s] Level 1:colcon.colcon_core.package_identification:_identify(src/antoniobrandifirstpython) by extension 'ignore'
[0.344s] Level 1:colcon.colcon_core.package_identification:_identify(src/antoniobrandifirstpython) by extension 'ignore_ament_install'
[0.344s] Level 1:colcon.colcon_core.package_identification:_identify(src/antoniobrandifirstpython) by extensions ['colcon_pkg']
[0.344s] Level 1:colcon.colcon_core.package_identification:_identify(src/antoniobrandifirstpython) by extension 'colcon_pkg'
[0.344s] Level 1:colcon.colcon_core.package_identification:_identify(src/antoniobrandifirstpython) by extensions ['colcon_meta']
[0.344s] Level 1:colcon.colcon_core.package_identification:_identify(src/antoniobrandifirstpython) by extension 'colcon_meta'
[0.344s] Level 1:colcon.colcon_core.package_identification:_identify(src/antoniobrandifirstpython) by extensions ['ros']
[0.344s] Level 1:colcon.colcon_core.package_identification:_identify(src/antoniobrandifirstpython) by extension 'ros'
[0.344s] Level 1:colcon.colcon_core.package_identification:_identify(src/antoniobrandifirstpython) by extensions ['cmake', 'python']
[0.344s] Level 1:colcon.colcon_core.package_identification:_identify(src/antoniobrandifirstpython) by extension 'cmake'
[0.344s] Level 1:colcon.colcon_core.package_identification:_identify(src/antoniobrandifirstpython) by extension 'python'
[0.344s] Level 1:colcon.colcon_core.package_identification:_identify(src/antoniobrandifirstpython) by extensions ['python_setup_py']
[0.344s] Level 1:colcon.colcon_core.package_identification:_identify(src/antoniobrandifirstpython) by extension 'python_setup_py'
[0.344s] Level 1:colcon.colcon_core.package_identification:_identify(src/kuka_arm_controller) by extensions ['ignore', 'ignore_ament_install']
[0.344s] Level 1:colcon.colcon_core.package_identification:_identify(src/kuka_arm_controller) by extension 'ignore'
[0.344s] Level 1:colcon.colcon_core.package_identification:_identify(src/kuka_arm_controller) by extension 'ignore_ament_install'
[0.344s] Level 1:colcon.colcon_core.package_identification:_identify(src/kuka_arm_controller) by extensions ['colcon_pkg']
[0.344s] Level 1:colcon.colcon_core.package_identification:_identify(src/kuka_arm_controller) by extension 'colcon_pkg'
[0.345s] Level 1:colcon.colcon_core.package_identification:_identify(src/kuka_arm_controller) by extensions ['colcon_meta']
[0.345s] Level 1:colcon.colcon_core.package_identification:_identify(src/kuka_arm_controller) by extension 'colcon_meta'
[0.345s] Level 1:colcon.colcon_core.package_identification:_identify(src/kuka_arm_controller) by extensions ['ros']
[0.345s] Level 1:colcon.colcon_core.package_identification:_identify(src/kuka_arm_controller) by extension 'ros'
[0.348s] DEBUG:colcon.colcon_core.package_identification:Package 'src/kuka_arm_controller' with type 'ros.ament_cmake' and name 'kuka_arm_controller'
[0.348s] Level 1:colcon.colcon_core.package_identification:_identify(src/kuka_arm_description) by extensions ['ignore', 'ignore_ament_install']
[0.348s] Level 1:colcon.colcon_core.package_identification:_identify(src/kuka_arm_description) by extension 'ignore'
[0.348s] Level 1:colcon.colcon_core.package_identification:_identify(src/kuka_arm_description) by extension 'ignore_ament_install'
[0.348s] Level 1:colcon.colcon_core.package_identification:_identify(src/kuka_arm_description) by extensions ['colcon_pkg']
[0.348s] Level 1:colcon.colcon_core.package_identification:_identify(src/kuka_arm_description) by extension 'colcon_pkg'
[0.348s] Level 1:colcon.colcon_core.package_identification:_identify(src/kuka_arm_description) by extensions ['colcon_meta']
[0.348s] Level 1:colcon.colcon_core.package_identification:_identify(src/kuka_arm_description) by extension 'colcon_meta'
[0.348s] Level 1:colcon.colcon_core.package_identification:_identify(src/kuka_arm_description) by extensions ['ros']
[0.348s] Level 1:colcon.colcon_core.package_identification:_identify(src/kuka_arm_description) by extension 'ros'
[0.358s] DEBUG:colcon.colcon_core.package_identification:Package 'src/kuka_arm_description' with type 'ros.ament_cmake' and name 'kuka_arm_description'
[0.358s] Level 1:colcon.colcon_core.package_identification:_identify(src/kuka_mqtt_bridge) by extensions ['ignore', 'ignore_ament_install']
[0.358s] Level 1:colcon.colcon_core.package_identification:_identify(src/kuka_mqtt_bridge) by extension 'ignore'
[0.358s] Level 1:colcon.colcon_core.package_identification:_identify(src/kuka_mqtt_bridge) by extension 'ignore_ament_install'
[0.358s] Level 1:colcon.colcon_core.package_identification:_identify(src/kuka_mqtt_bridge) by extensions ['colcon_pkg']
[0.358s] Level 1:colcon.colcon_core.package_identification:_identify(src/kuka_mqtt_bridge) by extension 'colcon_pkg'
[0.359s] Level 1:colcon.colcon_core.package_identification:_identify(src/kuka_mqtt_bridge) by extensions ['colcon_meta']
[0.359s] Level 1:colcon.colcon_core.package_identification:_identify(src/kuka_mqtt_bridge) by extension 'colcon_meta'
[0.359s] Level 1:colcon.colcon_core.package_identification:_identify(src/kuka_mqtt_bridge) by extensions ['ros']
[0.359s] Level 1:colcon.colcon_core.package_identification:_identify(src/kuka_mqtt_bridge) by extension 'ros'
[0.359s] DEBUG:colcon.colcon_core.package_identification:Package 'src/kuka_mqtt_bridge' with type 'ros.ament_python' and name 'kuka_mqtt_bridge'
[0.359s] Level 1:colcon.colcon_core.package_discovery:discover_packages(recursive) using defaults
[0.359s] Level 1:colcon.colcon_core.package_discovery:discover_packages(ignore) discover
[0.359s] Level 1:colcon.colcon_core.package_discovery:discover_packages(ignore) using defaults
[0.359s] Level 1:colcon.colcon_core.package_discovery:discover_packages(path) discover
[0.359s] Level 1:colcon.colcon_core.package_discovery:discover_packages(path) using defaults
[0.382s] Level 1:colcon.colcon_core.package_discovery:discover_packages(prefix_path) check parameters
[0.382s] Level 1:colcon.colcon_core.package_discovery:discover_packages(prefix_path) discover
[0.384s] DEBUG:colcon.colcon_installed_package_information.package_discovery:Found 4 installed packages in /home/antoniousboshra/antonious_boshra_kuka_arm/install
[0.386s] DEBUG:colcon.colcon_installed_package_information.package_discovery:Found 460 installed packages in /opt/ros/humble
[0.389s] Level 1:colcon.colcon_core.package_discovery:discover_packages(prefix_path) using defaults
[0.454s] Level 5:colcon.colcon_core.verb:set package 'kuka_arm_controller' build argument 'cmake_args' from command line to 'None'
[0.455s] Level 5:colcon.colcon_core.verb:set package 'kuka_arm_controller' build argument 'cmake_target' from command line to 'None'
[0.455s] Level 5:colcon.colcon_core.verb:set package 'kuka_arm_controller' build argument 'cmake_target_skip_unavailable' from command line to 'False'
[0.455s] Level 5:colcon.colcon_core.verb:set package 'kuka_arm_controller' build argument 'cmake_clean_cache' from command line to 'False'
[0.455s] Level 5:colcon.colcon_core.verb:set package 'kuka_arm_controller' build argument 'cmake_clean_first' from command line to 'False'
[0.455s] Level 5:colcon.colcon_core.verb:set package 'kuka_arm_controller' build argument 'cmake_force_configure' from command line to 'False'
[0.455s] Level 5:colcon.colcon_core.verb:set package 'kuka_arm_controller' build argument 'ament_cmake_args' from command line to 'None'
[0.455s] Level 5:colcon.colcon_core.verb:set package 'kuka_arm_controller' build argument 'catkin_cmake_args' from command line to 'None'
[0.455s] Level 5:colcon.colcon_core.verb:set package 'kuka_arm_controller' build argument 'catkin_skip_building_tests' from command line to 'False'
[0.455s] DEBUG:colcon.colcon_core.verb:Building package 'kuka_arm_controller' with the following arguments: {'ament_cmake_args': None, 'build_base': '/home/antoniousboshra/antonious_boshra_kuka_arm/build/kuka_arm_controller', 'catkin_cmake_args': None, 'catkin_skip_building_tests': False, 'cmake_args': None, 'cmake_clean_cache': False, 'cmake_clean_first': False, 'cmake_force_configure': False, 'cmake_target': None, 'cmake_target_skip_unavailable': False, 'install_base': '/home/antoniousboshra/antonious_boshra_kuka_arm/install/kuka_arm_controller', 'merge_install': False, 'path': '/home/antoniousboshra/antonious_boshra_kuka_arm/src/kuka_arm_controller', 'symlink_install': False, 'test_result_base': None}
[0.455s] Level 5:colcon.colcon_core.verb:set package 'kuka_arm_description' build argument 'cmake_args' from command line to 'None'
[0.455s] Level 5:colcon.colcon_core.verb:set package 'kuka_arm_description' build argument 'cmake_target' from command line to 'None'
[0.455s] Level 5:colcon.colcon_core.verb:set package 'kuka_arm_description' build argument 'cmake_target_skip_unavailable' from command line to 'False'
[0.455s] Level 5:colcon.colcon_core.verb:set package 'kuka_arm_description' build argument 'cmake_clean_cache' from command line to 'False'
[0.455s] Level 5:colcon.colcon_core.verb:set package 'kuka_arm_description' build argument 'cmake_clean_first' from command line to 'False'
[0.455s] Level 5:colcon.colcon_core.verb:set package 'kuka_arm_description' build argument 'cmake_force_configure' from command line to 'False'
[0.455s] Level 5:colcon.colcon_core.verb:set package 'kuka_arm_description' build argument 'ament_cmake_args' from command line to 'None'
[0.455s] Level 5:colcon.colcon_core.verb:set package 'kuka_arm_description' build argument 'catkin_cmake_args' from command line to 'None'
[0.455s] Level 5:colcon.colcon_core.verb:set package 'kuka_arm_description' build argument 'catkin_skip_building_tests' from command line to 'False'
[0.456s] DEBUG:colcon.colcon_core.verb:Building package 'kuka_arm_description' with the following arguments: {'ament_cmake_args': None, 'build_base': '/home/antoniousboshra/antonious_boshra_kuka_arm/build/kuka_arm_description', 'catkin_cmake_args': None, 'catkin_skip_building_tests': False, 'cmake_args': None, 'cmake_clean_cache': False, 'cmake_clean_first': False, 'cmake_force_configure': False, 'cmake_target': None, 'cmake_target_skip_unavailable': False, 'install_base': '/home/antoniousboshra/antonious_boshra_kuka_arm/install/kuka_arm_description', 'merge_install': False, 'path': '/home/antoniousboshra/antonious_boshra_kuka_arm/src/kuka_arm_description', 'symlink_install': False, 'test_result_base': None}
[0.456s] Level 5:colcon.colcon_core.verb:set package 'kuka_mqtt_bridge' build argument 'cmake_args' from command line to 'None'
[0.456s] Level 5:colcon.colcon_core.verb:set package 'kuka_mqtt_bridge' build argument 'cmake_target' from command line to 'None'
[0.456s] Level 5:colcon.colcon_core.verb:set package 'kuka_mqtt_bridge' build argument 'cmake_target_skip_unavailable' from command line to 'False'
[0.456s] Level 5:colcon.colcon_core.verb:set package 'kuka_mqtt_bridge' build argument 'cmake_clean_cache' from command line to 'False'
[0.456s] Level 5:colcon.colcon_core.verb:set package 'kuka_mqtt_bridge' build argument 'cmake_clean_first' from command line to 'False'
[0.456s] Level 5:colcon.colcon_core.verb:set package 'kuka_mqtt_bridge' build argument 'cmake_force_configure' from command line to 'False'
[0.456s] Level 5:colcon.colcon_core.verb:set package 'kuka_mqtt_bridge' build argument 'ament_cmake_args' from command line to 'None'
[0.456s] Level 5:colcon.colcon_core.verb:set package 'kuka_mqtt_bridge' build argument 'catkin_cmake_args' from command line to 'None'
[0.456s] Level 5:colcon.colcon_core.verb:set package 'kuka_mqtt_bridge' build argument 'catkin_skip_building_tests' from command line to 'False'
[0.456s] DEBUG:colcon.colcon_core.verb:Building package 'kuka_mqtt_bridge' with the following arguments: {'ament_cmake_args': None, 'build_base': '/home/antoniousboshra/antonious_boshra_kuka_arm/build/kuka_mqtt_bridge', 'catkin_cmake_args': None, 'catkin_skip_building_tests': False, 'cmake_args': None, 'cmake_clean_cache': False, 'cmake_clean_first': False, 'cmake_force_configure': False, 'cmake_target': None, 'cmake_target_skip_unavailable': False, 'install_base': '/home/antoniousboshra/antonious_boshra_kuka_arm/install/kuka_mqtt_bridge', 'merge_install': False, 'path': '/home/antoniousboshra/antonious_boshra_kuka_arm/src/kuka_mqtt_bridge', 'symlink_install': False, 'test_result_base': None}
[0.456s] INFO:colcon.colcon_core.executor:Executing jobs using 'parallel' executor
[0.457s] DEBUG:colcon.colcon_parallel_executor.executor.parallel:run_until_complete
[0.458s] INFO:colcon.colcon_ros.task.ament_cmake.build:Building ROS package in '/home/antoniousboshra/antonious_boshra_kuka_arm/src/kuka_arm_controller' with build type 'ament_cmake'
[0.458s] INFO:colcon.colcon_cmake.task.cmake.build:Building CMake package in '/home/antoniousboshra/antonious_boshra_kuka_arm/src/kuka_arm_controller'
[0.460s] INFO:colcon.colcon_core.plugin_system:Skipping extension 'colcon_core.shell.bat': Not used on non-Windows systems
[0.460s] INFO:colcon.colcon_core.shell:Skip shell extension 'powershell' for command environment: Not usable outside of PowerShell
[0.460s] DEBUG:colcon.colcon_core.shell:Skip shell extension 'dsv' for command environment
[0.465s] INFO:colcon.colcon_ros.task.ament_cmake.build:Building ROS package in '/home/antoniousboshra/antonious_boshra_kuka_arm/src/kuka_arm_description' with build type 'ament_cmake'
[0.465s] INFO:colcon.colcon_cmake.task.cmake.build:Building CMake package in '/home/antoniousboshra/antonious_boshra_kuka_arm/src/kuka_arm_description'
[0.465s] INFO:colcon.colcon_core.shell:Skip shell extension 'powershell' for command environment: Not usable outside of PowerShell
[0.465s] DEBUG:colcon.colcon_core.shell:Skip shell extension 'dsv' for command environment
[0.469s] INFO:colcon.colcon_ros.task.ament_python.build:Building ROS package in '/home/antoniousboshra/antonious_boshra_kuka_arm/src/kuka_mqtt_bridge' with build type 'ament_python'
[0.470s] Level 1:colcon.colcon_core.shell:create_environment_hook('kuka_mqtt_bridge', 'ament_prefix_path')
[0.470s] INFO:colcon.colcon_core.shell:Creating environment hook '/home/antoniousboshra/antonious_boshra_kuka_arm/install/kuka_mqtt_bridge/share/kuka_mqtt_bridge/hook/ament_prefix_path.ps1'
[0.471s] INFO:colcon.colcon_core.shell:Creating environment descriptor '/home/antoniousboshra/antonious_boshra_kuka_arm/install/kuka_mqtt_bridge/share/kuka_mqtt_bridge/hook/ament_prefix_path.dsv'
[0.472s] INFO:colcon.colcon_core.shell:Creating environment hook '/home/antoniousboshra/antonious_boshra_kuka_arm/install/kuka_mqtt_bridge/share/kuka_mqtt_bridge/hook/ament_prefix_path.sh'
[0.473s] INFO:colcon.colcon_core.shell:Skip shell extension 'powershell' for command environment: Not usable outside of PowerShell
[0.473s] DEBUG:colcon.colcon_core.shell:Skip shell extension 'dsv' for command environment
[0.505s] DEBUG:colcon.colcon_core.event_handler.log_command:Invoking command in '/home/antoniousboshra/antonious_boshra_kuka_arm/build/kuka_arm_controller': CMAKE_PREFIX_PATH=${CMAKE_PREFIX_PATH}:/home/antoniousboshra/antonious_boshra_kuka_arm/install/mqtt_ros2_bridge:/home/antoniousboshra/antonious_boshra_kuka_arm/install/kuka_mqtt_bridge:/opt/ros/humble /usr/bin/cmake --build /home/antoniousboshra/antonious_boshra_kuka_arm/build/kuka_arm_controller -- -j8 -l8
[0.510s] DEBUG:colcon.colcon_core.event_handler.log_command:Invoking command in '/home/antoniousboshra/antonious_boshra_kuka_arm/build/kuka_arm_description': CMAKE_PREFIX_PATH=${CMAKE_PREFIX_PATH}:/home/antoniousboshra/antonious_boshra_kuka_arm/install/mqtt_ros2_bridge:/home/antoniousboshra/antonious_boshra_kuka_arm/install/kuka_mqtt_bridge:/opt/ros/humble /usr/bin/cmake --build /home/antoniousboshra/antonious_boshra_kuka_arm/build/kuka_arm_description -- -j8 -l8
[0.895s] WARNING:colcon.colcon_ros.task.ament_python.build:Package 'kuka_mqtt_bridge' doesn't explicitly install a marker in the package index (colcon-ros currently does it implicitly but that fallback will be removed in the future)
[0.896s] WARNING:colcon.colcon_ros.task.ament_python.build:Package 'kuka_mqtt_bridge' doesn't explicitly install the 'package.xml' file (colcon-ros currently does it implicitly but that fallback will be removed in the future)
[0.896s] INFO:colcon.colcon_core.task.python.build:Building Python package in '/home/antoniousboshra/antonious_boshra_kuka_arm/src/kuka_mqtt_bridge'
[0.896s] INFO:colcon.colcon_core.shell:Skip shell extension 'powershell' for command environment: Not usable outside of PowerShell
[0.896s] DEBUG:colcon.colcon_core.shell:Skip shell extension 'dsv' for command environment
[0.903s] DEBUG:colcon.colcon_core.event_handler.log_command:Invoked command in '/home/antoniousboshra/antonious_boshra_kuka_arm/build/kuka_arm_description' returned '0': CMAKE_PREFIX_PATH=${CMAKE_PREFIX_PATH}:/home/antoniousboshra/antonious_boshra_kuka_arm/install/mqtt_ros2_bridge:/home/antoniousboshra/antonious_boshra_kuka_arm/install/kuka_mqtt_bridge:/opt/ros/humble /usr/bin/cmake --build /home/antoniousboshra/antonious_boshra_kuka_arm/build/kuka_arm_description -- -j8 -l8
[0.910s] DEBUG:colcon.colcon_core.event_handler.log_command:Invoking command in '/home/antoniousboshra/antonious_boshra_kuka_arm/build/kuka_arm_description': CMAKE_PREFIX_PATH=${CMAKE_PREFIX_PATH}:/home/antoniousboshra/antonious_boshra_kuka_arm/install/mqtt_ros2_bridge:/home/antoniousboshra/antonious_boshra_kuka_arm/install/kuka_mqtt_bridge:/opt/ros/humble /usr/bin/cmake --install /home/antoniousboshra/antonious_boshra_kuka_arm/build/kuka_arm_description
[0.911s] DEBUG:colcon.colcon_core.event_handler.log_command:Invoked command in '/home/antoniousboshra/antonious_boshra_kuka_arm/build/kuka_arm_controller' returned '0': CMAKE_PREFIX_PATH=${CMAKE_PREFIX_PATH}:/home/antoniousboshra/antonious_boshra_kuka_arm/install/mqtt_ros2_bridge:/home/antoniousboshra/antonious_boshra_kuka_arm/install/kuka_mqtt_bridge:/opt/ros/humble /usr/bin/cmake --build /home/antoniousboshra/antonious_boshra_kuka_arm/build/kuka_arm_controller -- -j8 -l8
[0.914s] DEBUG:colcon.colcon_core.event_handler.log_command:Invoking command in '/home/antoniousboshra/antonious_boshra_kuka_arm/build/kuka_arm_controller': CMAKE_PREFIX_PATH=${CMAKE_PREFIX_PATH}:/home/antoniousboshra/antonious_boshra_kuka_arm/install/mqtt_ros2_bridge:/home/antoniousboshra/antonious_boshra_kuka_arm/install/kuka_mqtt_bridge:/opt/ros/humble /usr/bin/cmake --install /home/antoniousboshra/antonious_boshra_kuka_arm/build/kuka_arm_controller
[0.922s] Level 1:colcon.colcon_core.environment:create_environment_scripts_only(kuka_arm_controller)
[0.923s] DEBUG:colcon.colcon_core.event_handler.log_command:Invoked command in '/home/antoniousboshra/antonious_boshra_kuka_arm/build/kuka_arm_controller' returned '0': CMAKE_PREFIX_PATH=${CMAKE_PREFIX_PATH}:/home/antoniousboshra/antonious_boshra_kuka_arm/install/mqtt_ros2_bridge:/home/antoniousboshra/antonious_boshra_kuka_arm/install/kuka_mqtt_bridge:/opt/ros/humble /usr/bin/cmake --install /home/antoniousboshra/antonious_boshra_kuka_arm/build/kuka_arm_controller
[0.926s] Level 1:colcon.colcon_core.environment:checking '/home/antoniousboshra/antonious_boshra_kuka_arm/install/kuka_arm_controller' for CMake module files
[0.927s] Level 1:colcon.colcon_core.environment:checking '/home/antoniousboshra/antonious_boshra_kuka_arm/install/kuka_arm_controller' for CMake config files
[0.927s] Level 1:colcon.colcon_core.shell:create_environment_hook('kuka_arm_controller', 'cmake_prefix_path')
[0.928s] INFO:colcon.colcon_core.shell:Creating environment hook '/home/antoniousboshra/antonious_boshra_kuka_arm/install/kuka_arm_controller/share/kuka_arm_controller/hook/cmake_prefix_path.ps1'
[0.928s] INFO:colcon.colcon_core.shell:Creating environment descriptor '/home/antoniousboshra/antonious_boshra_kuka_arm/install/kuka_arm_controller/share/kuka_arm_controller/hook/cmake_prefix_path.dsv'
[0.929s] INFO:colcon.colcon_core.shell:Creating environment hook '/home/antoniousboshra/antonious_boshra_kuka_arm/install/kuka_arm_controller/share/kuka_arm_controller/hook/cmake_prefix_path.sh'
[0.930s] Level 1:colcon.colcon_core.environment:checking '/home/antoniousboshra/antonious_boshra_kuka_arm/install/kuka_arm_controller/bin'
[0.930s] Level 1:colcon.colcon_core.environment:checking '/home/antoniousboshra/antonious_boshra_kuka_arm/install/kuka_arm_controller/lib/pkgconfig/kuka_arm_controller.pc'
[0.930s] Level 1:colcon.colcon_core.environment:checking '/home/antoniousboshra/antonious_boshra_kuka_arm/install/kuka_arm_controller/lib/python3.10/site-packages'
[0.930s] Level 1:colcon.colcon_core.environment:checking '/home/antoniousboshra/antonious_boshra_kuka_arm/install/kuka_arm_controller/bin'
[0.931s] INFO:colcon.colcon_core.shell:Creating package script '/home/antoniousboshra/antonious_boshra_kuka_arm/install/kuka_arm_controller/share/kuka_arm_controller/package.ps1'
[0.932s] INFO:colcon.colcon_core.shell:Creating package descriptor '/home/antoniousboshra/antonious_boshra_kuka_arm/install/kuka_arm_controller/share/kuka_arm_controller/package.dsv'
[0.932s] INFO:colcon.colcon_core.shell:Creating package script '/home/antoniousboshra/antonious_boshra_kuka_arm/install/kuka_arm_controller/share/kuka_arm_controller/package.sh'
[0.933s] INFO:colcon.colcon_core.shell:Creating package script '/home/antoniousboshra/antonious_boshra_kuka_arm/install/kuka_arm_controller/share/kuka_arm_controller/package.bash'
[0.934s] INFO:colcon.colcon_core.shell:Creating package script '/home/antoniousboshra/antonious_boshra_kuka_arm/install/kuka_arm_controller/share/kuka_arm_controller/package.zsh'
[0.935s] Level 1:colcon.colcon_core.environment:create_file_with_runtime_dependencies(/home/antoniousboshra/antonious_boshra_kuka_arm/install/kuka_arm_controller/share/colcon-core/packages/kuka_arm_controller)
[0.943s] Level 1:colcon.colcon_core.environment:create_environment_scripts_only(kuka_arm_controller)
[0.944s] Level 1:colcon.colcon_core.environment:checking '/home/antoniousboshra/antonious_boshra_kuka_arm/install/kuka_arm_controller' for CMake module files
[0.947s] Level 1:colcon.colcon_core.environment:checking '/home/antoniousboshra/antonious_boshra_kuka_arm/install/kuka_arm_controller' for CMake config files
[0.948s] Level 1:colcon.colcon_core.shell:create_environment_hook('kuka_arm_controller', 'cmake_prefix_path')
[0.948s] INFO:colcon.colcon_core.shell:Creating environment hook '/home/antoniousboshra/antonious_boshra_kuka_arm/install/kuka_arm_controller/share/kuka_arm_controller/hook/cmake_prefix_path.ps1'
[0.949s] INFO:colcon.colcon_core.shell:Creating environment descriptor '/home/antoniousboshra/antonious_boshra_kuka_arm/install/kuka_arm_controller/share/kuka_arm_controller/hook/cmake_prefix_path.dsv'
[0.950s] INFO:colcon.colcon_core.shell:Creating environment hook '/home/antoniousboshra/antonious_boshra_kuka_arm/install/kuka_arm_controller/share/kuka_arm_controller/hook/cmake_prefix_path.sh'
[0.951s] Level 1:colcon.colcon_core.environment:checking '/home/antoniousboshra/antonious_boshra_kuka_arm/install/kuka_arm_controller/bin'
[0.951s] Level 1:colcon.colcon_core.environment:checking '/home/antoniousboshra/antonious_boshra_kuka_arm/install/kuka_arm_controller/lib/pkgconfig/kuka_arm_controller.pc'
[0.951s] Level 1:colcon.colcon_core.environment:checking '/home/antoniousboshra/antonious_boshra_kuka_arm/install/kuka_arm_controller/lib/python3.10/site-packages'
[0.952s] Level 1:colcon.colcon_core.environment:checking '/home/antoniousboshra/antonious_boshra_kuka_arm/install/kuka_arm_controller/bin'
[0.953s] INFO:colcon.colcon_core.shell:Creating package script '/home/antoniousboshra/antonious_boshra_kuka_arm/install/kuka_arm_controller/share/kuka_arm_controller/package.ps1'
[0.954s] INFO:colcon.colcon_core.shell:Creating package descriptor '/home/antoniousboshra/antonious_boshra_kuka_arm/install/kuka_arm_controller/share/kuka_arm_controller/package.dsv'
[0.968s] INFO:colcon.colcon_core.shell:Creating package script '/home/antoniousboshra/antonious_boshra_kuka_arm/install/kuka_arm_controller/share/kuka_arm_controller/package.sh'
[0.969s] INFO:colcon.colcon_core.shell:Creating package script '/home/antoniousboshra/antonious_boshra_kuka_arm/install/kuka_arm_controller/share/kuka_arm_controller/package.bash'
[0.970s] INFO:colcon.colcon_core.shell:Creating package script '/home/antoniousboshra/antonious_boshra_kuka_arm/install/kuka_arm_controller/share/kuka_arm_controller/package.zsh'
[0.970s] Level 1:colcon.colcon_core.environment:create_file_with_runtime_dependencies(/home/antoniousboshra/antonious_boshra_kuka_arm/install/kuka_arm_controller/share/colcon-core/packages/kuka_arm_controller)
[0.972s] Level 1:colcon.colcon_core.environment:create_environment_scripts_only(kuka_arm_description)
[0.973s] Level 1:colcon.colcon_core.environment:checking '/home/antoniousboshra/antonious_boshra_kuka_arm/install/kuka_arm_description' for CMake module files
[0.974s] DEBUG:colcon.colcon_core.event_handler.log_command:Invoked command in '/home/antoniousboshra/antonious_boshra_kuka_arm/build/kuka_arm_description' returned '0': CMAKE_PREFIX_PATH=${CMAKE_PREFIX_PATH}:/home/antoniousboshra/antonious_boshra_kuka_arm/install/mqtt_ros2_bridge:/home/antoniousboshra/antonious_boshra_kuka_arm/install/kuka_mqtt_bridge:/opt/ros/humble /usr/bin/cmake --install /home/antoniousboshra/antonious_boshra_kuka_arm/build/kuka_arm_description
[0.974s] Level 1:colcon.colcon_core.environment:checking '/home/antoniousboshra/antonious_boshra_kuka_arm/install/kuka_arm_description' for CMake config files
[0.975s] Level 1:colcon.colcon_core.shell:create_environment_hook('kuka_arm_description', 'cmake_prefix_path')
[0.975s] INFO:colcon.colcon_core.shell:Creating environment hook '/home/antoniousboshra/antonious_boshra_kuka_arm/install/kuka_arm_description/share/kuka_arm_description/hook/cmake_prefix_path.ps1'
[0.976s] INFO:colcon.colcon_core.shell:Creating environment descriptor '/home/antoniousboshra/antonious_boshra_kuka_arm/install/kuka_arm_description/share/kuka_arm_description/hook/cmake_prefix_path.dsv'
[0.977s] INFO:colcon.colcon_core.shell:Creating environment hook '/home/antoniousboshra/antonious_boshra_kuka_arm/install/kuka_arm_description/share/kuka_arm_description/hook/cmake_prefix_path.sh'
[0.978s] Level 1:colcon.colcon_core.environment:checking '/home/antoniousboshra/antonious_boshra_kuka_arm/install/kuka_arm_description/bin'
[0.978s] Level 1:colcon.colcon_core.environment:checking '/home/antoniousboshra/antonious_boshra_kuka_arm/install/kuka_arm_description/lib/pkgconfig/kuka_arm_description.pc'
[0.979s] Level 1:colcon.colcon_core.environment:checking '/home/antoniousboshra/antonious_boshra_kuka_arm/install/kuka_arm_description/lib/python3.10/site-packages'
[0.979s] Level 1:colcon.colcon_core.environment:checking '/home/antoniousboshra/antonious_boshra_kuka_arm/install/kuka_arm_description/bin'
[0.980s] INFO:colcon.colcon_core.shell:Creating package script '/home/antoniousboshra/antonious_boshra_kuka_arm/install/kuka_arm_description/share/kuka_arm_description/package.ps1'
[0.981s] INFO:colcon.colcon_core.shell:Creating package descriptor '/home/antoniousboshra/antonious_boshra_kuka_arm/install/kuka_arm_description/share/kuka_arm_description/package.dsv'
[0.981s] INFO:colcon.colcon_core.shell:Creating package script '/home/antoniousboshra/antonious_boshra_kuka_arm/install/kuka_arm_description/share/kuka_arm_description/package.sh'
[0.982s] INFO:colcon.colcon_core.shell:Creating package script '/home/antoniousboshra/antonious_boshra_kuka_arm/install/kuka_arm_description/share/kuka_arm_description/package.bash'
[0.983s] INFO:colcon.colcon_core.shell:Creating package script '/home/antoniousboshra/antonious_boshra_kuka_arm/install/kuka_arm_description/share/kuka_arm_description/package.zsh'
[1.004s] Level 1:colcon.colcon_core.environment:create_file_with_runtime_dependencies(/home/antoniousboshra/antonious_boshra_kuka_arm/install/kuka_arm_description/share/colcon-core/packages/kuka_arm_description)
[1.005s] Level 1:colcon.colcon_core.environment:create_environment_scripts_only(kuka_arm_description)
[1.006s] Level 1:colcon.colcon_core.environment:checking '/home/antoniousboshra/antonious_boshra_kuka_arm/install/kuka_arm_description' for CMake module files
[1.007s] Level 1:colcon.colcon_core.environment:checking '/home/antoniousboshra/antonious_boshra_kuka_arm/install/kuka_arm_description' for CMake config files
[1.007s] Level 1:colcon.colcon_core.shell:create_environment_hook('kuka_arm_description', 'cmake_prefix_path')
[1.008s] INFO:colcon.colcon_core.shell:Creating environment hook '/home/antoniousboshra/antonious_boshra_kuka_arm/install/kuka_arm_description/share/kuka_arm_description/hook/cmake_prefix_path.ps1'
[1.009s] INFO:colcon.colcon_core.shell:Creating environment descriptor '/home/antoniousboshra/antonious_boshra_kuka_arm/install/kuka_arm_description/share/kuka_arm_description/hook/cmake_prefix_path.dsv'
[1.010s] INFO:colcon.colcon_core.shell:Creating environment hook '/home/antoniousboshra/antonious_boshra_kuka_arm/install/kuka_arm_description/share/kuka_arm_description/hook/cmake_prefix_path.sh'
[1.011s] Level 1:colcon.colcon_core.environment:checking '/home/antoniousboshra/antonious_boshra_kuka_arm/install/kuka_arm_description/bin'
[1.011s] Level 1:colcon.colcon_core.environment:checking '/home/antoniousboshra/antonious_boshra_kuka_arm/install/kuka_arm_description/lib/pkgconfig/kuka_arm_description.pc'
[1.011s] Level 1:colcon.colcon_core.environment:checking '/home/antoniousboshra/antonious_boshra_kuka_arm/install/kuka_arm_description/lib/python3.10/site-packages'
[1.012s] Level 1:colcon.colcon_core.environment:checking '/home/antoniousboshra/antonious_boshra_kuka_arm/install/kuka_arm_description/bin'
[1.012s] INFO:colcon.colcon_core.shell:Creating package script '/home/antoniousboshra/antonious_boshra_kuka_arm/install/kuka_arm_description/share/kuka_arm_description/package.ps1'
[1.013s] INFO:colcon.colcon_core.shell:Creating package descriptor '/home/antoniousboshra/antonious_boshra_kuka_arm/install/kuka_arm_description/share/kuka_arm_description/package.dsv'
[1.014s] INFO:colcon.colcon_core.shell:Creating package script '/home/antoniousboshra/antonious_boshra_kuka_arm/install/kuka_arm_description/share/kuka_arm_description/package.sh'
[1.015s] INFO:colcon.colcon_core.shell:Creating package script '/home/antoniousboshra/antonious_boshra_kuka_arm/install/kuka_arm_description/share/kuka_arm_description/package.bash'
[1.016s] INFO:colcon.colcon_core.shell:Creating package script '/home/antoniousboshra/antonious_boshra_kuka_arm/install/kuka_arm_description/share/kuka_arm_description/package.zsh'
[1.017s] Level 1:colcon.colcon_core.environment:create_file_with_runtime_dependencies(/home/antoniousboshra/antonious_boshra_kuka_arm/install/kuka_arm_description/share/colcon-core/packages/kuka_arm_description)
[1.524s] DEBUG:colcon.colcon_core.event_handler.log_command:Invoking command in '/home/antoniousboshra/antonious_boshra_kuka_arm/src/kuka_mqtt_bridge': PYTHONPATH=/home/antoniousboshra/antonious_boshra_kuka_arm/build/kuka_mqtt_bridge/prefix_override:/usr/lib/python3/dist-packages/colcon_core/task/python/colcon_distutils_commands:/home/antoniousboshra/antonious_boshra_kuka_arm/install/kuka_mqtt_bridge/lib/python3.10/site-packages:${PYTHONPATH} /usr/bin/python3 -W ignore:setup.py install is deprecated -W ignore:easy_install command is deprecated setup.py egg_info --egg-base ../../build/kuka_mqtt_bridge build --build-base /home/antoniousboshra/antonious_boshra_kuka_arm/build/kuka_mqtt_bridge/build install --record /home/antoniousboshra/antonious_boshra_kuka_arm/build/kuka_mqtt_bridge/install.log --single-version-externally-managed
[2.011s] Level 1:colcon.colcon_core.environment:checking '/home/antoniousboshra/antonious_boshra_kuka_arm/install/kuka_mqtt_bridge' for CMake module files
[2.012s] DEBUG:colcon.colcon_core.event_handler.log_command:Invoked command in '/home/antoniousboshra/antonious_boshra_kuka_arm/src/kuka_mqtt_bridge' returned '0': PYTHONPATH=/home/antoniousboshra/antonious_boshra_kuka_arm/build/kuka_mqtt_bridge/prefix_override:/usr/lib/python3/dist-packages/colcon_core/task/python/colcon_distutils_commands:/home/antoniousboshra/antonious_boshra_kuka_arm/install/kuka_mqtt_bridge/lib/python3.10/site-packages:${PYTHONPATH} /usr/bin/python3 -W ignore:setup.py install is deprecated -W ignore:easy_install command is deprecated setup.py egg_info --egg-base ../../build/kuka_mqtt_bridge build --build-base /home/antoniousboshra/antonious_boshra_kuka_arm/build/kuka_mqtt_bridge/build install --record /home/antoniousboshra/antonious_boshra_kuka_arm/build/kuka_mqtt_bridge/install.log --single-version-externally-managed
[2.012s] Level 1:colcon.colcon_core.environment:checking '/home/antoniousboshra/antonious_boshra_kuka_arm/install/kuka_mqtt_bridge' for CMake config files
[2.013s] Level 1:colcon.colcon_core.environment:checking '/home/antoniousboshra/antonious_boshra_kuka_arm/install/kuka_mqtt_bridge/lib'
[2.013s] Level 1:colcon.colcon_core.environment:checking '/home/antoniousboshra/antonious_boshra_kuka_arm/install/kuka_mqtt_bridge/bin'
[2.014s] Level 1:colcon.colcon_core.environment:checking '/home/antoniousboshra/antonious_boshra_kuka_arm/install/kuka_mqtt_bridge/lib/pkgconfig/kuka_mqtt_bridge.pc'
[2.014s] Level 1:colcon.colcon_core.environment:checking '/home/antoniousboshra/antonious_boshra_kuka_arm/install/kuka_mqtt_bridge/lib/python3.10/site-packages'
[2.014s] Level 1:colcon.colcon_core.shell:create_environment_hook('kuka_mqtt_bridge', 'pythonpath')
[2.014s] INFO:colcon.colcon_core.shell:Creating environment hook '/home/antoniousboshra/antonious_boshra_kuka_arm/install/kuka_mqtt_bridge/share/kuka_mqtt_bridge/hook/pythonpath.ps1'
[2.015s] INFO:colcon.colcon_core.shell:Creating environment descriptor '/home/antoniousboshra/antonious_boshra_kuka_arm/install/kuka_mqtt_bridge/share/kuka_mqtt_bridge/hook/pythonpath.dsv'
[2.015s] INFO:colcon.colcon_core.shell:Creating environment hook '/home/antoniousboshra/antonious_boshra_kuka_arm/install/kuka_mqtt_bridge/share/kuka_mqtt_bridge/hook/pythonpath.sh'
[2.016s] Level 1:colcon.colcon_core.environment:checking '/home/antoniousboshra/antonious_boshra_kuka_arm/install/kuka_mqtt_bridge/bin'
[2.016s] Level 1:colcon.colcon_core.environment:create_environment_scripts_only(kuka_mqtt_bridge)
[2.017s] INFO:colcon.colcon_core.shell:Creating package script '/home/antoniousboshra/antonious_boshra_kuka_arm/install/kuka_mqtt_bridge/share/kuka_mqtt_bridge/package.ps1'
[2.018s] INFO:colcon.colcon_core.shell:Creating package descriptor '/home/antoniousboshra/antonious_boshra_kuka_arm/install/kuka_mqtt_bridge/share/kuka_mqtt_bridge/package.dsv'
[2.018s] INFO:colcon.colcon_core.shell:Creating package script '/home/antoniousboshra/antonious_boshra_kuka_arm/install/kuka_mqtt_bridge/share/kuka_mqtt_bridge/package.sh'
[2.019s] INFO:colcon.colcon_core.shell:Creating package script '/home/antoniousboshra/antonious_boshra_kuka_arm/install/kuka_mqtt_bridge/share/kuka_mqtt_bridge/package.bash'
[2.019s] INFO:colcon.colcon_core.shell:Creating package script '/home/antoniousboshra/antonious_boshra_kuka_arm/install/kuka_mqtt_bridge/share/kuka_mqtt_bridge/package.zsh'
[2.022s] Level 1:colcon.colcon_core.environment:create_file_with_runtime_dependencies(/home/antoniousboshra/antonious_boshra_kuka_arm/install/kuka_mqtt_bridge/share/colcon-core/packages/kuka_mqtt_bridge)
[2.023s] DEBUG:colcon.colcon_parallel_executor.executor.parallel:closing loop
[2.023s] DEBUG:colcon.colcon_parallel_executor.executor.parallel:loop closed
[2.023s] DEBUG:colcon.colcon_parallel_executor.executor.parallel:run_until_complete finished with '0'
[2.023s] DEBUG:colcon.colcon_core.event_reactor:joining thread
[2.030s] INFO:colcon.colcon_core.plugin_system:Skipping extension 'colcon_notification.desktop_notification.terminal_notifier': Not used on non-Darwin systems
[2.030s] INFO:colcon.colcon_core.plugin_system:Skipping extension 'colcon_notification.desktop_notification.win32': Not used on non-Windows systems
[2.030s] INFO:colcon.colcon_notification.desktop_notification:Sending desktop notification using 'notify2'
[2.048s] DEBUG:colcon.colcon_core.event_reactor:joined thread
[2.048s] INFO:colcon.colcon_core.shell:Creating prefix script '/home/antoniousboshra/antonious_boshra_kuka_arm/install/local_setup.ps1'
[2.050s] INFO:colcon.colcon_core.shell:Creating prefix util module '/home/antoniousboshra/antonious_boshra_kuka_arm/install/_local_setup_util_ps1.py'
[2.053s] INFO:colcon.colcon_core.shell:Creating prefix chain script '/home/antoniousboshra/antonious_boshra_kuka_arm/install/setup.ps1'
[2.055s] INFO:colcon.colcon_core.shell:Creating prefix script '/home/antoniousboshra/antonious_boshra_kuka_arm/install/local_setup.sh'
[2.056s] INFO:colcon.colcon_core.shell:Creating prefix util module '/home/antoniousboshra/antonious_boshra_kuka_arm/install/_local_setup_util_sh.py'
[2.057s] INFO:colcon.colcon_core.shell:Creating prefix chain script '/home/antoniousboshra/antonious_boshra_kuka_arm/install/setup.sh'
[2.058s] INFO:colcon.colcon_core.shell:Creating prefix script '/home/antoniousboshra/antonious_boshra_kuka_arm/install/local_setup.bash'
[2.060s] INFO:colcon.colcon_core.shell:Creating prefix chain script '/home/antoniousboshra/antonious_boshra_kuka_arm/install/setup.bash'
[2.078s] INFO:colcon.colcon_core.shell:Creating prefix script '/home/antoniousboshra/antonious_boshra_kuka_arm/install/local_setup.zsh'
[2.079s] INFO:colcon.colcon_core.shell:Creating prefix chain script '/home/antoniousboshra/antonious_boshra_kuka_arm/install/setup.zsh'
